                                     | Core 0     | Core 1     | Core 2     | Core 3     | Core 4     | Core 5     | Core 6     | Core 7     | Core 8     | Core 9     | Core 10   
  Instructions                       |   50121638 |   50100276 |   50091882 |   50095960 |   50097296 |   50098343 |   50096112 |   50096108 |   50112702 |   50096627 |   50095188
  Cycles                             |  645608600 |  645608600 |  645608600 |  645608600 |  645608600 |  645608600 |  645608600 |  645608600 |  645608600 |  645608600 |  645608600
  IPC                                |       0.08 |       0.08 |       0.08 |       0.08 |       0.08 |       0.08 |       0.08 |       0.08 |       0.08 |       0.08 |       0.08
  Time (ns)                          |  242710000 |  242710000 |  242710000 |  242710000 |  242710000 |  242710000 |  242710000 |  242710000 |  242710000 |  242710000 |  242710000
  Idle time (ns)                     |        -35 |        141 |         61 |        218 |         89 |         39 |        -35 |         73 |        165 |         61 |         39
  Idle time (%)                      |      -0.0% |       0.0% |       0.0% |       0.0% |       0.0% |       0.0% |      -0.0% |       0.0% |       0.0% |       0.0% |       0.0%
Branch predictor stats               |            |            |            |            |            |            |            |            |            |            |           
  num correct                        |   10022009 |   10017817 |   10016138 |   10016954 |   10017221 |   10017430 |   10016984 |   10016984 |   10020302 |   10017087 |   10016800
  num incorrect                      |       1517 |       1441 |       1441 |       1441 |       1441 |       1441 |       1441 |       1441 |       1441 |       1441 |       1441
  misprediction rate                 |      0.02% |      0.01% |      0.01% |      0.01% |      0.01% |      0.01% |      0.01% |      0.01% |      0.01% |      0.01% |      0.01%
  mpki                               |       0.03 |       0.03 |       0.03 |       0.03 |       0.03 |       0.03 |       0.03 |       0.03 |       0.03 |       0.03 |       0.03
TLB Summary                          |            |            |            |            |            |            |            |            |            |            |           
  I-TLB                              |            |            |            |            |            |            |            |            |            |            |           
    num accesses                     |      15334 |      15165 |      15165 |      15165 |      15165 |      15165 |      15165 |      15165 |      15165 |      15165 |      15165
    num misses                       |         52 |         48 |         48 |         48 |         48 |         48 |         48 |         48 |         48 |         48 |         48
    miss rate                        |      0.34% |      0.32% |      0.32% |      0.32% |      0.32% |      0.32% |      0.32% |      0.32% |      0.32% |      0.32% |      0.32%
    mpki                             |       0.00 |       0.00 |       0.00 |       0.00 |       0.00 |       0.00 |       0.00 |       0.00 |       0.00 |       0.00 |       0.00
  D-TLB                              |            |            |            |            |            |            |            |            |            |            |           
    num accesses                     |   60040203 |   60015261 |   60005183 |   60010088 |   60011689 |   60012942 |   60010258 |   60010265 |   60030177 |   60010886 |   60009152
    num misses                       |        128 |        126 |        126 |        126 |        126 |        126 |        126 |        126 |        126 |        126 |        126
    miss rate                        |      0.00% |      0.00% |      0.00% |      0.00% |      0.00% |      0.00% |      0.00% |      0.00% |      0.00% |      0.00% |      0.00%
    mpki                             |       0.00 |       0.00 |       0.00 |       0.00 |       0.00 |       0.00 |       0.00 |       0.00 |       0.00 |       0.00 |       0.00
  L2 TLB                             |            |            |            |            |            |            |            |            |            |            |           
    num accesses                     |        180 |        174 |        174 |        174 |        174 |        174 |        174 |        174 |        174 |        174 |        174
    num misses                       |        121 |        116 |        116 |        116 |        116 |        116 |        116 |        116 |        116 |        116 |        116
    miss rate                        |     67.22% |     66.67% |     66.67% |     66.67% |     66.67% |     66.67% |     66.67% |     66.67% |     66.67% |     66.67% |     66.67%
    mpki                             |       0.00 |       0.00 |       0.00 |       0.00 |       0.00 |       0.00 |       0.00 |       0.00 |       0.00 |       0.00 |       0.00
Cache Summary                        |            |            |            |            |            |            |            |            |            |            |           
  Cache L1-I                         |            |            |            |            |            |            |            |            |            |            |           
    num cache accesses               |      15334 |      15165 |      15165 |      15165 |      15165 |      15165 |      15165 |      15165 |      15165 |      15165 |      15165
    num cache misses                 |       5009 |       5871 |       6152 |       5894 |       6160 |       6073 |       5990 |       6185 |       5579 |       6050 |       5920
    miss rate                        |     32.67% |     38.71% |     40.57% |     38.87% |     40.62% |     40.05% |     39.50% |     40.78% |     36.79% |     39.89% |     39.04%
    mpki                             |       0.10 |       0.12 |       0.12 |       0.12 |       0.12 |       0.12 |       0.12 |       0.12 |       0.11 |       0.12 |       0.12
  Cache L1-D                         |            |            |            |            |            |            |            |            |            |            |           
    num cache accesses               |   60040203 |   60015261 |   60005183 |   60010088 |   60011689 |   60012942 |   60010258 |   60010265 |   60030177 |   60010886 |   60009152
    num cache misses                 |   17648723 |   17650387 |   17651573 |   17650445 |   17651081 |   17652609 |   17650697 |   17650586 |   17651191 |   17650024 |   17650069
    miss rate                        |     29.39% |     29.41% |     29.42% |     29.41% |     29.41% |     29.41% |     29.41% |     29.41% |     29.40% |     29.41% |     29.41%
    mpki                             |     352.12 |     352.30 |     352.38 |     352.33 |     352.34 |     352.36 |     352.34 |     352.33 |     352.23 |     352.32 |     352.33
  Cache L2                           |            |            |            |            |            |            |            |            |            |            |           
    num cache accesses               |   17653771 |   17656294 |   17657760 |   17656375 |   17657276 |   17658718 |   17656722 |   17656806 |   17656806 |   17656111 |   17656025
    num cache misses                 |   17651469 |   17653516 |   17654794 |   17653788 |   17654306 |   17655913 |   17653755 |   17653841 |   17654260 |   17653124 |   17653295
    miss rate                        |     99.99% |     99.98% |     99.98% |     99.99% |     99.98% |     99.98% |     99.98% |     99.98% |     99.99% |     99.98% |     99.98%
    mpki                             |     352.17 |     352.36 |     352.45 |     352.40 |     352.40 |     352.43 |     352.40 |     352.40 |     352.29 |     352.38 |     352.40
  Cache L3                           |            |            |            |            |            |            |            |            |            |            |           
    num cache accesses               |   17651512 |   17653554 |   17654830 |   17653827 |   17654343 |   17655952 |   17653792 |   17653879 |   17654298 |   17653163 |   17653332
    num cache misses                 |       2639 |       2568 |       2579 |       2575 |       2581 |       2568 |       2570 |       2584 |       2575 |       2579 |       2581
    miss rate                        |      0.01% |      0.01% |      0.01% |      0.01% |      0.01% |      0.01% |      0.01% |      0.01% |      0.01% |      0.01% |      0.01%
    mpki                             |       0.05 |       0.05 |       0.05 |       0.05 |       0.05 |       0.05 |       0.05 |       0.05 |       0.05 |       0.05 |       0.05
DRAM summary                         |            |            |            |            |            |            |            |            |            |            |           
  num dram accesses                  |      28757 |          0 |          0 |          0 |          0 |          0 |          0 |          0 |          0 |          0 |          0
  average dram access latency (ns)   |      90.98 |        inf |        inf |        inf |        inf |        inf |        inf |        inf |        inf |        inf |        inf
  average dram queueing delay        |      37.55 |       0.00 |       0.00 |       0.00 |       0.00 |       0.00 |       0.00 |       0.00 |       0.00 |       0.00 |       0.00
  average dram bandwidth utilization |      0.00% |      0.00% |      0.00% |      0.00% |      0.00% |      0.00% |      0.00% |      0.00% |      0.00% |      0.00% |      0.00%
Coherency Traffic                    |            |            |            |            |            |            |            |            |            |            |           
  num loads from dram                |       1293 |       1285 |       1302 |       1293 |       1302 |       1293 |       1297 |       1304 |       1298 |       1305 |       1303
  num loads from dram cache          |          0 |          0 |          0 |          0 |          0 |          0 |          0 |          0 |          0 |          0 |          0
  num loads from remote cache        |          0 |          0 |          0 |          0 |          0 |          0 |          0 |          0 |          0 |          0 |          0
