                                     | Core 0     | Core 1     | Core 2     | Core 3     | Core 4     | Core 5     | Core 6     | Core 7     | Core 8     | Core 9     | Core 10    | Core 11    | Core 12    | Core 13   
  Instructions                       |     121086 |     121027 |     120971 |     121438 |     121425 |     121661 |     121356 |     121404 |     121399 |     121264 |     121117 |     121315 |     121135 |     121079
  Cycles                             |     500612 |     500612 |     500612 |     500612 |     500612 |     500612 |     500612 |     500612 |     500612 |     500612 |     500612 |     500612 |     500612 |     500612
  IPC                                |       0.24 |       0.24 |       0.24 |       0.24 |       0.24 |       0.24 |       0.24 |       0.24 |       0.24 |       0.24 |       0.24 |       0.24 |       0.24 |       0.24
  Time (ns)                          |     188200 |     188200 |     188200 |     188200 |     188200 |     188200 |     188200 |     188200 |     188200 |     188200 |     188200 |     188200 |     188200 |     188200
  Idle time (ns)                     |        -21 |         29 |        -30 |        101 |         91 |        -52 |         95 |        157 |        -21 |        -30 |         88 |         55 |         45 |        129
  Idle time (%)                      |      -0.0% |       0.0% |      -0.0% |       0.1% |       0.0% |      -0.0% |       0.1% |       0.1% |      -0.0% |      -0.0% |       0.0% |       0.0% |       0.0% |       0.1%
Branch predictor stats               |            |            |            |            |            |            |            |            |            |            |            |            |            |           
  num correct                        |      21963 |      21952 |      21947 |      22000 |      22000 |      22023 |      21995 |      22000 |      21999 |      21981 |      21966 |      21988 |      21966 |      21960
  num incorrect                      |       1455 |       1454 |       1448 |       1483 |       1482 |       1503 |       1473 |       1482 |       1482 |       1465 |       1458 |       1470 |       1458 |       1455
  misprediction rate                 |      6.21% |      6.21% |      6.19% |      6.32% |      6.31% |      6.39% |      6.28% |      6.31% |      6.31% |      6.25% |      6.22% |      6.27% |      6.22% |      6.21%
  mpki                               |      12.02 |      12.01 |      11.97 |      12.21 |      12.21 |      12.35 |      12.14 |      12.21 |      12.21 |      12.08 |      12.04 |      12.12 |      12.04 |      12.02
TLB Summary                          |            |            |            |            |            |            |            |            |            |            |            |            |            |           
  I-TLB                              |            |            |            |            |            |            |            |            |            |            |            |            |            |           
    num accesses                     |      15228 |      15217 |      15202 |      15293 |      15291 |      15330 |      15277 |      15287 |      15286 |      15259 |      15237 |      15270 |      15241 |      15226
    num misses                       |         49 |         49 |         49 |         51 |         51 |         52 |         50 |         50 |         50 |         50 |         49 |         50 |         49 |         49
    miss rate                        |      0.32% |      0.32% |      0.32% |      0.33% |      0.33% |      0.34% |      0.33% |      0.33% |      0.33% |      0.33% |      0.32% |      0.33% |      0.32% |      0.32%
    mpki                             |       0.40 |       0.40 |       0.41 |       0.42 |       0.42 |       0.43 |       0.41 |       0.41 |       0.41 |       0.41 |       0.40 |       0.41 |       0.40 |       0.40
  D-TLB                              |            |            |            |            |            |            |            |            |            |            |            |            |            |           
    num accesses                     |      39990 |      39969 |      39954 |      40166 |      40158 |      40224 |      40121 |      40145 |      40142 |      40079 |      40003 |      40100 |      40014 |      39989
    num misses                       |        117 |        117 |        117 |        118 |        118 |        118 |        118 |        118 |        118 |        118 |        117 |        118 |        117 |        117
    miss rate                        |      0.29% |      0.29% |      0.29% |      0.29% |      0.29% |      0.29% |      0.29% |      0.29% |      0.29% |      0.29% |      0.29% |      0.29% |      0.29% |      0.29%
    mpki                             |       0.97 |       0.97 |       0.97 |       0.97 |       0.97 |       0.97 |       0.97 |       0.97 |       0.97 |       0.97 |       0.97 |       0.97 |       0.97 |       0.97
  L2 TLB                             |            |            |            |            |            |            |            |            |            |            |            |            |            |           
    num accesses                     |        166 |        166 |        166 |        169 |        169 |        170 |        168 |        168 |        168 |        168 |        166 |        168 |        166 |        166
    num misses                       |        117 |        117 |        117 |        120 |        120 |        121 |        119 |        119 |        119 |        119 |        117 |        119 |        117 |        117
    miss rate                        |     70.48% |     70.48% |     70.48% |     71.01% |     71.01% |     71.18% |     70.83% |     70.83% |     70.83% |     70.83% |     70.48% |     70.83% |     70.48% |     70.48%
    mpki                             |       0.97 |       0.97 |       0.97 |       0.99 |       0.99 |       0.99 |       0.98 |       0.98 |       0.98 |       0.98 |       0.97 |       0.98 |       0.97 |       0.97
Cache Summary                        |            |            |            |            |            |            |            |            |            |            |            |            |            |           
  Cache L1-I                         |            |            |            |            |            |            |            |            |            |            |            |            |            |           
    num cache accesses               |      15228 |      15217 |      15202 |      15293 |      15291 |      15330 |      15277 |      15287 |      15286 |      15259 |      15237 |      15270 |      15241 |      15226
    num cache misses                 |          0 |          0 |          0 |          0 |          0 |          0 |          0 |          0 |          0 |          0 |          0 |          0 |          0 |          0
    miss rate                        |      0.00% |      0.00% |      0.00% |      0.00% |      0.00% |      0.00% |      0.00% |      0.00% |      0.00% |      0.00% |      0.00% |      0.00% |      0.00% |      0.00%
    mpki                             |       0.00 |       0.00 |       0.00 |       0.00 |       0.00 |       0.00 |       0.00 |       0.00 |       0.00 |       0.00 |       0.00 |       0.00 |       0.00 |       0.00
  Cache L1-D                         |            |            |            |            |            |            |            |            |            |            |            |            |            |           
    num cache accesses               |      39990 |      39969 |      39954 |      40166 |      40158 |      40224 |      40121 |      40145 |      40142 |      40079 |      40003 |      40100 |      40014 |      39989
    num cache misses                 |          0 |          0 |          0 |          0 |          0 |          0 |          0 |          0 |          0 |          0 |          0 |          0 |          0 |          0
    miss rate                        |      0.00% |      0.00% |      0.00% |      0.00% |      0.00% |      0.00% |      0.00% |      0.00% |      0.00% |      0.00% |      0.00% |      0.00% |      0.00% |      0.00%
    mpki                             |       0.00 |       0.00 |       0.00 |       0.00 |       0.00 |       0.00 |       0.00 |       0.00 |       0.00 |       0.00 |       0.00 |       0.00 |       0.00 |       0.00
  Cache L2                           |            |            |            |            |            |            |            |            |            |            |            |            |            |           
    num cache accesses               |          0 |          0 |          0 |          0 |          0 |          0 |          0 |          0 |          0 |          0 |          0 |          0 |          0 |          0
    num cache misses                 |          0 |          0 |          0 |          0 |          0 |          0 |          0 |          0 |          0 |          0 |          0 |          0 |          0 |          0
    miss rate                        |       inf% |       inf% |       inf% |       inf% |       inf% |       inf% |       inf% |       inf% |       inf% |       inf% |       inf% |       inf% |       inf% |       inf%
    mpki                             |       0.00 |       0.00 |       0.00 |       0.00 |       0.00 |       0.00 |       0.00 |       0.00 |       0.00 |       0.00 |       0.00 |       0.00 |       0.00 |       0.00
  Cache L3                           |            |            |            |            |            |            |            |            |            |            |            |            |            |           
    num cache accesses               |          0 |          0 |          0 |          0 |          0 |          0 |          0 |          0 |          0 |          0 |          0 |          0 |          0 |          0
    num cache misses                 |          0 |          0 |          0 |          0 |          0 |          0 |          0 |          0 |          0 |          0 |          0 |          0 |          0 |          0
    miss rate                        |       inf% |       inf% |       inf% |       inf% |       inf% |       inf% |       inf% |       inf% |       inf% |       inf% |       inf% |       inf% |       inf% |       inf%
    mpki                             |       0.00 |       0.00 |       0.00 |       0.00 |       0.00 |       0.00 |       0.00 |       0.00 |       0.00 |       0.00 |       0.00 |       0.00 |       0.00 |       0.00
DRAM summary                         |            |            |            |            |            |            |            |            |            |            |            |            |            |           
  num dram accesses                  |          0 |          0 |          0 |          0 |          0 |          0 |          0 |          0 |          0 |          0 |          0 |          0 |          0 |          0
  average dram access latency (ns)   |        inf |        inf |        inf |        inf |        inf |        inf |        inf |        inf |        inf |        inf |        inf |        inf |        inf |        inf
  average dram queueing delay        |       0.00 |       0.00 |       0.00 |       0.00 |       0.00 |       0.00 |       0.00 |       0.00 |       0.00 |       0.00 |       0.00 |       0.00 |       0.00 |       0.00
  average dram bandwidth utilization |      0.00% |      0.00% |      0.00% |      0.00% |      0.00% |      0.00% |      0.00% |      0.00% |      0.00% |      0.00% |      0.00% |      0.00% |      0.00% |      0.00%
Coherency Traffic                    |            |            |            |            |            |            |            |            |            |            |            |            |            |           
  num loads from dram                |          0 |          0 |          0 |          0 |          0 |          0 |          0 |          0 |          0 |          0 |          0 |          0 |          0 |          0
  num loads from dram cache          |          0 |          0 |          0 |          0 |          0 |          0 |          0 |          0 |          0 |          0 |          0 |          0 |          0 |          0
  num loads from remote cache        |          0 |          0 |          0 |          0 |          0 |          0 |          0 |          0 |          0 |          0 |          0 |          0 |          0 |          0
