                                     | Core 0     | Core 1     | Core 2     | Core 3     | Core 4     | Core 5     | Core 6     | Core 7     | Core 8     | Core 9    
  Instructions                       |   40120943 |   40121747 |   40121534 |   40121656 |   40121521 |   40121390 |   40121301 |   40121301 |   40121189 |   40121058
  Cycles                             |  133684950 |  133684950 |  133684950 |  133684950 |  133684950 |  133684950 |  133684950 |  133684950 |  133684950 |  133684950
  IPC                                |       0.30 |       0.30 |       0.30 |       0.30 |       0.30 |       0.30 |       0.30 |       0.30 |       0.30 |       0.30
  Time (ns)                          |   50257500 |   50257500 |   50257500 |   50257500 |   50257500 |   50257500 |   50257500 |   50257500 |   50257500 |   50257500
  Idle time (ns)                     |         52 |        -22 |         52 |         15 |          4 |         14 |         -2 |        -22 |         35 |          4
  Idle time (%)                      |       0.0% |      -0.0% |       0.0% |       0.0% |       0.0% |       0.0% |      -0.0% |      -0.0% |       0.0% |       0.0%
Branch predictor stats               |            |            |            |            |            |            |            |            |            |           
  num correct                        |   10021926 |   10022006 |   10021991 |   10022006 |   10021987 |   10021976 |   10021964 |   10021957 |   10021951 |   10021934
  num incorrect                      |       1455 |       1519 |       1503 |       1519 |       1502 |       1488 |       1480 |       1473 |       1473 |       1468
  misprediction rate                 |      0.01% |      0.02% |      0.01% |      0.02% |      0.01% |      0.01% |      0.01% |      0.01% |      0.01% |      0.01%
  mpki                               |       0.04 |       0.04 |       0.04 |       0.04 |       0.04 |       0.04 |       0.04 |       0.04 |       0.04 |       0.04
TLB Summary                          |            |            |            |            |            |            |            |            |            |           
  I-TLB                              |            |            |            |            |            |            |            |            |            |           
    num accesses                     |   20015191 |   20015334 |   20015308 |   20015332 |   20015303 |   20015280 |   20015261 |   20015250 |   20015245 |   20015216
    num misses                       |         49 |         52 |         51 |         51 |         51 |         50 |         50 |         49 |         49 |         49
    miss rate                        |      0.00% |      0.00% |      0.00% |      0.00% |      0.00% |      0.00% |      0.00% |      0.00% |      0.00% |      0.00%
    mpki                             |       0.00 |       0.00 |       0.00 |       0.00 |       0.00 |       0.00 |       0.00 |       0.00 |       0.00 |       0.00
  D-TLB                              |            |            |            |            |            |            |            |            |            |           
    num accesses                     |      39933 |      40247 |      40198 |      40253 |      40191 |      40126 |      40084 |      40032 |      40027 |      39974
    num misses                       |         73 |         74 |         74 |         74 |         74 |         74 |         74 |         73 |         73 |         73
    miss rate                        |      0.18% |      0.18% |      0.18% |      0.18% |      0.18% |      0.18% |      0.18% |      0.18% |      0.18% |      0.18%
    mpki                             |       0.00 |       0.00 |       0.00 |       0.00 |       0.00 |       0.00 |       0.00 |       0.00 |       0.00 |       0.00
  L2 TLB                             |            |            |            |            |            |            |            |            |            |           
    num accesses                     |        122 |        126 |        125 |        125 |        125 |        124 |        124 |        122 |        122 |        122
    num misses                       |        118 |        122 |        121 |        121 |        121 |        120 |        120 |        118 |        118 |        118
    miss rate                        |     96.72% |     96.83% |     96.80% |     96.80% |     96.80% |     96.77% |     96.77% |     96.72% |     96.72% |     96.72%
    mpki                             |       0.00 |       0.00 |       0.00 |       0.00 |       0.00 |       0.00 |       0.00 |       0.00 |       0.00 |       0.00
Cache Summary                        |            |            |            |            |            |            |            |            |            |           
  Cache L1-I                         |            |            |            |            |            |            |            |            |            |           
    num cache accesses               |   20015191 |   20015334 |   20015308 |   20015332 |   20015303 |   20015280 |   20015261 |   20015250 |   20015245 |   20015216
    num cache misses                 |          0 |          0 |          0 |          0 |          0 |          0 |          0 |          0 |          0 |          0
    miss rate                        |      0.00% |      0.00% |      0.00% |      0.00% |      0.00% |      0.00% |      0.00% |      0.00% |      0.00% |      0.00%
    mpki                             |       0.00 |       0.00 |       0.00 |       0.00 |       0.00 |       0.00 |       0.00 |       0.00 |       0.00 |       0.00
  Cache L1-D                         |            |            |            |            |            |            |            |            |            |           
    num cache accesses               |      39933 |      40247 |      40198 |      40253 |      40191 |      40126 |      40084 |      40032 |      40027 |      39974
    num cache misses                 |          0 |          0 |          0 |          0 |          0 |          0 |          0 |          0 |          0 |          0
    miss rate                        |      0.00% |      0.00% |      0.00% |      0.00% |      0.00% |      0.00% |      0.00% |      0.00% |      0.00% |      0.00%
    mpki                             |       0.00 |       0.00 |       0.00 |       0.00 |       0.00 |       0.00 |       0.00 |       0.00 |       0.00 |       0.00
  Cache L2                           |            |            |            |            |            |            |            |            |            |           
    num cache accesses               |          0 |          0 |          0 |          0 |          0 |          0 |          0 |          0 |          0 |          0
    num cache misses                 |          0 |          0 |          0 |          0 |          0 |          0 |          0 |          0 |          0 |          0
    miss rate                        |       inf% |       inf% |       inf% |       inf% |       inf% |       inf% |       inf% |       inf% |       inf% |       inf%
    mpki                             |       0.00 |       0.00 |       0.00 |       0.00 |       0.00 |       0.00 |       0.00 |       0.00 |       0.00 |       0.00
  Cache L3                           |            |            |            |            |            |            |            |            |            |           
    num cache accesses               |          0 |          0 |          0 |          0 |          0 |          0 |          0 |          0 |          0 |          0
    num cache misses                 |          0 |          0 |          0 |          0 |          0 |          0 |          0 |          0 |          0 |          0
    miss rate                        |       inf% |       inf% |       inf% |       inf% |       inf% |       inf% |       inf% |       inf% |       inf% |       inf%
    mpki                             |       0.00 |       0.00 |       0.00 |       0.00 |       0.00 |       0.00 |       0.00 |       0.00 |       0.00 |       0.00
DRAM summary                         |            |            |            |            |            |            |            |            |            |           
  num dram accesses                  |          0 |          0 |          0 |          0 |          0 |          0 |          0 |          0 |          0 |          0
  average dram access latency (ns)   |        inf |        inf |        inf |        inf |        inf |        inf |        inf |        inf |        inf |        inf
  average dram queueing delay        |       0.00 |       0.00 |       0.00 |       0.00 |       0.00 |       0.00 |       0.00 |       0.00 |       0.00 |       0.00
  average dram bandwidth utilization |      0.00% |      0.00% |      0.00% |      0.00% |      0.00% |      0.00% |      0.00% |      0.00% |      0.00% |      0.00%
Coherency Traffic                    |            |            |            |            |            |            |            |            |            |           
  num loads from dram                |          0 |          0 |          0 |          0 |          0 |          0 |          0 |          0 |          0 |          0
  num loads from dram cache          |          0 |          0 |          0 |          0 |          0 |          0 |          0 |          0 |          0 |          0
  num loads from remote cache        |          0 |          0 |          0 |          0 |          0 |          0 |          0 |          0 |          0 |          0
