                                     | Core 0     | Core 1     | Core 2     | Core 3     | Core 4     | Core 5     | Core 6     | Core 7     | Core 8     | Core 9     | Core 10    | Core 11    | Core 12   
  Instructions                       |    9828886 |    9743789 |    9750597 |    9843690 |    9856031 |    9780135 |    9780152 |    9833104 |    9775674 |    9802691 |    9893094 |    9775323 |    9798830
  Cycles                             |  121381386 |  121381386 |  121381386 |  121381386 |  121381386 |  121381386 |  121381386 |  121381386 |  121381386 |  121381386 |  121381386 |  121381386 |  121381386
  IPC                                |       0.08 |       0.08 |       0.08 |       0.08 |       0.08 |       0.08 |       0.08 |       0.08 |       0.08 |       0.08 |       0.08 |       0.08 |       0.08
  Time (ns)                          |   45632100 |   45632100 |   45632100 |   45632100 |   45632100 |   45632100 |   45632100 |   45632100 |   45632100 |   45632100 |   45632100 |   45632100 |   45632100
  Idle time (ns)                     |        411 |        111 |         36 |        149 |        283 |        -62 |         36 |        116 |        363 |        273 |        -62 |        396 |        392
  Idle time (%)                      |       0.0% |       0.0% |       0.0% |       0.0% |       0.0% |      -0.0% |       0.0% |       0.0% |       0.0% |       0.0% |      -0.0% |       0.0% |       0.0%
Branch predictor stats               |            |            |            |            |            |            |            |            |            |            |            |            |           
  num correct                        |     285560 |     283202 |     283391 |     285970 |     286312 |     284208 |     284209 |     285676 |     284085 |     284834 |     287362 |     284075 |     284727
  num incorrect                      |        974 |        974 |        974 |        974 |        974 |        974 |        974 |        974 |        974 |        974 |       1015 |        974 |        974
  misprediction rate                 |      0.34% |      0.34% |      0.34% |      0.34% |      0.34% |      0.34% |      0.34% |      0.34% |      0.34% |      0.34% |      0.35% |      0.34% |      0.34%
  mpki                               |       0.10 |       0.10 |       0.10 |       0.10 |       0.10 |       0.10 |       0.10 |       0.10 |       0.10 |       0.10 |       0.10 |       0.10 |       0.10
TLB Summary                          |            |            |            |            |            |            |            |            |            |            |            |            |           
  I-TLB                              |            |            |            |            |            |            |            |            |            |            |            |            |           
    num accesses                     |    1079202 |    1069914 |    1070658 |    1080818 |    1082165 |    1073879 |    1073882 |    1079661 |    1073393 |    1076343 |    1086228 |    1073355 |    1075921
    num misses                       |         40 |         40 |         40 |         40 |         40 |         40 |         40 |         40 |         40 |         40 |         43 |         40 |         40
    miss rate                        |      0.00% |      0.00% |      0.00% |      0.00% |      0.00% |      0.00% |      0.00% |      0.00% |      0.00% |      0.00% |      0.00% |      0.00% |      0.00%
    mpki                             |       0.00 |       0.00 |       0.00 |       0.00 |       0.00 |       0.00 |       0.00 |       0.00 |       0.00 |       0.00 |       0.00 |       0.00 |       0.00
  D-TLB                              |            |            |            |            |            |            |            |            |            |            |            |            |           
    num accesses                     |    4535111 |    4495955 |    4499090 |    4541923 |    4547602 |    4512667 |    4512688 |    4537050 |    4510628 |    4523059 |    4564604 |    4510468 |    4521280
    num misses                       |         32 |         32 |         32 |         32 |         32 |         32 |         32 |         32 |         32 |         32 |         32 |         32 |         32
    miss rate                        |      0.00% |      0.00% |      0.00% |      0.00% |      0.00% |      0.00% |      0.00% |      0.00% |      0.00% |      0.00% |      0.00% |      0.00% |      0.00%
    mpki                             |       0.00 |       0.00 |       0.00 |       0.00 |       0.00 |       0.00 |       0.00 |       0.00 |       0.00 |       0.00 |       0.00 |       0.00 |       0.00
  L2 TLB                             |            |            |            |            |            |            |            |            |            |            |            |            |           
    num accesses                     |         72 |         72 |         72 |         72 |         72 |         72 |         72 |         72 |         72 |         72 |         75 |         72 |         72
    num misses                       |         72 |         72 |         72 |         72 |         72 |         72 |         72 |         72 |         72 |         72 |         75 |         72 |         72
    miss rate                        |    100.00% |    100.00% |    100.00% |    100.00% |    100.00% |    100.00% |    100.00% |    100.00% |    100.00% |    100.00% |    100.00% |    100.00% |    100.00%
    mpki                             |       0.01 |       0.01 |       0.01 |       0.01 |       0.01 |       0.01 |       0.01 |       0.01 |       0.01 |       0.01 |       0.01 |       0.01 |       0.01
Cache Summary                        |            |            |            |            |            |            |            |            |            |            |            |            |           
  Cache L1-I                         |            |            |            |            |            |            |            |            |            |            |            |            |           
    num cache accesses               |    1079202 |    1069914 |    1070658 |    1080818 |    1082165 |    1073879 |    1073882 |    1079661 |    1073393 |    1076343 |    1086228 |    1073355 |    1075921
    num cache misses                 |     369735 |     361125 |     358105 |     358476 |     356685 |     353473 |     352220 |     352976 |     350391 |     350519 |     352587 |     348710 |     349153
    miss rate                        |     34.26% |     33.75% |     33.45% |     33.17% |     32.96% |     32.92% |     32.80% |     32.69% |     32.64% |     32.57% |     32.46% |     32.49% |     32.45%
    mpki                             |      37.62 |      37.06 |      36.73 |      36.42 |      36.19 |      36.14 |      36.01 |      35.90 |      35.84 |      35.76 |      35.64 |      35.67 |      35.63
  Cache L1-D                         |            |            |            |            |            |            |            |            |            |            |            |            |           
    num cache accesses               |    4535111 |    4495955 |    4499090 |    4541923 |    4547602 |    4512667 |    4512688 |    4537050 |    4510628 |    4523059 |    4564604 |    4510468 |    4521280
    num cache misses                 |    2460121 |    2535907 |    2556303 |    2476991 |    2475450 |    2580988 |    2584808 |    2457460 |    2584411 |    2558192 |    2427675 |    2577846 |    2565436
    miss rate                        |     54.25% |     56.40% |     56.82% |     54.54% |     54.43% |     57.19% |     57.28% |     54.16% |     57.30% |     56.56% |     53.18% |     57.15% |     56.74%
    mpki                             |     250.29 |     260.26 |     262.17 |     251.63 |     251.16 |     263.90 |     264.29 |     249.92 |     264.37 |     260.97 |     245.39 |     263.71 |     261.81
  Cache L2                           |            |            |            |            |            |            |            |            |            |            |            |            |           
    num cache accesses               |    2829869 |    2897045 |    2914422 |    2835480 |    2832150 |    2934475 |    2937041 |    2810450 |    2934814 |    2908725 |    2780279 |    2926569 |    2914602
    num cache misses                 |    2542434 |    2598106 |    2600639 |    2576414 |    2565384 |    2605598 |    2605242 |    2604208 |    2602267 |    2604511 |    2561255 |    2598392 |    2604191
    miss rate                        |     89.84% |     89.68% |     89.23% |     90.86% |     90.58% |     88.79% |     88.70% |     92.66% |     88.67% |     89.54% |     92.12% |     88.79% |     89.35%
    mpki                             |     258.67 |     266.64 |     266.72 |     261.73 |     260.29 |     266.42 |     266.38 |     264.84 |     266.20 |     265.69 |     258.89 |     265.81 |     265.77
  Cache L3                           |            |            |            |            |            |            |            |            |            |            |            |            |           
    num cache accesses               |    2542449 |    2598120 |    2600656 |    2576428 |    2565401 |    2605612 |    2605258 |    2604222 |    2602282 |    2604526 |    2561272 |    2598408 |    2604206
    num cache misses                 |       1488 |       1489 |       1491 |       1492 |       1492 |       1492 |       1489 |       1491 |       1489 |       1489 |       1539 |       1487 |       1489
    miss rate                        |      0.06% |      0.06% |      0.06% |      0.06% |      0.06% |      0.06% |      0.06% |      0.06% |      0.06% |      0.06% |      0.06% |      0.06% |      0.06%
    mpki                             |       0.15 |       0.15 |       0.15 |       0.15 |       0.15 |       0.15 |       0.15 |       0.15 |       0.15 |       0.15 |       0.16 |       0.15 |       0.15
DRAM summary                         |            |            |            |            |            |            |            |            |            |            |            |            |           
  num dram accesses                  |      19468 |          0 |          0 |          0 |          0 |          0 |          0 |          0 |          0 |          0 |          0 |          0 |          0
  average dram access latency (ns)   |      86.18 |        inf |        inf |        inf |        inf |        inf |        inf |        inf |        inf |        inf |        inf |        inf |        inf
  average dram queueing delay        |      32.75 |       0.00 |       0.00 |       0.00 |       0.00 |       0.00 |       0.00 |       0.00 |       0.00 |       0.00 |       0.00 |       0.00 |       0.00
  average dram bandwidth utilization |      0.00% |      0.00% |      0.00% |      0.00% |      0.00% |      0.00% |      0.00% |      0.00% |      0.00% |      0.00% |      0.00% |      0.00% |      0.00%
Coherency Traffic                    |            |            |            |            |            |            |            |            |            |            |            |            |           
  num loads from dram                |        627 |        686 |        661 |        668 |        648 |        689 |        662 |        691 |        658 |        674 |        659 |        669 |        667
  num loads from dram cache          |          0 |          0 |          0 |          0 |          0 |          0 |          0 |          0 |          0 |          0 |          0 |          0 |          0
  num loads from remote cache        |          0 |          0 |          0 |          0 |          0 |          0 |          0 |          0 |          0 |          0 |          0 |          0 |          0
