                                     | Core 0     | Core 1     | Core 2     | Core 3     | Core 4     | Core 5     | Core 6     | Core 7     | Core 8     | Core 9     | Core 10    | Core 11   
  Instructions                       |   60121693 |   60121576 |   60121524 |   60121429 |   60121370 |   60121235 |   60121256 |   60121137 |   60121080 |   60120968 |   60120937 |   60120792
  Cycles                             |  240420376 |  240420376 |  240420376 |  240420376 |  240420376 |  240420376 |  240420376 |  240420376 |  240420376 |  240420376 |  240420376 |  240420376
  IPC                                |       0.25 |       0.25 |       0.25 |       0.25 |       0.25 |       0.25 |       0.25 |       0.25 |       0.25 |       0.25 |       0.25 |       0.25
  Time (ns)                          |   90383600 |   90383600 |   90383600 |   90383600 |   90383600 |   90383600 |   90383600 |   90383600 |   90383600 |   90383600 |   90383600 |   90383600
  Idle time (ns)                     |        -21 |         69 |         58 |         61 |         -8 |         61 |        -21 |         34 |         -8 |         51 |        -18 |        111
  Idle time (%)                      |      -0.0% |       0.0% |       0.0% |       0.0% |      -0.0% |       0.0% |      -0.0% |       0.0% |      -0.0% |       0.0% |      -0.0% |       0.0%
Branch predictor stats               |            |            |            |            |            |            |            |            |            |            |            |           
  num correct                        |   10022009 |   10022006 |   10022000 |   10021986 |   10021981 |   10021965 |   10021963 |   10021952 |   10021946 |   10021932 |   10021929 |   10021915
  num incorrect                      |       1517 |       1512 |       1507 |       1496 |       1489 |       1476 |       1475 |       1472 |       1469 |       1462 |       1456 |       1450
  misprediction rate                 |      0.02% |      0.02% |      0.02% |      0.01% |      0.01% |      0.01% |      0.01% |      0.01% |      0.01% |      0.01% |      0.01% |      0.01%
  mpki                               |       0.03 |       0.03 |       0.03 |       0.02 |       0.02 |       0.02 |       0.02 |       0.02 |       0.02 |       0.02 |       0.02 |       0.02
TLB Summary                          |            |            |            |            |            |            |            |            |            |            |            |           
  I-TLB                              |            |            |            |            |            |            |            |            |            |            |            |           
    num accesses                     |      15333 |      15326 |      15317 |      15294 |      15283 |      15255 |      15252 |      15243 |      15228 |      15203 |      15195 |      15182
    num misses                       |         52 |         51 |         51 |         51 |         50 |         50 |         49 |         49 |         49 |         49 |         49 |         49
    miss rate                        |      0.34% |      0.33% |      0.33% |      0.33% |      0.33% |      0.33% |      0.32% |      0.32% |      0.32% |      0.32% |      0.32% |      0.32%
    mpki                             |       0.00 |       0.00 |       0.00 |       0.00 |       0.00 |       0.00 |       0.00 |       0.00 |       0.00 |       0.00 |       0.00 |       0.00
  D-TLB                              |            |            |            |            |            |            |            |            |            |            |            |           
    num accesses                     |      40244 |      40240 |      40216 |      40167 |      40119 |      40066 |      40031 |      40024 |      39994 |      39963 |      39948 |      39891
    num misses                       |         76 |         76 |         76 |         76 |         76 |         76 |         75 |         75 |         75 |         75 |         75 |         75
    miss rate                        |      0.19% |      0.19% |      0.19% |      0.19% |      0.19% |      0.19% |      0.19% |      0.19% |      0.19% |      0.19% |      0.19% |      0.19%
    mpki                             |       0.00 |       0.00 |       0.00 |       0.00 |       0.00 |       0.00 |       0.00 |       0.00 |       0.00 |       0.00 |       0.00 |       0.00
  L2 TLB                             |            |            |            |            |            |            |            |            |            |            |            |           
    num accesses                     |        128 |        127 |        127 |        127 |        126 |        126 |        124 |        124 |        124 |        124 |        124 |        124
    num misses                       |        123 |        122 |        122 |        122 |        121 |        121 |        119 |        119 |        119 |        119 |        119 |        119
    miss rate                        |     96.09% |     96.06% |     96.06% |     96.06% |     96.03% |     96.03% |     95.97% |     95.97% |     95.97% |     95.97% |     95.97% |     95.97%
    mpki                             |       0.00 |       0.00 |       0.00 |       0.00 |       0.00 |       0.00 |       0.00 |       0.00 |       0.00 |       0.00 |       0.00 |       0.00
Cache Summary                        |            |            |            |            |            |            |            |            |            |            |            |           
  Cache L1-I                         |            |            |            |            |            |            |            |            |            |            |            |           
    num cache accesses               |      15333 |      15326 |      15317 |      15294 |      15283 |      15255 |      15252 |      15243 |      15228 |      15203 |      15195 |      15182
    num cache misses                 |          0 |          0 |          0 |          0 |          0 |          0 |          0 |          0 |          0 |          0 |          0 |          0
    miss rate                        |      0.00% |      0.00% |      0.00% |      0.00% |      0.00% |      0.00% |      0.00% |      0.00% |      0.00% |      0.00% |      0.00% |      0.00%
    mpki                             |       0.00 |       0.00 |       0.00 |       0.00 |       0.00 |       0.00 |       0.00 |       0.00 |       0.00 |       0.00 |       0.00 |       0.00
  Cache L1-D                         |            |            |            |            |            |            |            |            |            |            |            |           
    num cache accesses               |      40244 |      40240 |      40216 |      40167 |      40119 |      40066 |      40031 |      40024 |      39994 |      39963 |      39948 |      39891
    num cache misses                 |          0 |          0 |          0 |          0 |          0 |          0 |          0 |          0 |          0 |          0 |          0 |          0
    miss rate                        |      0.00% |      0.00% |      0.00% |      0.00% |      0.00% |      0.00% |      0.00% |      0.00% |      0.00% |      0.00% |      0.00% |      0.00%
    mpki                             |       0.00 |       0.00 |       0.00 |       0.00 |       0.00 |       0.00 |       0.00 |       0.00 |       0.00 |       0.00 |       0.00 |       0.00
  Cache L2                           |            |            |            |            |            |            |            |            |            |            |            |           
    num cache accesses               |          0 |          0 |          0 |          0 |          0 |          0 |          0 |          0 |          0 |          0 |          0 |          0
    num cache misses                 |          0 |          0 |          0 |          0 |          0 |          0 |          0 |          0 |          0 |          0 |          0 |          0
    miss rate                        |       inf% |       inf% |       inf% |       inf% |       inf% |       inf% |       inf% |       inf% |       inf% |       inf% |       inf% |       inf%
    mpki                             |       0.00 |       0.00 |       0.00 |       0.00 |       0.00 |       0.00 |       0.00 |       0.00 |       0.00 |       0.00 |       0.00 |       0.00
  Cache L3                           |            |            |            |            |            |            |            |            |            |            |            |           
    num cache accesses               |          0 |          0 |          0 |          0 |          0 |          0 |          0 |          0 |          0 |          0 |          0 |          0
    num cache misses                 |          0 |          0 |          0 |          0 |          0 |          0 |          0 |          0 |          0 |          0 |          0 |          0
    miss rate                        |       inf% |       inf% |       inf% |       inf% |       inf% |       inf% |       inf% |       inf% |       inf% |       inf% |       inf% |       inf%
    mpki                             |       0.00 |       0.00 |       0.00 |       0.00 |       0.00 |       0.00 |       0.00 |       0.00 |       0.00 |       0.00 |       0.00 |       0.00
DRAM summary                         |            |            |            |            |            |            |            |            |            |            |            |           
  num dram accesses                  |          0 |          0 |          0 |          0 |          0 |          0 |          0 |          0 |          0 |          0 |          0 |          0
  average dram access latency (ns)   |        inf |        inf |        inf |        inf |        inf |        inf |        inf |        inf |        inf |        inf |        inf |        inf
  average dram queueing delay        |       0.00 |       0.00 |       0.00 |       0.00 |       0.00 |       0.00 |       0.00 |       0.00 |       0.00 |       0.00 |       0.00 |       0.00
  average dram bandwidth utilization |      0.00% |      0.00% |      0.00% |      0.00% |      0.00% |      0.00% |      0.00% |      0.00% |      0.00% |      0.00% |      0.00% |      0.00%
Coherency Traffic                    |            |            |            |            |            |            |            |            |            |            |            |           
  num loads from dram                |          0 |          0 |          0 |          0 |          0 |          0 |          0 |          0 |          0 |          0 |          0 |          0
  num loads from dram cache          |          0 |          0 |          0 |          0 |          0 |          0 |          0 |          0 |          0 |          0 |          0 |          0
  num loads from remote cache        |          0 |          0 |          0 |          0 |          0 |          0 |          0 |          0 |          0 |          0 |          0 |          0
