                                     | Core 0     | Core 1     | Core 2     | Core 3     | Core 4     | Core 5     | Core 6     | Core 7     | Core 8     | Core 9     | Core 10    | Core 11    | Core 12    | Core 13    | Core 14   
  Instructions                       |    6602145 |    6715162 |    6597528 |    6598817 |    6728783 |    6591254 |    6599175 |    6613287 |    6617811 |    6626190 |    6714261 |    6605461 |    6597999 |    6599657 |    6702598
  Cycles                             |   60709978 |   60709978 |   60709978 |   60709978 |   60709978 |   60709978 |   60709978 |   60709978 |   60709978 |   60709978 |   60709978 |   60709978 |   60709978 |   60709978 |   60709978
  IPC                                |       0.11 |       0.11 |       0.11 |       0.11 |       0.11 |       0.11 |       0.11 |       0.11 |       0.11 |       0.11 |       0.11 |       0.11 |       0.11 |       0.11 |       0.11
  Time (ns)                          |   22823300 |   22823300 |   22823300 |   22823300 |   22823300 |   22823300 |   22823300 |   22823300 |   22823300 |   22823300 |   22823300 |   22823300 |   22823300 |   22823300 |   22823300
  Idle time (ns)                     |        -14 |        152 |        152 |        228 |        -63 |        280 |        280 |         91 |        349 |        144 |        228 |         57 |        -14 |        -63 |        152
  Idle time (%)                      |      -0.0% |       0.0% |       0.0% |       0.0% |      -0.0% |       0.0% |       0.0% |       0.0% |       0.0% |       0.0% |       0.0% |       0.0% |      -0.0% |      -0.0% |       0.0%
Branch predictor stats               |            |            |            |            |            |            |            |            |            |            |            |            |            |            |           
  num correct                        |     257124 |     259357 |     257032 |     257058 |     259678 |     256909 |     257065 |     257343 |     257434 |     257599 |     259338 |     257189 |     257042 |     257074 |     259108
  num incorrect                      |       3911 |       3911 |       3911 |       3911 |       3961 |       3911 |       3911 |       3911 |       3911 |       3911 |       3911 |       3911 |       3911 |       3911 |       3911
  misprediction rate                 |      1.50% |      1.49% |      1.50% |      1.50% |      1.50% |      1.50% |      1.50% |      1.50% |      1.50% |      1.50% |      1.49% |      1.50% |      1.50% |      1.50% |      1.49%
  mpki                               |       0.59 |       0.58 |       0.59 |       0.59 |       0.59 |       0.59 |       0.59 |       0.59 |       0.59 |       0.59 |       0.58 |       0.59 |       0.59 |       0.59 |       0.58
TLB Summary                          |            |            |            |            |            |            |            |            |            |            |            |            |            |            |           
  I-TLB                              |            |            |            |            |            |            |            |            |            |            |            |            |            |            |           
    num accesses                     |     670766 |     679528 |     670407 |     670507 |     680639 |     669922 |     670535 |     671628 |     671981 |     672630 |     679457 |     671022 |     670444 |     670572 |     678553
    num misses                       |         60 |         60 |         60 |         60 |         62 |         60 |         60 |         60 |         60 |         60 |         60 |         60 |         60 |         60 |         60
    miss rate                        |      0.01% |      0.01% |      0.01% |      0.01% |      0.01% |      0.01% |      0.01% |      0.01% |      0.01% |      0.01% |      0.01% |      0.01% |      0.01% |      0.01% |      0.01%
    mpki                             |       0.01 |       0.01 |       0.01 |       0.01 |       0.01 |       0.01 |       0.01 |       0.01 |       0.01 |       0.01 |       0.01 |       0.01 |       0.01 |       0.01 |       0.01
  D-TLB                              |            |            |            |            |            |            |            |            |            |            |            |            |            |            |           
    num accesses                     |    3584387 |    3643183 |    3581999 |    3582670 |    3650216 |    3578738 |    3582859 |    3590196 |    3592551 |    3596908 |    3642727 |    3586127 |    3582245 |    3583104 |    3636659
    num misses                       |        101 |        101 |        101 |        101 |        107 |        101 |        101 |        101 |        101 |        101 |        101 |        101 |        101 |        101 |        101
    miss rate                        |      0.00% |      0.00% |      0.00% |      0.00% |      0.00% |      0.00% |      0.00% |      0.00% |      0.00% |      0.00% |      0.00% |      0.00% |      0.00% |      0.00% |      0.00%
    mpki                             |       0.02 |       0.02 |       0.02 |       0.02 |       0.02 |       0.02 |       0.02 |       0.02 |       0.02 |       0.02 |       0.02 |       0.02 |       0.02 |       0.02 |       0.02
  L2 TLB                             |            |            |            |            |            |            |            |            |            |            |            |            |            |            |           
    num accesses                     |        161 |        161 |        161 |        161 |        169 |        161 |        161 |        161 |        161 |        161 |        161 |        161 |        161 |        161 |        161
    num misses                       |        146 |        146 |        146 |        146 |        147 |        146 |        146 |        146 |        146 |        146 |        146 |        146 |        146 |        146 |        146
    miss rate                        |     90.68% |     90.68% |     90.68% |     90.68% |     86.98% |     90.68% |     90.68% |     90.68% |     90.68% |     90.68% |     90.68% |     90.68% |     90.68% |     90.68% |     90.68%
    mpki                             |       0.02 |       0.02 |       0.02 |       0.02 |       0.02 |       0.02 |       0.02 |       0.02 |       0.02 |       0.02 |       0.02 |       0.02 |       0.02 |       0.02 |       0.02
Cache Summary                        |            |            |            |            |            |            |            |            |            |            |            |            |            |            |           
  Cache L1-I                         |            |            |            |            |            |            |            |            |            |            |            |            |            |            |           
    num cache accesses               |     670766 |     679528 |     670407 |     670507 |     680639 |     669922 |     670535 |     671628 |     671981 |     672630 |     679457 |     671022 |     670444 |     670572 |     678553
    num cache misses                 |     414718 |     403395 |     411122 |     414577 |     398640 |     408985 |     408555 |     405675 |     404225 |     405776 |     397597 |     407111 |     405097 |     406790 |     398423
    miss rate                        |     61.83% |     59.36% |     61.32% |     61.83% |     58.57% |     61.05% |     60.93% |     60.40% |     60.15% |     60.33% |     58.52% |     60.67% |     60.42% |     60.66% |     58.72%
    mpki                             |      62.82 |      60.07 |      62.31 |      62.83 |      59.24 |      62.05 |      61.91 |      61.34 |      61.08 |      61.24 |      59.22 |      61.63 |      61.40 |      61.64 |      59.44
  Cache L1-D                         |            |            |            |            |            |            |            |            |            |            |            |            |            |            |           
    num cache accesses               |    3584387 |    3643183 |    3581999 |    3582670 |    3650216 |    3578738 |    3582859 |    3590196 |    3592551 |    3596908 |    3642727 |    3586127 |    3582245 |    3583104 |    3636659
    num cache misses                 |     893369 |     891399 |     897862 |     900665 |     887444 |     895877 |     900492 |     892315 |     894538 |     888947 |     893200 |     897086 |     893160 |     901637 |     890861
    miss rate                        |     24.92% |     24.47% |     25.07% |     25.14% |     24.31% |     25.03% |     25.13% |     24.85% |     24.90% |     24.71% |     24.52% |     25.02% |     24.93% |     25.16% |     24.50%
    mpki                             |     135.31 |     132.74 |     136.09 |     136.49 |     131.89 |     135.92 |     136.46 |     134.93 |     135.17 |     134.16 |     133.03 |     135.81 |     135.37 |     136.62 |     132.91
  Cache L2                           |            |            |            |            |            |            |            |            |            |            |            |            |            |            |           
    num cache accesses               |    1308105 |    1294816 |    1309002 |    1315261 |    1286105 |    1304878 |    1309066 |    1298009 |    1298784 |    1294743 |    1290816 |    1304212 |    1298275 |    1308446 |    1289304
    num cache misses                 |    1167931 |    1157286 |    1175194 |    1177835 |    1149635 |    1172929 |    1179045 |    1167407 |    1168401 |    1161167 |    1157357 |    1172564 |    1168434 |    1179226 |    1160096
    miss rate                        |     89.28% |     89.38% |     89.78% |     89.55% |     89.39% |     89.89% |     90.07% |     89.94% |     89.96% |     89.68% |     89.66% |     89.91% |     90.00% |     90.12% |     89.98%
    mpki                             |     176.90 |     172.34 |     178.13 |     178.49 |     170.85 |     177.95 |     178.67 |     176.52 |     176.55 |     175.24 |     172.37 |     177.51 |     177.09 |     178.68 |     173.08
  Cache L3                           |            |            |            |            |            |            |            |            |            |            |            |            |            |            |           
    num cache accesses               |    1167950 |    1157319 |    1175213 |    1177856 |    1149667 |    1172947 |    1179064 |    1167426 |    1168422 |    1161187 |    1157388 |    1172583 |    1168453 |    1179245 |    1160123
    num cache misses                 |       4623 |       4591 |       4614 |       4618 |       4669 |       4618 |       4606 |       4610 |       4602 |       4592 |       4580 |       4604 |       4616 |       4629 |       4591
    miss rate                        |      0.40% |      0.40% |      0.39% |      0.39% |      0.41% |      0.39% |      0.39% |      0.39% |      0.39% |      0.40% |      0.40% |      0.39% |      0.40% |      0.39% |      0.40%
    mpki                             |       0.70 |       0.68 |       0.70 |       0.70 |       0.69 |       0.70 |       0.70 |       0.70 |       0.70 |       0.69 |       0.68 |       0.70 |       0.70 |       0.70 |       0.68
DRAM summary                         |            |            |            |            |            |            |            |            |            |            |            |            |            |            |           
  num dram accesses                  |      71050 |          0 |          0 |          0 |          0 |          0 |          0 |          0 |          0 |          0 |          0 |          0 |          0 |          0 |          0
  average dram access latency (ns)   |      72.30 |        inf |        inf |        inf |        inf |        inf |        inf |        inf |        inf |        inf |        inf |        inf |        inf |        inf |        inf
  average dram queueing delay        |      18.87 |       0.00 |       0.00 |       0.00 |       0.00 |       0.00 |       0.00 |       0.00 |       0.00 |       0.00 |       0.00 |       0.00 |       0.00 |       0.00 |       0.00
  average dram bandwidth utilization |      2.00% |      0.00% |      0.00% |      0.00% |      0.00% |      0.00% |      0.00% |      0.00% |      0.00% |      0.00% |      0.00% |      0.00% |      0.00% |      0.00% |      0.00%
Coherency Traffic                    |            |            |            |            |            |            |            |            |            |            |            |            |            |            |           
  num loads from dram                |       2867 |       2766 |       2861 |       2811 |       2834 |       2848 |       2826 |       2844 |       2826 |       2839 |       2817 |       2823 |       2808 |       2866 |       2794
  num loads from dram cache          |          0 |          0 |          0 |          0 |          0 |          0 |          0 |          0 |          0 |          0 |          0 |          0 |          0 |          0 |          0
  num loads from remote cache        |          0 |          0 |          0 |          0 |          0 |          0 |          0 |          0 |          0 |          0 |          0 |          0 |          0 |          0 |          0
