                                     | Core 0     | Core 1     | Core 2     | Core 3     | Core 4     | Core 5     | Core 6     | Core 7     | Core 8     | Core 9     | Core 10    | Core 11    | Core 12    | Core 13    | Core 14   
  Instructions                       |   28231308 |   28248931 |   28235409 |   28261682 |   28252119 |   28283270 |   28280374 |   28759941 |   28273006 |   28285810 |   28286967 |   28284916 |   28290719 |   28290180 |   28340264
  Cycles                             |  240125914 |  240125914 |  240125914 |  240125914 |  240125914 |  240125914 |  240125914 |  240125914 |  240125914 |  240125914 |  240125914 |  240125914 |  240125914 |  240125914 |  240125914
  IPC                                |       0.12 |       0.12 |       0.12 |       0.12 |       0.12 |       0.12 |       0.12 |       0.12 |       0.12 |       0.12 |       0.12 |       0.12 |       0.12 |       0.12 |       0.12
  Time (ns)                          |   90272900 |   90272900 |   90272900 |   90272900 |   90272900 |   90272900 |   90272900 |   90272900 |   90272900 |   90272900 |   90272900 |   90272900 |   90272900 |   90272900 |   90272900
  Idle time (ns)                     |         19 |        269 |         46 |        319 |        263 |        161 |         91 |        -80 |        230 |        128 |        262 |        -80 |         46 |         19 |        230
  Idle time (%)                      |       0.0% |       0.0% |       0.0% |       0.0% |       0.0% |       0.0% |       0.0% |      -0.0% |       0.0% |       0.0% |       0.0% |      -0.0% |       0.0% |       0.0% |       0.0%
Branch predictor stats               |            |            |            |            |            |            |            |            |            |            |            |            |            |            |           
  num correct                        |    1049362 |    1049706 |    1049442 |    1049954 |    1049767 |    1050375 |    1050319 |    1059719 |    1050176 |    1050426 |    1050448 |    1050407 |    1050520 |    1050510 |    1051487
  num incorrect                      |       7955 |       7955 |       7955 |       7955 |       7955 |       7955 |       7955 |       8006 |       7955 |       7955 |       7955 |       7955 |       7955 |       7955 |       7955
  misprediction rate                 |      0.75% |      0.75% |      0.75% |      0.75% |      0.75% |      0.75% |      0.75% |      0.75% |      0.75% |      0.75% |      0.75% |      0.75% |      0.75% |      0.75% |      0.75%
  mpki                               |       0.28 |       0.28 |       0.28 |       0.28 |       0.28 |       0.28 |       0.28 |       0.28 |       0.28 |       0.28 |       0.28 |       0.28 |       0.28 |       0.28 |       0.28
TLB Summary                          |            |            |            |            |            |            |            |            |            |            |            |            |            |            |           
  I-TLB                              |            |            |            |            |            |            |            |            |            |            |            |            |            |            |           
    num accesses                     |    2835446 |    2836807 |    2835762 |    2837790 |    2837052 |    2839458 |    2839235 |    2876325 |    2838667 |    2839656 |    2839745 |    2839585 |    2840033 |    2839992 |    2843861
    num misses                       |         61 |         61 |         61 |         61 |         61 |         61 |         61 |         63 |         61 |         61 |         61 |         61 |         61 |         61 |         61
    miss rate                        |      0.00% |      0.00% |      0.00% |      0.00% |      0.00% |      0.00% |      0.00% |      0.00% |      0.00% |      0.00% |      0.00% |      0.00% |      0.00% |      0.00% |      0.00%
    mpki                             |       0.00 |       0.00 |       0.00 |       0.00 |       0.00 |       0.00 |       0.00 |       0.00 |       0.00 |       0.00 |       0.00 |       0.00 |       0.00 |       0.00 |       0.00
  D-TLB                              |            |            |            |            |            |            |            |            |            |            |            |            |            |            |           
    num accesses                     |   15503438 |   15512612 |   15505581 |   15519235 |   15514268 |   15530458 |   15528954 |   15778130 |   15525128 |   15531779 |   15532382 |   15531302 |   15534329 |   15534051 |   15560082
    num misses                       |       5164 |       5207 |       5175 |       5236 |       5215 |       5280 |       5276 |       6344 |       5261 |       5284 |       5286 |       5282 |       5293 |       5292 |       5407
    miss rate                        |      0.03% |      0.03% |      0.03% |      0.03% |      0.03% |      0.03% |      0.03% |      0.04% |      0.03% |      0.03% |      0.03% |      0.03% |      0.03% |      0.03% |      0.03%
    mpki                             |       0.18 |       0.18 |       0.18 |       0.19 |       0.18 |       0.19 |       0.19 |       0.22 |       0.19 |       0.19 |       0.19 |       0.19 |       0.19 |       0.19 |       0.19
  L2 TLB                             |            |            |            |            |            |            |            |            |            |            |            |            |            |            |           
    num accesses                     |       5225 |       5268 |       5236 |       5297 |       5276 |       5341 |       5337 |       6407 |       5322 |       5345 |       5347 |       5343 |       5354 |       5353 |       5468
    num misses                       |        316 |        316 |        316 |        316 |        316 |        316 |        316 |        333 |        316 |        316 |        316 |        316 |        316 |        316 |        316
    miss rate                        |      6.05% |      6.00% |      6.04% |      5.97% |      5.99% |      5.92% |      5.92% |      5.20% |      5.94% |      5.91% |      5.91% |      5.91% |      5.90% |      5.90% |      5.78%
    mpki                             |       0.01 |       0.01 |       0.01 |       0.01 |       0.01 |       0.01 |       0.01 |       0.01 |       0.01 |       0.01 |       0.01 |       0.01 |       0.01 |       0.01 |       0.01
Cache Summary                        |            |            |            |            |            |            |            |            |            |            |            |            |            |            |           
  Cache L1-I                         |            |            |            |            |            |            |            |            |            |            |            |            |            |            |           
    num cache accesses               |    2835446 |    2836807 |    2835762 |    2837790 |    2837052 |    2839458 |    2839235 |    2876325 |    2838667 |    2839656 |    2839745 |    2839585 |    2840033 |    2839992 |    2843861
    num cache misses                 |    1762470 |    1754491 |    1751358 |    1741024 |    1734801 |    1726858 |    1729593 |    1680424 |    1729792 |    1732140 |    1727845 |    1724667 |    1729070 |    1724588 |    1724122
    miss rate                        |     62.16% |     61.85% |     61.76% |     61.35% |     61.15% |     60.82% |     60.92% |     58.42% |     60.94% |     61.00% |     60.85% |     60.74% |     60.88% |     60.73% |     60.63%
    mpki                             |      62.43 |      62.11 |      62.03 |      61.60 |      61.40 |      61.06 |      61.16 |      58.43 |      61.18 |      61.24 |      61.08 |      60.97 |      61.12 |      60.96 |      60.84
  Cache L1-D                         |            |            |            |            |            |            |            |            |            |            |            |            |            |            |           
    num cache accesses               |   15503438 |   15512612 |   15505581 |   15519235 |   15514268 |   15530458 |   15528954 |   15778130 |   15525128 |   15531779 |   15532382 |   15531302 |   15534329 |   15534051 |   15560082
    num cache misses                 |    4076015 |    4082107 |    4081860 |    4079447 |    4081375 |    4073594 |    4074912 |    4083185 |    4086311 |    4088877 |    4081202 |    4073022 |    4085472 |    4071774 |    4080024
    miss rate                        |     26.29% |     26.31% |     26.33% |     26.29% |     26.31% |     26.23% |     26.24% |     25.88% |     26.32% |     26.33% |     26.28% |     26.22% |     26.30% |     26.21% |     26.22%
    mpki                             |     144.38 |     144.50 |     144.57 |     144.35 |     144.46 |     144.03 |     144.09 |     141.97 |     144.53 |     144.56 |     144.28 |     144.00 |     144.41 |     143.93 |     143.97
  Cache L2                           |            |            |            |            |            |            |            |            |            |            |            |            |            |            |           
    num cache accesses               |    5839301 |    5837429 |    5834041 |    5821295 |    5817003 |    5801283 |    5805329 |    5764442 |    5816938 |    5821839 |    5809873 |    5798513 |    5815345 |    5797194 |    5804958
    num cache misses                 |    5342662 |    5357864 |    5355800 |    5360670 |    5362504 |    5353417 |    5354518 |    5269486 |    5366500 |    5367512 |    5351263 |    5346316 |    5363632 |    5342747 |    5348509
    miss rate                        |     91.49% |     91.78% |     91.80% |     92.09% |     92.19% |     92.28% |     92.23% |     91.41% |     92.26% |     92.20% |     92.11% |     92.20% |     92.23% |     92.16% |     92.14%
    mpki                             |     189.25 |     189.67 |     189.68 |     189.68 |     189.81 |     189.28 |     189.34 |     183.22 |     189.81 |     189.76 |     189.18 |     189.02 |     189.59 |     188.86 |     188.72
  Cache L3                           |            |            |            |            |            |            |            |            |            |            |            |            |            |            |           
    num cache accesses               |    5343495 |    5358711 |    5356640 |    5361508 |    5363351 |    5354265 |    5355357 |    5270345 |    5367350 |    5368345 |    5352104 |    5347156 |    5364447 |    5343590 |    5349336
    num cache misses                 |      35628 |      35667 |      35625 |      35651 |      35673 |      35688 |      35669 |      35937 |      35669 |      35656 |      35640 |      35653 |      35574 |      35607 |      35654
    miss rate                        |      0.67% |      0.67% |      0.67% |      0.66% |      0.67% |      0.67% |      0.67% |      0.68% |      0.66% |      0.66% |      0.67% |      0.67% |      0.66% |      0.67% |      0.67%
    mpki                             |       1.26 |       1.26 |       1.26 |       1.26 |       1.26 |       1.26 |       1.26 |       1.25 |       1.26 |       1.26 |       1.26 |       1.26 |       1.26 |       1.26 |       1.26
DRAM summary                         |            |            |            |            |            |            |            |            |            |            |            |            |            |            |           
  num dram accesses                  |     680295 |          0 |          0 |          0 |          0 |          0 |          0 |          0 |          0 |          0 |          0 |          0 |          0 |          0 |          0
  average dram access latency (ns)   |      57.65 |        inf |        inf |        inf |        inf |        inf |        inf |        inf |        inf |        inf |        inf |        inf |        inf |        inf |        inf
  average dram queueing delay        |       4.22 |       0.00 |       0.00 |       0.00 |       0.00 |       0.00 |       0.00 |       0.00 |       0.00 |       0.00 |       0.00 |       0.00 |       0.00 |       0.00 |       0.00
  average dram bandwidth utilization |      6.00% |      0.00% |      0.00% |      0.00% |      0.00% |      0.00% |      0.00% |      0.00% |      0.00% |      0.00% |      0.00% |      0.00% |      0.00% |      0.00% |      0.00%
Coherency Traffic                    |            |            |            |            |            |            |            |            |            |            |            |            |            |            |           
  num loads from dram                |      33200 |      33177 |      33177 |      33224 |      33225 |      33261 |      33280 |      33136 |      33099 |      33160 |      33211 |      33116 |      33126 |      33116 |      33152
  num loads from dram cache          |          0 |          0 |          0 |          0 |          0 |          0 |          0 |          0 |          0 |          0 |          0 |          0 |          0 |          0 |          0
  num loads from remote cache        |          0 |          0 |          0 |          0 |          0 |          0 |          0 |          0 |          0 |          0 |          0 |          0 |          0 |          0 |          0
