                                     | Core 0     | Core 1     | Core 2     | Core 3     | Core 4     | Core 5     | Core 6     | Core 7     | Core 8     | Core 9     | Core 10   
  Instructions                       |     121632 |     120990 |     118769 |     120427 |     117449 |     119179 |     118703 |     117199 |     116471 |     117449 |     118567
  Cycles                             |     896686 |     896686 |     896686 |     896686 |     896686 |     896686 |     896686 |     896686 |     896686 |     896686 |     896686
  IPC                                |       0.14 |       0.13 |       0.13 |       0.13 |       0.13 |       0.13 |       0.13 |       0.13 |       0.13 |       0.13 |       0.13
  Time (ns)                          |     337100 |     337100 |     337100 |     337100 |     337100 |     337100 |     337100 |     337100 |     337100 |     337100 |     337100
  Idle time (ns)                     |        -81 |         77 |        656 |        365 |        471 |        336 |        510 |        -81 |        119 |        -27 |        -27
  Idle time (%)                      |      -0.0% |       0.0% |       0.2% |       0.1% |       0.1% |       0.1% |       0.2% |      -0.0% |       0.0% |      -0.0% |      -0.0%
Branch predictor stats               |            |            |            |            |            |            |            |            |            |            |           
  num correct                        |      22023 |      21948 |      21562 |      21912 |      21415 |      21650 |      21552 |      21395 |      21291 |      21415 |      21546
  num incorrect                      |       1503 |       1452 |       1354 |       1414 |       1342 |       1369 |       1353 |       1332 |       1331 |       1342 |       1348
  misprediction rate                 |      6.39% |      6.21% |      5.91% |      6.06% |      5.90% |      5.95% |      5.91% |      5.86% |      5.88% |      5.90% |      5.89%
  mpki                               |      12.36 |      12.00 |      11.40 |      11.74 |      11.43 |      11.49 |      11.40 |      11.37 |      11.43 |      11.43 |      11.37
TLB Summary                          |            |            |            |            |            |            |            |            |            |            |           
  I-TLB                              |            |            |            |            |            |            |            |            |            |            |           
    num accesses                     |      15330 |      15209 |      14995 |      15119 |      14864 |      15023 |      14990 |      14820 |      14741 |      14864 |      14971
    num misses                       |         52 |         49 |         45 |         45 |         42 |         45 |         45 |         41 |         41 |         42 |         44
    miss rate                        |      0.34% |      0.32% |      0.30% |      0.30% |      0.28% |      0.30% |      0.30% |      0.28% |      0.28% |      0.28% |      0.29%
    mpki                             |       0.43 |       0.40 |       0.38 |       0.37 |       0.36 |       0.38 |       0.38 |       0.35 |       0.35 |       0.36 |       0.37
  D-TLB                              |            |            |            |            |            |            |            |            |            |            |           
    num accesses                     |      40203 |      39954 |      39491 |      39704 |      38992 |      39555 |      39466 |      38872 |      38569 |      38992 |      39404
    num misses                       |        118 |        117 |        116 |        116 |        114 |        116 |        115 |        111 |        111 |        114 |        115
    miss rate                        |      0.29% |      0.29% |      0.29% |      0.29% |      0.29% |      0.29% |      0.29% |      0.29% |      0.29% |      0.29% |      0.29%
    mpki                             |       0.97 |       0.97 |       0.98 |       0.96 |       0.97 |       0.97 |       0.97 |       0.95 |       0.95 |       0.97 |       0.97
  L2 TLB                             |            |            |            |            |            |            |            |            |            |            |           
    num accesses                     |        170 |        166 |        161 |        161 |        156 |        161 |        160 |        152 |        152 |        156 |        159
    num misses                       |        121 |        117 |        114 |        114 |        110 |        114 |        113 |        107 |        107 |        110 |        112
    miss rate                        |     71.18% |     70.48% |     70.81% |     70.81% |     70.51% |     70.81% |     70.62% |     70.39% |     70.39% |     70.51% |     70.44%
    mpki                             |       0.99 |       0.97 |       0.96 |       0.95 |       0.94 |       0.96 |       0.95 |       0.91 |       0.92 |       0.94 |       0.94
Cache Summary                        |            |            |            |            |            |            |            |            |            |            |           
  Cache L1-I                         |            |            |            |            |            |            |            |            |            |            |           
    num cache accesses               |      15330 |      15209 |      14995 |      15119 |      14864 |      15023 |      14990 |      14820 |      14741 |      14864 |      14971
    num cache misses                 |       5349 |       5408 |       5851 |       5890 |       5847 |       5850 |       5998 |       5698 |       5494 |       5847 |       6012
    miss rate                        |     34.89% |     35.56% |     39.02% |     38.96% |     39.34% |     38.94% |     40.01% |     38.45% |     37.27% |     39.34% |     40.16%
    mpki                             |      43.98 |      44.70 |      49.26 |      48.91 |      49.78 |      49.09 |      50.53 |      48.62 |      47.17 |      49.78 |      50.71
  Cache L1-D                         |            |            |            |            |            |            |            |            |            |            |           
    num cache accesses               |      40203 |      39954 |      39491 |      39704 |      38992 |      39555 |      39466 |      38872 |      38569 |      38992 |      39404
    num cache misses                 |       7356 |       7388 |       7812 |       7821 |       7759 |       7736 |       7909 |       7583 |       7498 |       7772 |       7858
    miss rate                        |     18.30% |     18.49% |     19.78% |     19.70% |     19.90% |     19.56% |     20.04% |     19.51% |     19.44% |     19.93% |     19.94%
    mpki                             |      60.48 |      61.06 |      65.77 |      64.94 |      66.06 |      64.91 |      66.63 |      64.70 |      64.38 |      66.17 |      66.27
  Cache L2                           |            |            |            |            |            |            |            |            |            |            |           
    num cache accesses               |      12740 |      12831 |      13695 |      13744 |      13639 |      13618 |      13939 |      13315 |      13026 |      13651 |      13901
    num cache misses                 |      10157 |      10398 |      10860 |      10814 |      10743 |      10760 |      10837 |      10583 |      10310 |      10749 |      10780
    miss rate                        |     79.73% |     81.04% |     79.30% |     78.68% |     78.77% |     79.01% |     77.75% |     79.48% |     79.15% |     78.74% |     77.55%
    mpki                             |      83.51 |      85.94 |      91.44 |      89.80 |      91.47 |      90.28 |      91.30 |      90.30 |      88.52 |      91.52 |      90.92
  Cache L3                           |            |            |            |            |            |            |            |            |            |            |           
    num cache accesses               |      10193 |      10434 |      10894 |      10847 |      10776 |      10793 |      10870 |      10618 |      10345 |      10781 |      10812
    num cache misses                 |       2604 |       2569 |       2488 |       2508 |       2447 |       2501 |       2481 |       2432 |       2423 |       2456 |       2470
    miss rate                        |     25.55% |     24.62% |     22.84% |     23.12% |     22.71% |     23.17% |     22.82% |     22.90% |     23.42% |     22.78% |     22.84%
    mpki                             |      21.41 |      21.23 |      20.95 |      20.83 |      20.83 |      20.99 |      20.90 |      20.75 |      20.80 |      20.91 |      20.83
DRAM summary                         |            |            |            |            |            |            |            |            |            |            |           
  num dram accesses                  |      27641 |          0 |          0 |          0 |          0 |          0 |          0 |          0 |          0 |          0 |          0
  average dram access latency (ns)   |      89.79 |        inf |        inf |        inf |        inf |        inf |        inf |        inf |        inf |        inf |        inf
  average dram queueing delay        |      36.36 |       0.00 |       0.00 |       0.00 |       0.00 |       0.00 |       0.00 |       0.00 |       0.00 |       0.00 |       0.00
  average dram bandwidth utilization |     69.00% |      0.00% |      0.00% |      0.00% |      0.00% |      0.00% |      0.00% |      0.00% |      0.00% |      0.00% |      0.00%
Coherency Traffic                    |            |            |            |            |            |            |            |            |            |            |           
  num loads from dram                |       1262 |       1276 |       1266 |       1266 |       1255 |       1271 |       1261 |       1257 |       1254 |       1258 |       1265
  num loads from dram cache          |          0 |          0 |          0 |          0 |          0 |          0 |          0 |          0 |          0 |          0 |          0
  num loads from remote cache        |          0 |          0 |          0 |          0 |          0 |          0 |          0 |          0 |          0 |          0 |          0
