                                     | Core 0     | Core 1     | Core 2     | Core 3     | Core 4     | Core 5     | Core 6     | Core 7     | Core 8     | Core 9     | Core 10   
  Instructions                       |   28759913 |   28207663 |   28100888 |   28134940 |   28094794 |   28130469 |   28125058 |   28055973 |   28112692 |   28089755 |   28089247
  Cycles                             |  165780776 |  165780776 |  165780776 |  165780776 |  165780776 |  165780776 |  165780776 |  165780776 |  165780776 |  165780776 |  165780776
  IPC                                |       0.17 |       0.17 |       0.17 |       0.17 |       0.17 |       0.17 |       0.17 |       0.17 |       0.17 |       0.17 |       0.17
  Time (ns)                          |   62323600 |   62323600 |   62323600 |   62323600 |   62323600 |   62323600 |   62323600 |   62323600 |   62323600 |   62323600 |   62323600
  Idle time (ns)                     |        -45 |        192 |        151 |        102 |        -45 |        242 |        256 |        192 |        192 |        135 |         53
  Idle time (%)                      |      -0.0% |       0.0% |       0.0% |       0.0% |      -0.0% |       0.0% |       0.0% |       0.0% |       0.0% |       0.0% |       0.0%
Branch predictor stats               |            |            |            |            |            |            |            |            |            |            |           
  num correct                        |    1059719 |    1048902 |    1046820 |    1047484 |    1046702 |    1047396 |    1047290 |    1045944 |    1047051 |    1046603 |    1046593
  num incorrect                      |       8006 |       7955 |       7955 |       7955 |       7955 |       7955 |       7955 |       7955 |       7955 |       7955 |       7955
  misprediction rate                 |      0.75% |      0.75% |      0.75% |      0.75% |      0.75% |      0.75% |      0.75% |      0.75% |      0.75% |      0.75% |      0.75%
  mpki                               |       0.28 |       0.28 |       0.28 |       0.28 |       0.28 |       0.28 |       0.28 |       0.28 |       0.28 |       0.28 |       0.28
TLB Summary                          |            |            |            |            |            |            |            |            |            |            |           
  I-TLB                              |            |            |            |            |            |            |            |            |            |            |           
    num accesses                     |    2876325 |    2833621 |    2825374 |    2828004 |    2824905 |    2827658 |    2827239 |    2821905 |    2826287 |    2824515 |    2824476
    num misses                       |         63 |         61 |         61 |         61 |         61 |         61 |         61 |         61 |         61 |         61 |         61
    miss rate                        |      0.00% |      0.00% |      0.00% |      0.00% |      0.00% |      0.00% |      0.00% |      0.00% |      0.00% |      0.00% |      0.00%
    mpki                             |       0.00 |       0.00 |       0.00 |       0.00 |       0.00 |       0.00 |       0.00 |       0.00 |       0.00 |       0.00 |       0.00
  D-TLB                              |            |            |            |            |            |            |            |            |            |            |           
    num accesses                     |   15778122 |   15491163 |   15435672 |   15453368 |   15432491 |   15451044 |   15448231 |   15412326 |   15441807 |   15429888 |   15429624
    num misses                       |       6344 |       5110 |       4874 |       4955 |       4860 |       4942 |       4930 |       4783 |       4902 |       4847 |       4846
    miss rate                        |      0.04% |      0.03% |      0.03% |      0.03% |      0.03% |      0.03% |      0.03% |      0.03% |      0.03% |      0.03% |      0.03%
    mpki                             |       0.22 |       0.18 |       0.17 |       0.18 |       0.17 |       0.18 |       0.18 |       0.17 |       0.17 |       0.17 |       0.17
  L2 TLB                             |            |            |            |            |            |            |            |            |            |            |           
    num accesses                     |       6407 |       5171 |       4935 |       5016 |       4921 |       5003 |       4991 |       4844 |       4963 |       4908 |       4907
    num misses                       |        333 |        316 |        316 |        316 |        316 |        316 |        316 |        316 |        316 |        316 |        316
    miss rate                        |      5.20% |      6.11% |      6.40% |      6.30% |      6.42% |      6.32% |      6.33% |      6.52% |      6.37% |      6.44% |      6.44%
    mpki                             |       0.01 |       0.01 |       0.01 |       0.01 |       0.01 |       0.01 |       0.01 |       0.01 |       0.01 |       0.01 |       0.01
Cache Summary                        |            |            |            |            |            |            |            |            |            |            |           
  Cache L1-I                         |            |            |            |            |            |            |            |            |            |            |           
    num cache accesses               |    2876325 |    2833621 |    2825374 |    2828004 |    2824905 |    2827658 |    2827239 |    2821905 |    2826287 |    2824515 |    2824476
    num cache misses                 |    1495405 |    1562606 |    1577212 |    1576016 |    1574869 |    1563593 |    1557621 |    1553164 |    1546704 |    1543500 |    1542477
    miss rate                        |     51.99% |     55.15% |     55.82% |     55.73% |     55.75% |     55.30% |     55.09% |     55.04% |     54.73% |     54.65% |     54.61%
    mpki                             |      52.00 |      55.40 |      56.13 |      56.02 |      56.06 |      55.58 |      55.38 |      55.36 |      55.02 |      54.95 |      54.91
  Cache L1-D                         |            |            |            |            |            |            |            |            |            |            |           
    num cache accesses               |   15778122 |   15491163 |   15435672 |   15453368 |   15432491 |   15451044 |   15448231 |   15412326 |   15441807 |   15429888 |   15429624
    num cache misses                 |    1357788 |    1349428 |    1347784 |    1360817 |    1374409 |    1367729 |    1379390 |    1358286 |    1358919 |    1357477 |    1376340
    miss rate                        |      8.61% |      8.71% |      8.73% |      8.81% |      8.91% |      8.85% |      8.93% |      8.81% |      8.80% |      8.80% |      8.92%
    mpki                             |      47.21 |      47.84 |      47.96 |      48.37 |      48.92 |      48.62 |      49.04 |      48.41 |      48.34 |      48.33 |      49.00
  Cache L2                           |            |            |            |            |            |            |            |            |            |            |           
    num cache accesses               |    2854035 |    2912819 |    2925744 |    2937499 |    2950010 |    2932079 |    2937713 |    2912177 |    2906375 |    2901734 |    2919599
    num cache misses                 |    1951032 |    1978846 |    1997357 |    2012800 |    2032192 |    2025461 |    2037366 |    2016559 |    2018902 |    2014852 |    2038654
    miss rate                        |     68.36% |     67.94% |     68.27% |     68.52% |     68.89% |     69.08% |     69.35% |     69.25% |     69.46% |     69.44% |     69.83%
    mpki                             |      67.84 |      70.15 |      71.08 |      71.54 |      72.33 |      72.00 |      72.44 |      71.88 |      71.81 |      71.73 |      72.58
  Cache L3                           |            |            |            |            |            |            |            |            |            |            |           
    num cache accesses               |    1951875 |    1979638 |    1998105 |    2013466 |    2032924 |    2026218 |    2038068 |    2017287 |    2019654 |    2015610 |    2039437
    num cache misses                 |      31920 |      35062 |      35035 |      34952 |      35010 |      35060 |      34974 |      34998 |      35007 |      35012 |      34775
    miss rate                        |      1.64% |      1.77% |      1.75% |      1.74% |      1.72% |      1.73% |      1.72% |      1.73% |      1.73% |      1.74% |      1.71%
    mpki                             |       1.11 |       1.24 |       1.25 |       1.24 |       1.25 |       1.25 |       1.24 |       1.25 |       1.25 |       1.25 |       1.24
DRAM summary                         |            |            |            |            |            |            |            |            |            |            |           
  num dram accesses                  |     484502 |          0 |          0 |          0 |          0 |          0 |          0 |          0 |          0 |          0 |          0
  average dram access latency (ns)   |      58.49 |        inf |        inf |        inf |        inf |        inf |        inf |        inf |        inf |        inf |        inf
  average dram queueing delay        |       5.06 |       0.00 |       0.00 |       0.00 |       0.00 |       0.00 |       0.00 |       0.00 |       0.00 |       0.00 |       0.00
  average dram bandwidth utilization |      6.00% |      0.00% |      0.00% |      0.00% |      0.00% |      0.00% |      0.00% |      0.00% |      0.00% |      0.00% |      0.00%
Coherency Traffic                    |            |            |            |            |            |            |            |            |            |            |           
  num loads from dram                |      28984 |      32680 |      32646 |      32562 |      32561 |      32605 |      32630 |      32498 |      32579 |      32528 |      32436
  num loads from dram cache          |          0 |          0 |          0 |          0 |          0 |          0 |          0 |          0 |          0 |          0 |          0
  num loads from remote cache        |          0 |          0 |          0 |          0 |          0 |          0 |          0 |          0 |          0 |          0 |          0
