                                     | Core 0     | Core 1     | Core 2     | Core 3     | Core 4     | Core 5     | Core 6     | Core 7     | Core 8     | Core 9     | Core 10    | Core 11   
  Instructions                       |    9878674 |    9877467 |    9739701 |    9751232 |    9893147 |    9763424 |    9774532 |    9793574 |    9873295 |    9892857 |    9823239 |    9881056
  Cycles                             |   65415518 |   65415518 |   65415518 |   65415518 |   65415518 |   65415518 |   65415518 |   65415518 |   65415518 |   65415518 |   65415518 |   65415518
  IPC                                |       0.15 |       0.15 |       0.15 |       0.15 |       0.15 |       0.15 |       0.15 |       0.15 |       0.15 |       0.15 |       0.15 |       0.15
  Time (ns)                          |   24592300 |   24592300 |   24592300 |   24592300 |   24592300 |   24592300 |   24592300 |   24592300 |   24592300 |   24592300 |   24592300 |   24592300
  Idle time (ns)                     |         38 |        -14 |        140 |        117 |        -50 |        165 |        112 |        -14 |        -15 |        796 |        -50 |         17
  Idle time (%)                      |       0.0% |      -0.0% |       0.0% |       0.0% |      -0.0% |       0.0% |       0.0% |      -0.0% |      -0.0% |       0.0% |      -0.0% |       0.0%
Branch predictor stats               |            |            |            |            |            |            |            |            |            |            |            |           
  num correct                        |     286940 |     286905 |     283086 |     283408 |     287362 |     283745 |     284054 |     284581 |     286790 |     287338 |     285403 |     287006
  num incorrect                      |        974 |        974 |        974 |        974 |       1015 |        974 |        974 |        974 |        974 |        989 |        974 |        974
  misprediction rate                 |      0.34% |      0.34% |      0.34% |      0.34% |      0.35% |      0.34% |      0.34% |      0.34% |      0.34% |      0.34% |      0.34% |      0.34%
  mpki                               |       0.10 |       0.10 |       0.10 |       0.10 |       0.10 |       0.10 |       0.10 |       0.10 |       0.10 |       0.10 |       0.10 |       0.10
TLB Summary                          |            |            |            |            |            |            |            |            |            |            |            |           
  I-TLB                              |            |            |            |            |            |            |            |            |            |            |            |           
    num accesses                     |    1084637 |    1084503 |    1069465 |    1070726 |    1086228 |    1072055 |    1073270 |    1075347 |    1084049 |    1086194 |    1078585 |    1084898
    num misses                       |         40 |         40 |         40 |         40 |         43 |         40 |         40 |         40 |         40 |         41 |         40 |         40
    miss rate                        |      0.00% |      0.00% |      0.00% |      0.00% |      0.00% |      0.00% |      0.00% |      0.00% |      0.00% |      0.00% |      0.00% |      0.00%
    mpki                             |       0.00 |       0.00 |       0.00 |       0.00 |       0.00 |       0.00 |       0.00 |       0.00 |       0.00 |       0.00 |       0.00 |       0.00
  D-TLB                              |            |            |            |            |            |            |            |            |            |            |            |           
    num accesses                     |    4558014 |    4557453 |    4494074 |    4499383 |    4564629 |    4504991 |    4510103 |    4518863 |    4555545 |    4564521 |    4532504 |    4559117
    num misses                       |         32 |         32 |         32 |         32 |         32 |         32 |         32 |         32 |         32 |         32 |         32 |         32
    miss rate                        |      0.00% |      0.00% |      0.00% |      0.00% |      0.00% |      0.00% |      0.00% |      0.00% |      0.00% |      0.00% |      0.00% |      0.00%
    mpki                             |       0.00 |       0.00 |       0.00 |       0.00 |       0.00 |       0.00 |       0.00 |       0.00 |       0.00 |       0.00 |       0.00 |       0.00
  L2 TLB                             |            |            |            |            |            |            |            |            |            |            |            |           
    num accesses                     |         72 |         72 |         72 |         72 |         75 |         72 |         72 |         72 |         72 |         73 |         72 |         72
    num misses                       |         72 |         72 |         72 |         72 |         75 |         72 |         72 |         72 |         72 |         73 |         72 |         72
    miss rate                        |    100.00% |    100.00% |    100.00% |    100.00% |    100.00% |    100.00% |    100.00% |    100.00% |    100.00% |    100.00% |    100.00% |    100.00%
    mpki                             |       0.01 |       0.01 |       0.01 |       0.01 |       0.01 |       0.01 |       0.01 |       0.01 |       0.01 |       0.01 |       0.01 |       0.01
Cache Summary                        |            |            |            |            |            |            |            |            |            |            |            |           
  Cache L1-I                         |            |            |            |            |            |            |            |            |            |            |            |           
    num cache accesses               |    1084637 |    1084503 |    1069465 |    1070726 |    1086228 |    1072055 |    1073270 |    1075347 |    1084049 |    1086194 |    1078585 |    1084898
    num cache misses                 |     368648 |     361868 |     356149 |     354369 |     356846 |     351622 |     350833 |     350427 |     352615 |     352757 |     349856 |     351339
    miss rate                        |     33.99% |     33.37% |     33.30% |     33.10% |     32.85% |     32.80% |     32.69% |     32.59% |     32.53% |     32.48% |     32.44% |     32.38%
    mpki                             |      37.32 |      36.64 |      36.57 |      36.34 |      36.07 |      36.01 |      35.89 |      35.78 |      35.71 |      35.66 |      35.62 |      35.56
  Cache L1-D                         |            |            |            |            |            |            |            |            |            |            |            |           
    num cache accesses               |    4558014 |    4557453 |    4494074 |    4499383 |    4564629 |    4504991 |    4510103 |    4518863 |    4555545 |    4564521 |    4532504 |    4559117
    num cache misses                 |    1509874 |    1506777 |    1584377 |    1589030 |    1523601 |    1594661 |    1588871 |    1563430 |    1498159 |    1541239 |    1513225 |    1522099
    miss rate                        |     33.13% |     33.06% |     35.25% |     35.32% |     33.38% |     35.40% |     35.23% |     34.60% |     32.89% |     33.77% |     33.39% |     33.39%
    mpki                             |     152.84 |     152.55 |     162.67 |     162.96 |     154.01 |     163.33 |     162.55 |     159.64 |     151.74 |     155.79 |     154.05 |     154.04
  Cache L2                           |            |            |            |            |            |            |            |            |            |            |            |           
    num cache accesses               |    1878534 |    1868657 |    1940537 |    1943409 |    1880464 |    1946294 |    1939715 |    1913869 |    1850786 |    1894008 |    1863092 |    1873451
    num cache misses                 |    1642186 |    1643120 |    1693563 |    1696186 |    1655190 |    1695791 |    1695623 |    1696383 |    1684030 |    1671874 |    1692559 |    1677295
    miss rate                        |     87.42% |     87.93% |     87.27% |     87.28% |     88.02% |     87.13% |     87.42% |     88.64% |     90.99% |     88.27% |     90.85% |     89.53%
    mpki                             |     166.24 |     166.35 |     173.88 |     173.95 |     167.31 |     173.69 |     173.47 |     173.21 |     170.56 |     169.00 |     172.30 |     169.75
  Cache L3                           |            |            |            |            |            |            |            |            |            |            |            |           
    num cache accesses               |    1642198 |    1643132 |    1693575 |    1696198 |    1655208 |    1695804 |    1695635 |    1696395 |    1684042 |    1671888 |    1692571 |    1677308
    num cache misses                 |       1490 |       1487 |       1488 |       1488 |       1542 |       1488 |       1491 |       1489 |       1492 |       1511 |       1491 |       1493
    miss rate                        |      0.09% |      0.09% |      0.09% |      0.09% |      0.09% |      0.09% |      0.09% |      0.09% |      0.09% |      0.09% |      0.09% |      0.09%
    mpki                             |       0.15 |       0.15 |       0.15 |       0.15 |       0.16 |       0.15 |       0.15 |       0.15 |       0.15 |       0.15 |       0.15 |       0.15
DRAM summary                         |            |            |            |            |            |            |            |            |            |            |            |           
  num dram accesses                  |      17993 |          0 |          0 |          0 |          0 |          0 |          0 |          0 |          0 |          0 |          0 |          0
  average dram access latency (ns)   |      88.51 |        inf |        inf |        inf |        inf |        inf |        inf |        inf |        inf |        inf |        inf |        inf
  average dram queueing delay        |      35.08 |       0.00 |       0.00 |       0.00 |       0.00 |       0.00 |       0.00 |       0.00 |       0.00 |       0.00 |       0.00 |       0.00
  average dram bandwidth utilization |      0.00% |      0.00% |      0.00% |      0.00% |      0.00% |      0.00% |      0.00% |      0.00% |      0.00% |      0.00% |      0.00% |      0.00%
Coherency Traffic                    |            |            |            |            |            |            |            |            |            |            |            |           
  num loads from dram                |        603 |        589 |        626 |        641 |        645 |        656 |        666 |        633 |        652 |        642 |        654 |        655
  num loads from dram cache          |          0 |          0 |          0 |          0 |          0 |          0 |          0 |          0 |          0 |          0 |          0 |          0
  num loads from remote cache        |          0 |          0 |          0 |          0 |          0 |          0 |          0 |          0 |          0 |          0 |          0 |          0
