                                     | Core 0     | Core 1     | Core 2     | Core 3     | Core 4     | Core 5     | Core 6     | Core 7     | Core 8     | Core 9     | Core 10    | Core 11    | Core 12    | Core 13   
  Instructions                       |   28195543 |   28230920 |   28187497 |   28196332 |   28189907 |   28191486 |   28209584 |   28261475 |   28759986 |   28192652 |   28212221 |   28396457 |   28385806 |   28582008
  Cycles                             |  226200814 |  226200814 |  226200814 |  226200814 |  226200814 |  226200814 |  226200814 |  226200814 |  226200814 |  226200814 |  226200814 |  226200814 |  226200814 |  226200814
  IPC                                |       0.12 |       0.12 |       0.12 |       0.12 |       0.12 |       0.12 |       0.12 |       0.12 |       0.13 |       0.12 |       0.12 |       0.13 |       0.13 |       0.13
  Time (ns)                          |   85037900 |   85037900 |   85037900 |   85037900 |   85037900 |   85037900 |   85037900 |   85037900 |   85037900 |   85037900 |   85037900 |   85037900 |   85037900 |   85037900
  Idle time (ns)                     |         -8 |        202 |        228 |         89 |        -88 |        142 |        190 |        -15 |        -88 |         63 |         -8 |        289 |        228 |        142
  Idle time (%)                      |      -0.0% |       0.0% |       0.0% |       0.0% |      -0.0% |       0.0% |       0.0% |      -0.0% |      -0.0% |       0.0% |      -0.0% |       0.0% |       0.0% |       0.0%
Branch predictor stats               |            |            |            |            |            |            |            |            |            |            |            |            |            |           
  num correct                        |    1048665 |    1049354 |    1048509 |    1048680 |    1048555 |    1048585 |    1048939 |    1049951 |    1059719 |    1048610 |    1048989 |    1052581 |    1052375 |    1056199
  num incorrect                      |       7955 |       7955 |       7955 |       7955 |       7955 |       7955 |       7955 |       7955 |       8006 |       7955 |       7955 |       7955 |       7955 |       7955
  misprediction rate                 |      0.75% |      0.75% |      0.75% |      0.75% |      0.75% |      0.75% |      0.75% |      0.75% |      0.75% |      0.75% |      0.75% |      0.75% |      0.75% |      0.75%
  mpki                               |       0.28 |       0.28 |       0.28 |       0.28 |       0.28 |       0.28 |       0.28 |       0.28 |       0.28 |       0.28 |       0.28 |       0.28 |       0.28 |       0.28
TLB Summary                          |            |            |            |            |            |            |            |            |            |            |            |            |            |           
  I-TLB                              |            |            |            |            |            |            |            |            |            |            |            |            |            |           
    num accesses                     |    2832684 |    2835415 |    2832064 |    2832744 |    2832248 |    2832369 |    2833769 |    2837776 |    2876325 |    2832462 |    2833970 |    2848198 |    2847378 |    2862528
    num misses                       |         61 |         61 |         61 |         61 |         61 |         61 |         61 |         61 |         63 |         61 |         61 |         61 |         61 |         61
    miss rate                        |      0.00% |      0.00% |      0.00% |      0.00% |      0.00% |      0.00% |      0.00% |      0.00% |      0.00% |      0.00% |      0.00% |      0.00% |      0.00% |      0.00%
    mpki                             |       0.00 |       0.00 |       0.00 |       0.00 |       0.00 |       0.00 |       0.00 |       0.00 |       0.00 |       0.00 |       0.00 |       0.00 |       0.00 |       0.00
  D-TLB                              |            |            |            |            |            |            |            |            |            |            |            |            |            |           
    num accesses                     |   15484866 |   15503246 |   15480687 |   15485274 |   15481925 |   15482753 |   15492165 |   15519132 |   15778151 |   15483357 |   15493530 |   15589282 |   15583750 |   15685719
    num misses                       |       5085 |       5164 |       5073 |       5086 |       5076 |       5078 |       5114 |       5235 |       6344 |       5080 |       5122 |       5534 |       5514 |       5946
    miss rate                        |      0.03% |      0.03% |      0.03% |      0.03% |      0.03% |      0.03% |      0.03% |      0.03% |      0.04% |      0.03% |      0.03% |      0.04% |      0.04% |      0.04%
    mpki                             |       0.18 |       0.18 |       0.18 |       0.18 |       0.18 |       0.18 |       0.18 |       0.19 |       0.22 |       0.18 |       0.18 |       0.19 |       0.19 |       0.21
  L2 TLB                             |            |            |            |            |            |            |            |            |            |            |            |            |            |           
    num accesses                     |       5146 |       5225 |       5134 |       5147 |       5137 |       5139 |       5175 |       5296 |       6407 |       5141 |       5183 |       5595 |       5575 |       6007
    num misses                       |        316 |        316 |        316 |        316 |        316 |        316 |        316 |        316 |        333 |        316 |        316 |        316 |        316 |        316
    miss rate                        |      6.14% |      6.05% |      6.16% |      6.14% |      6.15% |      6.15% |      6.11% |      5.97% |      5.20% |      6.15% |      6.10% |      5.65% |      5.67% |      5.26%
    mpki                             |       0.01 |       0.01 |       0.01 |       0.01 |       0.01 |       0.01 |       0.01 |       0.01 |       0.01 |       0.01 |       0.01 |       0.01 |       0.01 |       0.01
Cache Summary                        |            |            |            |            |            |            |            |            |            |            |            |            |            |           
  Cache L1-I                         |            |            |            |            |            |            |            |            |            |            |            |            |            |           
    num cache accesses               |    2832684 |    2835415 |    2832064 |    2832744 |    2832248 |    2832369 |    2833769 |    2837776 |    2876325 |    2832462 |    2833970 |    2848198 |    2847378 |    2862528
    num cache misses                 |    1747204 |    1730254 |    1737447 |    1728487 |    1736879 |    1718349 |    1714455 |    1711646 |    1653022 |    1716182 |    1712828 |    1693447 |    1699626 |    1671792
    miss rate                        |     61.68% |     61.02% |     61.35% |     61.02% |     61.33% |     60.67% |     60.50% |     60.32% |     57.47% |     60.59% |     60.44% |     59.46% |     59.69% |     58.40%
    mpki                             |      61.97 |      61.29 |      61.64 |      61.30 |      61.61 |      60.95 |      60.78 |      60.56 |      57.48 |      60.87 |      60.71 |      59.64 |      59.88 |      58.49
  Cache L1-D                         |            |            |            |            |            |            |            |            |            |            |            |            |            |           
    num cache accesses               |   15484866 |   15503246 |   15480687 |   15485274 |   15481925 |   15482753 |   15492165 |   15519132 |   15778151 |   15483357 |   15493530 |   15589282 |   15583750 |   15685719
    num cache misses                 |    6905542 |    6910328 |    6942668 |    6908742 |    6947558 |    6918266 |    6899285 |    6908831 |    6915958 |    6908480 |    6919918 |    6875504 |    6886794 |    6905710
    miss rate                        |     44.60% |     44.57% |     44.85% |     44.61% |     44.88% |     44.68% |     44.53% |     44.52% |     43.83% |     44.62% |     44.66% |     44.10% |     44.19% |     44.03%
    mpki                             |     244.92 |     244.78 |     246.30 |     245.02 |     246.46 |     245.40 |     244.57 |     244.46 |     240.47 |     245.05 |     245.28 |     242.13 |     242.61 |     241.61
  Cache L2                           |            |            |            |            |            |            |            |            |            |            |            |            |            |           
    num cache accesses               |    8653526 |    8641371 |    8680917 |    8638003 |    8685193 |    8637401 |    8614532 |    8621290 |    8569822 |    8625463 |    8633526 |    8569721 |    8587219 |    8578343
    num cache misses                 |    4667356 |    4659855 |    4670328 |    4680942 |    4676276 |    4679312 |    4672033 |    4653343 |    4569396 |    4683370 |    4675171 |    4636176 |    4630922 |    4598670
    miss rate                        |     53.94% |     53.92% |     53.80% |     54.19% |     53.84% |     54.18% |     54.23% |     53.98% |     53.32% |     54.30% |     54.15% |     54.10% |     53.93% |     53.61%
    mpki                             |     165.54 |     165.06 |     165.69 |     166.01 |     165.88 |     165.98 |     165.62 |     164.65 |     158.88 |     166.12 |     165.71 |     163.27 |     163.14 |     160.89
  Cache L3                           |            |            |            |            |            |            |            |            |            |            |            |            |            |           
    num cache accesses               |    4668151 |    4660660 |    4671147 |    4681738 |    4677054 |    4680116 |    4672847 |    4654175 |    4570258 |    4684186 |    4675973 |    4636964 |    4631743 |    4599532
    num cache misses                 |      35342 |      35409 |      35365 |      35402 |      35377 |      35396 |      35427 |      35408 |      35795 |      35387 |      35423 |      35354 |      35394 |      35475
    miss rate                        |      0.76% |      0.76% |      0.76% |      0.76% |      0.76% |      0.76% |      0.76% |      0.76% |      0.78% |      0.76% |      0.76% |      0.76% |      0.76% |      0.77%
    mpki                             |       1.25 |       1.25 |       1.25 |       1.26 |       1.25 |       1.26 |       1.26 |       1.25 |       1.24 |       1.26 |       1.26 |       1.25 |       1.25 |       1.24
DRAM summary                         |            |            |            |            |            |            |            |            |            |            |            |            |            |           
  num dram accesses                  |     630468 |          0 |          0 |          0 |          0 |          0 |          0 |          0 |          0 |          0 |          0 |          0 |          0 |          0
  average dram access latency (ns)   |      57.36 |        inf |        inf |        inf |        inf |        inf |        inf |        inf |        inf |        inf |        inf |        inf |        inf |        inf
  average dram queueing delay        |       3.93 |       0.00 |       0.00 |       0.00 |       0.00 |       0.00 |       0.00 |       0.00 |       0.00 |       0.00 |       0.00 |       0.00 |       0.00 |       0.00
  average dram bandwidth utilization |      6.00% |      0.00% |      0.00% |      0.00% |      0.00% |      0.00% |      0.00% |      0.00% |      0.00% |      0.00% |      0.00% |      0.00% |      0.00% |      0.00%
Coherency Traffic                    |            |            |            |            |            |            |            |            |            |            |            |            |            |           
  num loads from dram                |      33083 |      33214 |      33124 |      33134 |      33129 |      33153 |      33156 |      33200 |      33260 |      33149 |      33129 |      32980 |      33031 |      33105
  num loads from dram cache          |          0 |          0 |          0 |          0 |          0 |          0 |          0 |          0 |          0 |          0 |          0 |          0 |          0 |          0
  num loads from remote cache        |          0 |          0 |          0 |          0 |          0 |          0 |          0 |          0 |          0 |          0 |          0 |          0 |          0 |          0
