                                     | Core 0     | Core 1     | Core 2     | Core 3     | Core 4     | Core 5     | Core 6     | Core 7     | Core 8     | Core 9     | Core 10    | Core 11    | Core 12    | Core 13    | Core 14    | Core 15   
  Instructions                       |      80395 |      76155 |      90360 |      86947 |      87064 |      84337 |      60357 |      87053 |      87669 |      82722 |      82448 |      79524 |      80844 |      40085 |      90578 |      81528
  Cycles                             |    1752940 |    1752940 |    1752940 |    1752940 |    1752940 |    1752940 |    1752940 |    1752940 |    1752940 |    1752940 |    1752940 |    1752940 |    1752940 |    1752940 |    1752940 |    1752940
  IPC                                |       0.05 |       0.04 |       0.05 |       0.05 |       0.05 |       0.05 |       0.03 |       0.05 |       0.05 |       0.05 |       0.05 |       0.05 |       0.05 |       0.02 |       0.05 |       0.05
  Time (ns)                          |     659000 |     659000 |     659000 |     659000 |     659000 |     659000 |     659000 |     659000 |     659000 |     659000 |     659000 |     659000 |     659000 |     659000 |     659000 |     659000
  Idle time (ns)                     |         17 |         39 |       5398 |        287 |        140 |       -223 |        315 |        231 |        287 |        140 |         -9 |         -9 |        -45 |     236320 |       -223 |        202
  Idle time (%)                      |       0.0% |       0.0% |       0.8% |       0.0% |       0.0% |      -0.0% |       0.0% |       0.0% |       0.0% |       0.0% |      -0.0% |      -0.0% |      -0.0% |      35.9% |      -0.0% |       0.0%
Branch predictor stats               |            |            |            |            |            |            |            |            |            |            |            |            |            |            |            |           
  num correct                        |      17648 |      16800 |      19625 |      18958 |      18981 |      18436 |      13640 |      18979 |      19102 |      18113 |      18058 |      17473 |      17737 |       9612 |      19646 |      17874
  num incorrect                      |       1046 |       1046 |       1069 |       1046 |       1046 |       1046 |       1046 |       1046 |       1046 |       1046 |       1046 |       1046 |       1046 |       1041 |       1085 |       1046
  misprediction rate                 |      5.60% |      5.86% |      5.17% |      5.23% |      5.22% |      5.37% |      7.12% |      5.22% |      5.19% |      5.46% |      5.48% |      5.65% |      5.57% |      9.77% |      5.23% |      5.53%
  mpki                               |      13.01 |      13.74 |      11.83 |      12.03 |      12.01 |      12.40 |      17.33 |      12.02 |      11.93 |      12.64 |      12.69 |      13.15 |      12.94 |      25.97 |      11.98 |      12.83
TLB Summary                          |            |            |            |            |            |            |            |            |            |            |            |            |            |            |            |           
  I-TLB                              |            |            |            |            |            |            |            |            |            |            |            |            |            |            |            |           
    num accesses                     |       4798 |       4798 |       4833 |       4798 |       4798 |       4798 |       4798 |       4798 |       4798 |       4798 |       4798 |       4798 |       4798 |       4785 |       4859 |       4798
    num misses                       |         42 |         42 |         43 |         42 |         42 |         42 |         42 |         42 |         42 |         42 |         42 |         42 |         42 |         40 |         45 |         42
    miss rate                        |      0.88% |      0.88% |      0.89% |      0.88% |      0.88% |      0.88% |      0.88% |      0.88% |      0.88% |      0.88% |      0.88% |      0.88% |      0.88% |      0.84% |      0.93% |      0.88%
    mpki                             |       0.52 |       0.55 |       0.48 |       0.48 |       0.48 |       0.50 |       0.70 |       0.48 |       0.48 |       0.51 |       0.51 |       0.53 |       0.52 |       1.00 |       0.50 |       0.52
  D-TLB                              |            |            |            |            |            |            |            |            |            |            |            |            |            |            |            |           
    num accesses                     |      57793 |      52702 |      69656 |      65654 |      65788 |      62521 |      33740 |      65780 |      66520 |      60585 |      60254 |      56745 |      58330 |       9529 |      69719 |      59150
    num misses                       |         21 |         21 |         21 |         21 |         21 |         21 |         21 |         21 |         21 |         21 |         21 |         21 |         21 |         21 |         21 |         21
    miss rate                        |      0.04% |      0.04% |      0.03% |      0.03% |      0.03% |      0.03% |      0.06% |      0.03% |      0.03% |      0.03% |      0.03% |      0.04% |      0.04% |      0.22% |      0.03% |      0.04%
    mpki                             |       0.26 |       0.28 |       0.23 |       0.24 |       0.24 |       0.25 |       0.35 |       0.24 |       0.24 |       0.25 |       0.25 |       0.26 |       0.26 |       0.52 |       0.23 |       0.26
  L2 TLB                             |            |            |            |            |            |            |            |            |            |            |            |            |            |            |            |           
    num accesses                     |         63 |         63 |         64 |         63 |         63 |         63 |         63 |         63 |         63 |         63 |         63 |         63 |         63 |         61 |         66 |         63
    num misses                       |         63 |         63 |         64 |         63 |         63 |         63 |         63 |         63 |         63 |         63 |         63 |         63 |         63 |         61 |         66 |         63
    miss rate                        |    100.00% |    100.00% |    100.00% |    100.00% |    100.00% |    100.00% |    100.00% |    100.00% |    100.00% |    100.00% |    100.00% |    100.00% |    100.00% |    100.00% |    100.00% |    100.00%
    mpki                             |       0.78 |       0.83 |       0.71 |       0.72 |       0.72 |       0.75 |       1.04 |       0.72 |       0.72 |       0.76 |       0.76 |       0.79 |       0.78 |       1.52 |       0.73 |       0.77
Cache Summary                        |            |            |            |            |            |            |            |            |            |            |            |            |            |            |            |           
  Cache L1-I                         |            |            |            |            |            |            |            |            |            |            |            |            |            |            |            |           
    num cache accesses               |       4798 |       4798 |       4833 |       4798 |       4798 |       4798 |       4798 |       4798 |       4798 |       4798 |       4798 |       4798 |       4798 |       4785 |       4859 |       4798
    num cache misses                 |       1522 |       1590 |       1591 |       1693 |       1651 |       1641 |       1662 |       1636 |       1685 |       1637 |       1676 |       1611 |       1548 |       1564 |       1631 |       1594
    miss rate                        |     31.72% |     33.14% |     32.92% |     35.29% |     34.41% |     34.20% |     34.64% |     34.10% |     35.12% |     34.12% |     34.93% |     33.58% |     32.26% |     32.69% |     33.57% |     33.22%
    mpki                             |      18.93 |      20.88 |      17.61 |      19.47 |      18.96 |      19.46 |      27.54 |      18.79 |      19.22 |      19.79 |      20.33 |      20.26 |      19.15 |      39.02 |      18.01 |      19.55
  Cache L1-D                         |            |            |            |            |            |            |            |            |            |            |            |            |            |            |            |           
    num cache accesses               |      57793 |      52702 |      69656 |      65654 |      65788 |      62521 |      33740 |      65780 |      66520 |      60585 |      60254 |      56745 |      58330 |       9529 |      69719 |      59150
    num cache misses                 |      28370 |      26123 |      29514 |      30306 |      29891 |      29798 |      15433 |      30888 |      30402 |      29580 |      29599 |      27968 |      28622 |       2009 |      30393 |      28420
    miss rate                        |     49.09% |     49.57% |     42.37% |     46.16% |     45.44% |     47.66% |     45.74% |     46.96% |     45.70% |     48.82% |     49.12% |     49.29% |     49.07% |     21.08% |     43.59% |     48.05%
    mpki                             |     352.88 |     343.02 |     326.63 |     348.56 |     343.32 |     353.32 |     255.70 |     354.82 |     346.78 |     357.58 |     359.00 |     351.69 |     354.04 |      50.12 |     335.55 |     348.59
  Cache L2                           |            |            |            |            |            |            |            |            |            |            |            |            |            |            |            |           
    num cache accesses               |      29910 |      27732 |      31126 |      32016 |      31560 |      31457 |      17112 |      32542 |      32105 |      31236 |      31295 |      29597 |      30188 |       3589 |      32043 |      30030
    num cache misses                 |      29153 |      26831 |      30298 |      31200 |      30693 |      30655 |      16250 |      31729 |      31245 |      30530 |      30493 |      28817 |      29387 |       2673 |      31244 |      29125
    miss rate                        |     97.47% |     96.75% |     97.34% |     97.45% |     97.25% |     97.45% |     94.96% |     97.50% |     97.32% |     97.74% |     97.44% |     97.36% |     97.35% |     74.48% |     97.51% |     96.99%
    mpki                             |     362.62 |     352.32 |     335.30 |     358.84 |     352.53 |     363.48 |     269.23 |     364.48 |     356.40 |     369.07 |     369.85 |     362.37 |     363.50 |      66.68 |     344.94 |     357.24
  Cache L3                           |            |            |            |            |            |            |            |            |            |            |            |            |            |            |            |           
    num cache accesses               |      29173 |      26852 |      30319 |      31218 |      30712 |      30674 |      16271 |      31748 |      31264 |      30550 |      30513 |      28838 |      29407 |       2692 |      31264 |      29146
    num cache misses                 |        726 |        732 |        750 |        732 |        731 |        732 |        731 |        734 |        728 |        735 |        736 |        733 |        732 |        720 |        776 |        730
    miss rate                        |      2.49% |      2.73% |      2.47% |      2.34% |      2.38% |      2.39% |      4.49% |      2.31% |      2.33% |      2.41% |      2.41% |      2.54% |      2.49% |     26.75% |      2.48% |      2.50%
    mpki                             |       9.03 |       9.61 |       8.30 |       8.42 |       8.40 |       8.68 |      12.11 |       8.43 |       8.30 |       8.89 |       8.93 |       9.22 |       9.05 |      17.96 |       8.57 |       8.95
DRAM summary                         |            |            |            |            |            |            |            |            |            |            |            |            |            |            |            |           
  num dram accesses                  |      12021 |          0 |          0 |          0 |          0 |          0 |          0 |          0 |          0 |          0 |          0 |          0 |          0 |          0 |          0 |          0
  average dram access latency (ns)   |     128.41 |        inf |        inf |        inf |        inf |        inf |        inf |        inf |        inf |        inf |        inf |        inf |        inf |        inf |        inf |        inf
  average dram queueing delay        |      74.98 |       0.00 |       0.00 |       0.00 |       0.00 |       0.00 |       0.00 |       0.00 |       0.00 |       0.00 |       0.00 |       0.00 |       0.00 |       0.00 |       0.00 |       0.00
  average dram bandwidth utilization |     15.00% |      0.00% |      0.00% |      0.00% |      0.00% |      0.00% |      0.00% |      0.00% |      0.00% |      0.00% |      0.00% |      0.00% |      0.00% |      0.00% |      0.00% |      0.00%
Coherency Traffic                    |            |            |            |            |            |            |            |            |            |            |            |            |            |            |            |           
  num loads from dram                |        187 |        191 |        189 |        199 |        194 |        193 |        191 |        190 |        190 |        194 |        197 |        198 |        188 |        189 |        205 |        195
  num loads from dram cache          |          0 |          0 |          0 |          0 |          0 |          0 |          0 |          0 |          0 |          0 |          0 |          0 |          0 |          0 |          0 |          0
  num loads from remote cache        |          0 |          0 |          0 |          0 |          0 |          0 |          0 |          0 |          0 |          0 |          0 |          0 |          0 |          0 |          0 |          0
