                                     | Core 0     | Core 1     | Core 2     | Core 3     | Core 4     | Core 5     | Core 6     | Core 7     | Core 8    
  Instructions                       |   28759949 |   28718717 |   28544597 |   28566875 |   28340287 |   28321339 |   28249229 |   28223571 |   28245088
  Cycles                             |  124148850 |  124148850 |  124148850 |  124148850 |  124148850 |  124148850 |  124148850 |  124148850 |  124148850
  IPC                                |       0.23 |       0.23 |       0.23 |       0.23 |       0.23 |       0.23 |       0.23 |       0.23 |       0.23
  Time (ns)                          |   46672500 |   46672500 |   46672500 |   46672500 |   46672500 |   46672500 |   46672500 |   46672500 |   46672500
  Idle time (ns)                     |        -10 |        -10 |        135 |         52 |         52 |         86 |        105 |         75 |         24
  Idle time (%)                      |      -0.0% |      -0.0% |       0.0% |       0.0% |       0.0% |       0.0% |       0.0% |       0.0% |       0.0%
Branch predictor stats               |            |            |            |            |            |            |            |            |           
  num correct                        |    1059719 |    1058863 |    1055469 |    1055904 |    1051487 |    1051118 |    1049712 |    1049211 |    1049630
  num incorrect                      |       8006 |       7955 |       7955 |       7955 |       7955 |       7955 |       7955 |       7955 |       7955
  misprediction rate                 |      0.75% |      0.75% |      0.75% |      0.75% |      0.75% |      0.75% |      0.75% |      0.75% |      0.75%
  mpki                               |       0.28 |       0.28 |       0.28 |       0.28 |       0.28 |       0.28 |       0.28 |       0.28 |       0.28
TLB Summary                          |            |            |            |            |            |            |            |            |           
  I-TLB                              |            |            |            |            |            |            |            |            |           
    num accesses                     |    2876325 |    2873085 |    2859639 |    2861360 |    2843862 |    2842399 |    2836830 |    2834848 |    2836509
    num misses                       |         63 |         61 |         61 |         61 |         61 |         61 |         61 |         61 |         61
    miss rate                        |      0.00% |      0.00% |      0.00% |      0.00% |      0.00% |      0.00% |      0.00% |      0.00% |      0.00%
    mpki                             |       0.00 |       0.00 |       0.00 |       0.00 |       0.00 |       0.00 |       0.00 |       0.00 |       0.00
  D-TLB                              |            |            |            |            |            |            |            |            |           
    num accesses                     |   15778135 |   15756754 |   15666278 |   15677855 |   15560095 |   15550246 |   15512771 |   15499431 |   15510616
    num misses                       |       6344 |       6237 |       5858 |       5911 |       5407 |       5363 |       5208 |       5148 |       5196
    miss rate                        |      0.04% |      0.04% |      0.04% |      0.04% |      0.03% |      0.03% |      0.03% |      0.03% |      0.03%
    mpki                             |       0.22 |       0.22 |       0.21 |       0.21 |       0.19 |       0.19 |       0.18 |       0.18 |       0.18
  L2 TLB                             |            |            |            |            |            |            |            |            |           
    num accesses                     |       6407 |       6298 |       5919 |       5972 |       5468 |       5424 |       5269 |       5209 |       5257
    num misses                       |        333 |        318 |        316 |        316 |        316 |        316 |        316 |        316 |        316
    miss rate                        |      5.20% |      5.05% |      5.34% |      5.29% |      5.78% |      5.83% |      6.00% |      6.07% |      6.01%
    mpki                             |       0.01 |       0.01 |       0.01 |       0.01 |       0.01 |       0.01 |       0.01 |       0.01 |       0.01
Cache Summary                        |            |            |            |            |            |            |            |            |           
  Cache L1-I                         |            |            |            |            |            |            |            |            |           
    num cache accesses               |    2876325 |    2873085 |    2859639 |    2861360 |    2843862 |    2842399 |    2836830 |    2834848 |    2836509
    num cache misses                 |    1347151 |    1342445 |    1381930 |    1388702 |    1395020 |    1384091 |    1379889 |    1368211 |    1361310
    miss rate                        |     46.84% |     46.72% |     48.33% |     48.53% |     49.05% |     48.69% |     48.64% |     48.26% |     47.99%
    mpki                             |      46.84 |      46.74 |      48.41 |      48.61 |      49.22 |      48.87 |      48.85 |      48.48 |      48.20
  Cache L1-D                         |            |            |            |            |            |            |            |            |           
    num cache accesses               |   15778135 |   15756754 |   15666278 |   15677855 |   15560095 |   15550246 |   15512771 |   15499431 |   15510616
    num cache misses                 |     486471 |     486494 |     488714 |     492312 |     488322 |     489907 |     487331 |     484483 |     487563
    miss rate                        |      3.08% |      3.09% |      3.12% |      3.14% |      3.14% |      3.15% |      3.14% |      3.13% |      3.14%
    mpki                             |      16.91 |      16.94 |      17.12 |      17.23 |      17.23 |      17.30 |      17.25 |      17.17 |      17.26
  Cache L2                           |            |            |            |            |            |            |            |            |           
    num cache accesses               |    1834356 |    1829665 |    1871368 |    1881716 |    1884034 |    1874687 |    1867892 |    1853357 |    1849539
    num cache misses                 |     677685 |     681771 |     690664 |     701034 |     710272 |     718384 |     722246 |     727083 |     730568
    miss rate                        |     36.94% |     37.26% |     36.91% |     37.26% |     37.70% |     38.32% |     38.67% |     39.23% |     39.50%
    mpki                             |      23.56 |      23.74 |      24.20 |      24.54 |      25.06 |      25.37 |      25.57 |      25.76 |      25.87
  Cache L3                           |            |            |            |            |            |            |            |            |           
    num cache accesses               |     678424 |     682499 |     691390 |     701742 |     710966 |     719076 |     722920 |     727748 |     731235
    num cache misses                 |      31184 |      31018 |      30942 |      26985 |      30855 |      30861 |      30821 |      30829 |      30832
    miss rate                        |      4.60% |      4.54% |      4.48% |      3.85% |      4.34% |      4.29% |      4.26% |      4.24% |      4.22%
    mpki                             |       1.08 |       1.08 |       1.08 |       0.94 |       1.09 |       1.09 |       1.09 |       1.09 |       1.09
DRAM summary                         |            |            |            |            |            |            |            |            |           
  num dram accesses                  |     357606 |          0 |          0 |          0 |          0 |          0 |          0 |          0 |          0
  average dram access latency (ns)   |      57.63 |        inf |        inf |        inf |        inf |        inf |        inf |        inf |        inf
  average dram queueing delay        |       4.20 |       0.00 |       0.00 |       0.00 |       0.00 |       0.00 |       0.00 |       0.00 |       0.00
  average dram bandwidth utilization |      6.00% |      0.00% |      0.00% |      0.00% |      0.00% |      0.00% |      0.00% |      0.00% |      0.00%
Coherency Traffic                    |            |            |            |            |            |            |            |            |           
  num loads from dram                |      26837 |      26651 |      27021 |      22948 |      26868 |      26870 |      26757 |      26673 |      26810
  num loads from dram cache          |          0 |          0 |          0 |          0 |          0 |          0 |          0 |          0 |          0
  num loads from remote cache        |          0 |          0 |          0 |          0 |          0 |          0 |          0 |          0 |          0
