                                     | Core 0      | Core 1      | Core 2      | Core 3      | Core 4      | Core 5      | Core 6      | Core 7      | Core 8      | Core 9      | Core 10     | Core 11     | Core 12     | Core 13     | Core 14     | Core 15    
  Instructions                       |    50121633 |    47615221 |    46464180 |    47380312 |    47188902 |    46873782 |    47176008 |    47089238 |    46981826 |    47106396 |    47078953 |    47102760 |    47146748 |    47047761 |    47155957 |    26419907
  Cycles                             |  1473298722 |  1473298722 |  1473298722 |  1473298722 |  1473298722 |  1473298722 |  1473298722 |  1473298722 |  1473298722 |  1473298722 |  1473298722 |  1473298722 |  1473298722 |  1473298722 |  1473298722 |  1473298722
  IPC                                |        0.03 |        0.03 |        0.03 |        0.03 |        0.03 |        0.03 |        0.03 |        0.03 |        0.03 |        0.03 |        0.03 |        0.03 |        0.03 |        0.03 |        0.03 |        0.02
  Time (ns)                          |   553871700 |   553871700 |   553871700 |   553871700 |   553871700 |   553871700 |   553871700 |   553871700 |   553871700 |   553871700 |   553871700 |   553871700 |   553871700 |   553871700 |   553871700 |   553871700
  Idle time (ns)                     |         -47 |          53 |         434 |         267 |          30 |         -47 |         387 |         506 |         419 |         474 |         362 |         267 |         434 |         474 |         188 |          77
  Idle time (%)                      |       -0.0% |        0.0% |        0.0% |        0.0% |        0.0% |       -0.0% |        0.0% |        0.0% |        0.0% |        0.0% |        0.0% |        0.0% |        0.0% |        0.0% |        0.0% |        0.0%
Branch predictor stats               |             |             |             |             |             |             |             |             |             |             |             |             |             |             |             |            
  num correct                        |    10022009 |     9520806 |     9290598 |     9473824 |     9435542 |     9372519 |     9432964 |     9415610 |     9394127 |     9419041 |     9413553 |     9418314 |     9427111 |     9407314 |     9428954 |     5281743
  num incorrect                      |        1517 |        1441 |        1441 |        1441 |        1441 |        1441 |        1441 |        1441 |        1441 |        1441 |        1441 |        1441 |        1441 |        1441 |        1441 |        1441
  misprediction rate                 |       0.02% |       0.02% |       0.02% |       0.02% |       0.02% |       0.02% |       0.02% |       0.02% |       0.02% |       0.02% |       0.02% |       0.02% |       0.02% |       0.02% |       0.02% |       0.03%
  mpki                               |        0.03 |        0.03 |        0.03 |        0.03 |        0.03 |        0.03 |        0.03 |        0.03 |        0.03 |        0.03 |        0.03 |        0.03 |        0.03 |        0.03 |        0.03 |        0.05
TLB Summary                          |             |             |             |             |             |             |             |             |             |             |             |             |             |             |             |            
  I-TLB                              |             |             |             |             |             |             |             |             |             |             |             |             |             |             |             |            
    num accesses                     |       15334 |       15165 |       15165 |       15165 |       15165 |       15165 |       15165 |       15165 |       15165 |       15165 |       15165 |       15165 |       15165 |       15165 |       15165 |       15165
    num misses                       |          52 |          48 |          48 |          48 |          48 |          48 |          48 |          48 |          48 |          48 |          48 |          48 |          48 |          48 |          48 |          48
    miss rate                        |       0.34% |       0.32% |       0.32% |       0.32% |       0.32% |       0.32% |       0.32% |       0.32% |       0.32% |       0.32% |       0.32% |       0.32% |       0.32% |       0.32% |       0.32% |       0.32%
    mpki                             |        0.00 |        0.00 |        0.00 |        0.00 |        0.00 |        0.00 |        0.00 |        0.00 |        0.00 |        0.00 |        0.00 |        0.00 |        0.00 |        0.00 |        0.00 |        0.00
  D-TLB                              |             |             |             |             |             |             |             |             |             |             |             |             |             |             |             |            
    num accesses                     |    60040200 |    57033199 |    55651948 |    56751305 |    56521617 |    56143456 |    56506141 |    56402022 |    56273127 |    56422611 |    56389681 |    56418248 |    56471031 |    56352245 |    56482084 |    31598821
    num misses                       |         128 |         126 |         126 |         126 |         126 |         126 |         126 |         126 |         126 |         126 |         126 |         126 |         126 |         126 |         126 |         126
    miss rate                        |       0.00% |       0.00% |       0.00% |       0.00% |       0.00% |       0.00% |       0.00% |       0.00% |       0.00% |       0.00% |       0.00% |       0.00% |       0.00% |       0.00% |       0.00% |       0.00%
    mpki                             |        0.00 |        0.00 |        0.00 |        0.00 |        0.00 |        0.00 |        0.00 |        0.00 |        0.00 |        0.00 |        0.00 |        0.00 |        0.00 |        0.00 |        0.00 |        0.00
  L2 TLB                             |             |             |             |             |             |             |             |             |             |             |             |             |             |             |             |            
    num accesses                     |         180 |         174 |         174 |         174 |         174 |         174 |         174 |         174 |         174 |         174 |         174 |         174 |         174 |         174 |         174 |         174
    num misses                       |         121 |         116 |         116 |         116 |         116 |         116 |         116 |         116 |         116 |         116 |         116 |         116 |         116 |         116 |         116 |         116
    miss rate                        |      67.22% |      66.67% |      66.67% |      66.67% |      66.67% |      66.67% |      66.67% |      66.67% |      66.67% |      66.67% |      66.67% |      66.67% |      66.67% |      66.67% |      66.67% |      66.67%
    mpki                             |        0.00 |        0.00 |        0.00 |        0.00 |        0.00 |        0.00 |        0.00 |        0.00 |        0.00 |        0.00 |        0.00 |        0.00 |        0.00 |        0.00 |        0.00 |        0.00
Cache Summary                        |             |             |             |             |             |             |             |             |             |             |             |             |             |             |             |            
  Cache L1-I                         |             |             |             |             |             |             |             |             |             |             |             |             |             |             |             |            
    num cache accesses               |       15334 |       15165 |       15165 |       15165 |       15165 |       15165 |       15165 |       15165 |       15165 |       15165 |       15165 |       15165 |       15165 |       15165 |       15165 |       15165
    num cache misses                 |        6995 |        7069 |        6760 |        6985 |        5637 |        6122 |        6838 |        7061 |        7036 |        6982 |        5908 |        5467 |        6662 |        6990 |        6735 |        6892
    miss rate                        |      45.62% |      46.61% |      44.58% |      46.06% |      37.17% |      40.37% |      45.09% |      46.56% |      46.40% |      46.04% |      38.96% |      36.05% |      43.93% |      46.09% |      44.41% |      45.45%
    mpki                             |        0.14 |        0.15 |        0.15 |        0.15 |        0.12 |        0.13 |        0.14 |        0.15 |        0.15 |        0.15 |        0.13 |        0.12 |        0.14 |        0.15 |        0.14 |        0.26
  Cache L1-D                         |             |             |             |             |             |             |             |             |             |             |             |             |             |             |             |            
    num cache accesses               |    60040200 |    57033199 |    55651948 |    56751305 |    56521617 |    56143456 |    56506141 |    56402022 |    56273127 |    56422611 |    56389681 |    56418248 |    56471031 |    56352245 |    56482084 |    31598821
    num cache misses                 |    29208793 |    28679766 |    28498197 |    28679764 |    28627878 |    28576472 |    28636839 |    28623662 |    28602328 |    28625615 |    28616873 |    28613437 |    28627908 |    28596528 |    28623342 |    16367802
    miss rate                        |      48.65% |      50.29% |      51.21% |      50.54% |      50.65% |      50.90% |      50.68% |      50.75% |      50.83% |      50.73% |      50.75% |      50.72% |      50.69% |      50.75% |      50.68% |      51.80%
    mpki                             |      582.76 |      602.32 |      613.34 |      605.31 |      606.67 |      609.65 |      607.02 |      607.86 |      608.80 |      607.68 |      607.85 |      607.47 |      607.21 |      607.82 |      606.99 |      619.53
  Cache L2                           |             |             |             |             |             |             |             |             |             |             |             |             |             |             |             |            
    num cache accesses               |    29215828 |    28686869 |    28504989 |    28686784 |    28633553 |    28582628 |    28643712 |    28630757 |    28609398 |    28632632 |    28622816 |    28618941 |    28634604 |    28603552 |    28630113 |    16374727
    num cache misses                 |    29213908 |    28684781 |    28502795 |    28684806 |    28631475 |    28580319 |    28641338 |    28628726 |    28607272 |    28630612 |    28620523 |    28616922 |    28632310 |    28601581 |    28628019 |    16372596
    miss rate                        |      99.99% |      99.99% |      99.99% |      99.99% |      99.99% |      99.99% |      99.99% |      99.99% |      99.99% |      99.99% |      99.99% |      99.99% |      99.99% |      99.99% |      99.99% |      99.99%
    mpki                             |      582.86 |      602.43 |      613.44 |      605.42 |      606.74 |      609.73 |      607.12 |      607.97 |      608.90 |      607.79 |      607.93 |      607.54 |      607.30 |      607.93 |      607.09 |      619.71
  Cache L3                           |             |             |             |             |             |             |             |             |             |             |             |             |             |             |             |            
    num cache accesses               |    29213950 |    28684816 |    28502829 |    28684843 |    28631516 |    28580357 |    28641375 |    28628761 |    28607306 |    28630649 |    28620562 |    28616961 |    28632346 |    28601615 |    28628056 |    16372630
    num cache misses                 |        2835 |        2750 |        2750 |        2755 |        2719 |        2717 |        2739 |        2752 |        2757 |        2751 |        2729 |        2697 |        2728 |        2749 |        2749 |        2743
    miss rate                        |       0.01% |       0.01% |       0.01% |       0.01% |       0.01% |       0.01% |       0.01% |       0.01% |       0.01% |       0.01% |       0.01% |       0.01% |       0.01% |       0.01% |       0.01% |       0.02%
    mpki                             |        0.06 |        0.06 |        0.06 |        0.06 |        0.06 |        0.06 |        0.06 |        0.06 |        0.06 |        0.06 |        0.06 |        0.06 |        0.06 |        0.06 |        0.06 |        0.10
DRAM summary                         |             |             |             |             |             |             |             |             |             |             |             |             |             |             |             |            
  num dram accesses                  |       44700 |           0 |           0 |           0 |           0 |           0 |           0 |           0 |           0 |           0 |           0 |           0 |           0 |           0 |           0 |           0
  average dram access latency (ns)   |      102.06 |         inf |         inf |         inf |         inf |         inf |         inf |         inf |         inf |         inf |         inf |         inf |         inf |         inf |         inf |         inf
  average dram queueing delay        |       48.63 |        0.00 |        0.00 |        0.00 |        0.00 |        0.00 |        0.00 |        0.00 |        0.00 |        0.00 |        0.00 |        0.00 |        0.00 |        0.00 |        0.00 |        0.00
  average dram bandwidth utilization |       0.00% |       0.00% |       0.00% |       0.00% |       0.00% |       0.00% |       0.00% |       0.00% |       0.00% |       0.00% |       0.00% |       0.00% |       0.00% |       0.00% |       0.00% |       0.00%
Coherency Traffic                    |             |             |             |             |             |             |             |             |             |             |             |             |             |             |             |            
  num loads from dram                |        1440 |        1441 |        1425 |        1435 |        1392 |        1401 |        1424 |        1439 |        1437 |        1434 |        1401 |        1373 |        1412 |        1434 |        1430 |        1430
  num loads from dram cache          |           0 |           0 |           0 |           0 |           0 |           0 |           0 |           0 |           0 |           0 |           0 |           0 |           0 |           0 |           0 |           0
  num loads from remote cache        |           0 |           0 |           0 |           0 |           0 |           0 |           0 |           0 |           0 |           0 |           0 |           0 |           0 |           0 |           0 |           0
