                                     | Core 0     | Core 1     | Core 2     | Core 3     | Core 4     | Core 5     | Core 6     | Core 7     | Core 8     | Core 9     | Core 10    | Core 11    | Core 12   
  Instructions                       |   40084173 |   40088001 |   40121658 |   40101541 |   40108068 |   40079806 |   40081732 |   40108407 |   40081305 |   40080140 |   40095749 |   40079981 |   40079168
  Cycles                             |  174251546 |  174251546 |  174251546 |  174251546 |  174251546 |  174251546 |  174251546 |  174251546 |  174251546 |  174251546 |  174251546 |  174251546 |  174251546
  IPC                                |       0.23 |       0.23 |       0.23 |       0.23 |       0.23 |       0.23 |       0.23 |       0.23 |       0.23 |       0.23 |       0.23 |       0.23 |       0.23
  Time (ns)                          |   65508100 |   65508100 |   65508100 |   65508100 |   65508100 |   65508100 |   65508100 |   65508100 |   65508100 |   65508100 |   65508100 |   65508100 |   65508100
  Idle time (ns)                     |        103 |        -24 |        -24 |        103 |         25 |        148 |         93 |         66 |         65 |         65 |         51 |         22 |         50
  Idle time (%)                      |       0.0% |      -0.0% |      -0.0% |       0.0% |       0.0% |       0.0% |       0.0% |       0.0% |       0.0% |       0.0% |       0.0% |       0.0% |       0.0%
Branch predictor stats               |            |            |            |            |            |            |            |            |            |            |            |            |           
  num correct                        |   10012784 |   10013742 |   10022008 |   10017127 |   10018758 |   10011693 |   10012175 |   10018843 |   10012068 |   10011776 |   10015678 |   10011737 |   10011533
  num incorrect                      |       1441 |       1441 |       1517 |       1441 |       1441 |       1441 |       1441 |       1441 |       1441 |       1441 |       1441 |       1441 |       1441
  misprediction rate                 |      0.01% |      0.01% |      0.02% |      0.01% |      0.01% |      0.01% |      0.01% |      0.01% |      0.01% |      0.01% |      0.01% |      0.01% |      0.01%
  mpki                               |       0.04 |       0.04 |       0.04 |       0.04 |       0.04 |       0.04 |       0.04 |       0.04 |       0.04 |       0.04 |       0.04 |       0.04 |       0.04
TLB Summary                          |            |            |            |            |            |            |            |            |            |            |            |            |           
  I-TLB                              |            |            |            |            |            |            |            |            |            |            |            |            |           
    num accesses                     |      15165 |      15165 |      15334 |      15165 |      15165 |      15165 |      15165 |      15165 |      15165 |      15165 |      15165 |      15165 |      15165
    num misses                       |         48 |         48 |         52 |         48 |         48 |         48 |         48 |         48 |         48 |         48 |         48 |         48 |         48
    miss rate                        |      0.32% |      0.32% |      0.34% |      0.32% |      0.32% |      0.32% |      0.32% |      0.32% |      0.32% |      0.32% |      0.32% |      0.32% |      0.32%
    mpki                             |       0.00 |       0.00 |       0.00 |       0.00 |       0.00 |       0.00 |       0.00 |       0.00 |       0.00 |       0.00 |       0.00 |       0.00 |       0.00
  D-TLB                              |            |            |            |            |            |            |            |            |            |            |            |            |           
    num accesses                     |      39839 |      39839 |      40221 |      39839 |      39839 |      39839 |      39839 |      39839 |      39839 |      39839 |      39839 |      39839 |      39839
    num misses                       |         75 |         75 |         76 |         75 |         75 |         75 |         75 |         75 |         75 |         75 |         75 |         75 |         75
    miss rate                        |      0.19% |      0.19% |      0.19% |      0.19% |      0.19% |      0.19% |      0.19% |      0.19% |      0.19% |      0.19% |      0.19% |      0.19% |      0.19%
    mpki                             |       0.00 |       0.00 |       0.00 |       0.00 |       0.00 |       0.00 |       0.00 |       0.00 |       0.00 |       0.00 |       0.00 |       0.00 |       0.00
  L2 TLB                             |            |            |            |            |            |            |            |            |            |            |            |            |           
    num accesses                     |        123 |        123 |        128 |        123 |        123 |        123 |        123 |        123 |        123 |        123 |        123 |        123 |        123
    num misses                       |        116 |        116 |        121 |        116 |        116 |        116 |        116 |        116 |        116 |        116 |        116 |        116 |        116
    miss rate                        |     94.31% |     94.31% |     94.53% |     94.31% |     94.31% |     94.31% |     94.31% |     94.31% |     94.31% |     94.31% |     94.31% |     94.31% |     94.31%
    mpki                             |       0.00 |       0.00 |       0.00 |       0.00 |       0.00 |       0.00 |       0.00 |       0.00 |       0.00 |       0.00 |       0.00 |       0.00 |       0.00
Cache Summary                        |            |            |            |            |            |            |            |            |            |            |            |            |           
  Cache L1-I                         |            |            |            |            |            |            |            |            |            |            |            |            |           
    num cache accesses               |      15165 |      15165 |      15334 |      15165 |      15165 |      15165 |      15165 |      15165 |      15165 |      15165 |      15165 |      15165 |      15165
    num cache misses                 |       6740 |       6596 |       5518 |       5927 |       5758 |       6787 |       6712 |       5611 |       6587 |       6552 |       5986 |       6455 |       6468
    miss rate                        |     44.44% |     43.49% |     35.99% |     39.08% |     37.97% |     44.75% |     44.26% |     37.00% |     43.44% |     43.20% |     39.47% |     42.57% |     42.65%
    mpki                             |       0.17 |       0.16 |       0.14 |       0.15 |       0.14 |       0.17 |       0.17 |       0.14 |       0.16 |       0.16 |       0.15 |       0.16 |       0.16
  Cache L1-D                         |            |            |            |            |            |            |            |            |            |            |            |            |           
    num cache accesses               |      39839 |      39839 |      40221 |      39839 |      39839 |      39839 |      39839 |      39839 |      39839 |      39839 |      39839 |      39839 |      39839
    num cache misses                 |       8928 |       8685 |       7944 |       8396 |       8368 |       8851 |       8907 |       8106 |       8851 |       8752 |       8396 |       8709 |       8687
    miss rate                        |     22.41% |     21.80% |     19.75% |     21.07% |     21.00% |     22.22% |     22.36% |     20.35% |     22.22% |     21.97% |     21.07% |     21.86% |     21.81%
    mpki                             |       0.22 |       0.22 |       0.20 |       0.21 |       0.21 |       0.22 |       0.22 |       0.20 |       0.22 |       0.22 |       0.21 |       0.22 |       0.22
  Cache L2                           |            |            |            |            |            |            |            |            |            |            |            |            |           
    num cache accesses               |      15699 |      15313 |      13494 |      14354 |      14157 |      15669 |      15650 |      13749 |      15469 |      15336 |      14413 |      15195 |      15185
    num cache misses                 |      12562 |      12274 |      11087 |      11956 |      11683 |      12435 |      12581 |      11318 |      12505 |      12221 |      12077 |      12152 |      12226
    miss rate                        |     80.02% |     80.15% |     82.16% |     83.29% |     82.52% |     79.36% |     80.39% |     82.32% |     80.84% |     79.69% |     83.79% |     79.97% |     80.51%
    mpki                             |       0.31 |       0.31 |       0.28 |       0.30 |       0.29 |       0.31 |       0.31 |       0.28 |       0.31 |       0.30 |       0.30 |       0.30 |       0.31
  Cache L3                           |            |            |            |            |            |            |            |            |            |            |            |            |           
    num cache accesses               |      12595 |      12306 |      11123 |      11989 |      11715 |      12467 |      12613 |      11353 |      12537 |      12254 |      12109 |      12184 |      12258
    num cache misses                 |       2625 |       2617 |       2672 |       2613 |       2602 |       2627 |       2622 |       2603 |       2627 |       2609 |       2617 |       2604 |       2603
    miss rate                        |     20.84% |     21.27% |     24.02% |     21.79% |     22.21% |     21.07% |     20.79% |     22.93% |     20.95% |     21.29% |     21.61% |     21.37% |     21.24%
    mpki                             |       0.07 |       0.07 |       0.07 |       0.07 |       0.06 |       0.07 |       0.07 |       0.06 |       0.07 |       0.07 |       0.07 |       0.06 |       0.06
DRAM summary                         |            |            |            |            |            |            |            |            |            |            |            |            |           
  num dram accesses                  |      34679 |          0 |          0 |          0 |          0 |          0 |          0 |          0 |          0 |          0 |          0 |          0 |          0
  average dram access latency (ns)   |      96.22 |        inf |        inf |        inf |        inf |        inf |        inf |        inf |        inf |        inf |        inf |        inf |        inf
  average dram queueing delay        |      42.80 |       0.00 |       0.00 |       0.00 |       0.00 |       0.00 |       0.00 |       0.00 |       0.00 |       0.00 |       0.00 |       0.00 |       0.00
  average dram bandwidth utilization |      0.00% |      0.00% |      0.00% |      0.00% |      0.00% |      0.00% |      0.00% |      0.00% |      0.00% |      0.00% |      0.00% |      0.00% |      0.00%
Coherency Traffic                    |            |            |            |            |            |            |            |            |            |            |            |            |           
  num loads from dram                |       1349 |       1340 |       1326 |       1335 |       1325 |       1350 |       1351 |       1332 |       1351 |       1343 |       1334 |       1336 |       1335
  num loads from dram cache          |          0 |          0 |          0 |          0 |          0 |          0 |          0 |          0 |          0 |          0 |          0 |          0 |          0
  num loads from remote cache        |          0 |          0 |          0 |          0 |          0 |          0 |          0 |          0 |          0 |          0 |          0 |          0 |          0
