                                     | Core 0     | Core 1     | Core 2     | Core 3     | Core 4     | Core 5     | Core 6     | Core 7     | Core 8    
  Instructions                       |   49817557 |   49889922 |   49138848 |   49366987 |   49204182 |   49170003 |   49815492 |   49595680 |   50121706
  Cycles                             |  456354654 |  456354654 |  456354654 |  456354654 |  456354654 |  456354654 |  456354654 |  456354654 |  456354654
  IPC                                |       0.11 |       0.11 |       0.11 |       0.11 |       0.11 |       0.11 |       0.11 |       0.11 |       0.11
  Time (ns)                          |  171561900 |  171561900 |  171561900 |  171561900 |  171561900 |  171561900 |  171561900 |  171561900 |  171561900
  Idle time (ns)                     |         53 |         33 |         33 |         51 |         14 |        -19 |         51 |        -29 |        -19
  Idle time (%)                      |       0.0% |       0.0% |       0.0% |       0.0% |       0.0% |      -0.0% |       0.0% |      -0.0% |      -0.0%
Branch predictor stats               |            |            |            |            |            |            |            |            |           
  num correct                        |    9961273 |    9975746 |    9825532 |    9871159 |    9838598 |    9831763 |    9960861 |    9916898 |   10022009
  num incorrect                      |       1441 |       1441 |       1441 |       1441 |       1441 |       1441 |       1441 |       1441 |       1517
  misprediction rate                 |      0.01% |      0.01% |      0.01% |      0.01% |      0.01% |      0.01% |      0.01% |      0.01% |      0.02%
  mpki                               |       0.03 |       0.03 |       0.03 |       0.03 |       0.03 |       0.03 |       0.03 |       0.03 |       0.03
TLB Summary                          |            |            |            |            |            |            |            |            |           
  I-TLB                              |            |            |            |            |            |            |            |            |           
    num accesses                     |      15165 |      15165 |      15165 |      15165 |      15165 |      15165 |      15165 |      15165 |      15334
    num misses                       |         48 |         48 |         48 |         48 |         48 |         48 |         48 |         48 |         52
    miss rate                        |      0.32% |      0.32% |      0.32% |      0.32% |      0.32% |      0.32% |      0.32% |      0.32% |      0.34%
    mpki                             |       0.00 |       0.00 |       0.00 |       0.00 |       0.00 |       0.00 |       0.00 |       0.00 |       0.00
  D-TLB                              |            |            |            |            |            |            |            |            |           
    num accesses                     |   59676001 |   59762840 |   58861554 |   59135316 |   58939954 |   58898941 |   59673528 |   59409735 |   60040237
    num misses                       |        126 |        126 |        126 |        126 |        126 |        126 |        126 |        126 |        126
    miss rate                        |      0.00% |      0.00% |      0.00% |      0.00% |      0.00% |      0.00% |      0.00% |      0.00% |      0.00%
    mpki                             |       0.00 |       0.00 |       0.00 |       0.00 |       0.00 |       0.00 |       0.00 |       0.00 |       0.00
  L2 TLB                             |            |            |            |            |            |            |            |            |           
    num accesses                     |        174 |        174 |        174 |        174 |        174 |        174 |        174 |        174 |        178
    num misses                       |        116 |        116 |        116 |        116 |        116 |        116 |        116 |        116 |        121
    miss rate                        |     66.67% |     66.67% |     66.67% |     66.67% |     66.67% |     66.67% |     66.67% |     66.67% |     67.98%
    mpki                             |       0.00 |       0.00 |       0.00 |       0.00 |       0.00 |       0.00 |       0.00 |       0.00 |       0.00
Cache Summary                        |            |            |            |            |            |            |            |            |           
  Cache L1-I                         |            |            |            |            |            |            |            |            |           
    num cache accesses               |      15165 |      15165 |      15165 |      15165 |      15165 |      15165 |      15165 |      15165 |      15334
    num cache misses                 |       5345 |       6094 |       5288 |       6026 |       5976 |       5655 |       6191 |       5959 |       5767
    miss rate                        |     35.25% |     40.18% |     34.87% |     39.74% |     39.41% |     37.29% |     40.82% |     39.29% |     37.61%
    mpki                             |       0.11 |       0.12 |       0.11 |       0.12 |       0.12 |       0.12 |       0.12 |       0.12 |       0.12
  Cache L1-D                         |            |            |            |            |            |            |            |            |           
    num cache accesses               |   59676001 |   59762840 |   58861554 |   59135316 |   58939954 |   58898941 |   59673528 |   59409735 |   60040237
    num cache misses                 |   11614294 |   11614561 |   11614314 |   11614557 |   11614539 |   11614381 |   11614643 |   11614526 |   11614448
    miss rate                        |     19.46% |     19.43% |     19.73% |     19.64% |     19.71% |     19.72% |     19.46% |     19.55% |     19.34%
    mpki                             |     233.14 |     232.80 |     236.36 |     235.27 |     236.05 |     236.21 |     233.15 |     234.18 |     231.72
  Cache L2                           |            |            |            |            |            |            |            |            |           
    num cache accesses               |   11619676 |   11620690 |   11619638 |   11620619 |   11620550 |   11620072 |   11620870 |   11620520 |   11620252
    num cache misses                 |   11615268 |   11615549 |   11615174 |   11615312 |   11615687 |   11615557 |   11615461 |   11615557 |   11615782
    miss rate                        |     99.96% |     99.96% |     99.96% |     99.95% |     99.96% |     99.96% |     99.95% |     99.96% |     99.96%
    mpki                             |     233.16 |     232.82 |     236.37 |     235.29 |     236.07 |     236.23 |     233.17 |     234.21 |     231.75
  Cache L3                           |            |            |            |            |            |            |            |            |           
    num cache accesses               |   11615307 |   11615586 |   11615213 |   11615350 |   11615725 |   11615594 |   11615498 |   11615594 |   11615821
    num cache misses                 |       2509 |       2511 |       2508 |       2508 |       2521 |       2526 |       2512 |       2511 |       2598
    miss rate                        |      0.02% |      0.02% |      0.02% |      0.02% |      0.02% |      0.02% |      0.02% |      0.02% |      0.02%
    mpki                             |       0.05 |       0.05 |       0.05 |       0.05 |       0.05 |       0.05 |       0.05 |       0.05 |       0.05
DRAM summary                         |            |            |            |            |            |            |            |            |           
  num dram accesses                  |      22894 |          0 |          0 |          0 |          0 |          0 |          0 |          0 |          0
  average dram access latency (ns)   |      85.06 |        inf |        inf |        inf |        inf |        inf |        inf |        inf |        inf
  average dram queueing delay        |      31.63 |       0.00 |       0.00 |       0.00 |       0.00 |       0.00 |       0.00 |       0.00 |       0.00
  average dram bandwidth utilization |      0.00% |      0.00% |      0.00% |      0.00% |      0.00% |      0.00% |      0.00% |      0.00% |      0.00%
Coherency Traffic                    |            |            |            |            |            |            |            |            |           
  num loads from dram                |       1230 |       1237 |       1225 |       1225 |       1242 |       1249 |       1231 |       1236 |       1256
  num loads from dram cache          |          0 |          0 |          0 |          0 |          0 |          0 |          0 |          0 |          0
  num loads from remote cache        |          0 |          0 |          0 |          0 |          0 |          0 |          0 |          0 |          0
