                                     | Core 0     | Core 1     | Core 2     | Core 3     | Core 4     | Core 5     | Core 6     | Core 7     | Core 8     | Core 9     | Core 10    | Core 11    | Core 12    | Core 13    | Core 14    | Core 15   
  Instructions                       |    9976993 |    9976799 |    9972230 |    9978082 |    9976443 |    9975055 |    9979074 |    9972418 |    9973862 |    9974857 |    9972558 |    9975492 |    9973140 |    9975412 |    9975264 |    9973978
  Cycles                             |   64580810 |   64580810 |   64580810 |   64580810 |   64580810 |   64580810 |   64580810 |   64580810 |   64580810 |   64580810 |   64580810 |   64580810 |   64580810 |   64580810 |   64580810 |   64580810
  IPC                                |       0.15 |       0.15 |       0.15 |       0.15 |       0.15 |       0.15 |       0.15 |       0.15 |       0.15 |       0.15 |       0.15 |       0.15 |       0.15 |       0.15 |       0.15 |       0.15
  Time (ns)                          |   24278500 |   24278500 |   24278500 |   24278500 |   24278500 |   24278500 |   24278500 |   24278500 |   24278500 |   24278500 |   24278500 |   24278500 |   24278500 |   24278500 |   24278500 |   24278500
  Idle time (ns)                     |        124 |        115 |         90 |        -91 |        124 |         76 |       -146 |        -33 |         80 |         68 |        -64 |        -64 |        115 |         48 |        108 |         90
  Idle time (%)                      |       0.0% |       0.0% |       0.0% |      -0.0% |       0.0% |       0.0% |      -0.0% |      -0.0% |       0.0% |       0.0% |      -0.0% |      -0.0% |       0.0% |       0.0% |       0.0% |       0.0%
Branch predictor stats               |            |            |            |            |            |            |            |            |            |            |            |            |            |            |            |           
  num correct                        |     300934 |     300929 |     300802 |     300964 |     300919 |     300880 |     301064 |     300807 |     300848 |     300875 |     300811 |     300892 |     300827 |     300890 |     300886 |     300851
  num incorrect                      |       1467 |       1467 |       1467 |       1467 |       1467 |       1467 |       1544 |       1467 |       1467 |       1467 |       1467 |       1467 |       1467 |       1467 |       1467 |       1467
  misprediction rate                 |      0.49% |      0.49% |      0.49% |      0.49% |      0.49% |      0.49% |      0.51% |      0.49% |      0.49% |      0.49% |      0.49% |      0.49% |      0.49% |      0.49% |      0.49% |      0.49%
  mpki                               |       0.15 |       0.15 |       0.15 |       0.15 |       0.15 |       0.15 |       0.15 |       0.15 |       0.15 |       0.15 |       0.15 |       0.15 |       0.15 |       0.15 |       0.15 |       0.15
TLB Summary                          |            |            |            |            |            |            |            |            |            |            |            |            |            |            |            |           
  I-TLB                              |            |            |            |            |            |            |            |            |            |            |            |            |            |            |            |           
    num accesses                     |    1096896 |    1096876 |    1096376 |    1097014 |    1096837 |    1096685 |    1097185 |    1096397 |    1096556 |    1096664 |    1096412 |    1096732 |    1096475 |    1096724 |    1096708 |    1096568
    num misses                       |         48 |         48 |         48 |         48 |         48 |         48 |         52 |         48 |         48 |         48 |         48 |         48 |         48 |         48 |         48 |         48
    miss rate                        |      0.00% |      0.00% |      0.00% |      0.00% |      0.00% |      0.00% |      0.00% |      0.00% |      0.00% |      0.00% |      0.00% |      0.00% |      0.00% |      0.00% |      0.00% |      0.00%
    mpki                             |       0.00 |       0.00 |       0.00 |       0.00 |       0.00 |       0.00 |       0.01 |       0.00 |       0.00 |       0.00 |       0.00 |       0.00 |       0.00 |       0.00 |       0.00 |       0.00
  D-TLB                              |            |            |            |            |            |            |            |            |            |            |            |            |            |            |            |           
    num accesses                     |    4595412 |    4595325 |    4593221 |    4595908 |    4595164 |    4594523 |    4596319 |    4593309 |    4593976 |    4594433 |    4593375 |    4594719 |    4593642 |    4594688 |    4594620 |    4594029
    num misses                       |         92 |         92 |         92 |         92 |         92 |         92 |         94 |         92 |         92 |         92 |         92 |         92 |         92 |         92 |         92 |         92
    miss rate                        |      0.00% |      0.00% |      0.00% |      0.00% |      0.00% |      0.00% |      0.00% |      0.00% |      0.00% |      0.00% |      0.00% |      0.00% |      0.00% |      0.00% |      0.00% |      0.00%
    mpki                             |       0.01 |       0.01 |       0.01 |       0.01 |       0.01 |       0.01 |       0.01 |       0.01 |       0.01 |       0.01 |       0.01 |       0.01 |       0.01 |       0.01 |       0.01 |       0.01
  L2 TLB                             |            |            |            |            |            |            |            |            |            |            |            |            |            |            |            |           
    num accesses                     |        140 |        140 |        140 |        140 |        140 |        140 |        146 |        140 |        140 |        140 |        140 |        140 |        140 |        140 |        140 |        140
    num misses                       |        129 |        129 |        129 |        129 |        129 |        129 |        134 |        129 |        129 |        129 |        129 |        129 |        129 |        129 |        129 |        129
    miss rate                        |     92.14% |     92.14% |     92.14% |     92.14% |     92.14% |     92.14% |     91.78% |     92.14% |     92.14% |     92.14% |     92.14% |     92.14% |     92.14% |     92.14% |     92.14% |     92.14%
    mpki                             |       0.01 |       0.01 |       0.01 |       0.01 |       0.01 |       0.01 |       0.01 |       0.01 |       0.01 |       0.01 |       0.01 |       0.01 |       0.01 |       0.01 |       0.01 |       0.01
Cache Summary                        |            |            |            |            |            |            |            |            |            |            |            |            |            |            |            |           
  Cache L1-I                         |            |            |            |            |            |            |            |            |            |            |            |            |            |            |            |           
    num cache accesses               |    1096896 |    1096876 |    1096376 |    1097014 |    1096837 |    1096685 |    1097185 |    1096397 |    1096556 |    1096664 |    1096412 |    1096732 |    1096475 |    1096724 |    1096708 |    1096568
    num cache misses                 |          0 |          0 |          0 |          0 |          0 |          0 |          0 |          0 |          0 |          0 |          0 |          0 |          0 |          0 |          0 |          0
    miss rate                        |      0.00% |      0.00% |      0.00% |      0.00% |      0.00% |      0.00% |      0.00% |      0.00% |      0.00% |      0.00% |      0.00% |      0.00% |      0.00% |      0.00% |      0.00% |      0.00%
    mpki                             |       0.00 |       0.00 |       0.00 |       0.00 |       0.00 |       0.00 |       0.00 |       0.00 |       0.00 |       0.00 |       0.00 |       0.00 |       0.00 |       0.00 |       0.00 |       0.00
  Cache L1-D                         |            |            |            |            |            |            |            |            |            |            |            |            |            |            |            |           
    num cache accesses               |    4595412 |    4595325 |    4593221 |    4595908 |    4595164 |    4594523 |    4596319 |    4593309 |    4593976 |    4594433 |    4593375 |    4594719 |    4593642 |    4594688 |    4594620 |    4594029
    num cache misses                 |          0 |          0 |          0 |          0 |          0 |          0 |          0 |          0 |          0 |          0 |          0 |          0 |          0 |          0 |          0 |          0
    miss rate                        |      0.00% |      0.00% |      0.00% |      0.00% |      0.00% |      0.00% |      0.00% |      0.00% |      0.00% |      0.00% |      0.00% |      0.00% |      0.00% |      0.00% |      0.00% |      0.00%
    mpki                             |       0.00 |       0.00 |       0.00 |       0.00 |       0.00 |       0.00 |       0.00 |       0.00 |       0.00 |       0.00 |       0.00 |       0.00 |       0.00 |       0.00 |       0.00 |       0.00
  Cache L2                           |            |            |            |            |            |            |            |            |            |            |            |            |            |            |            |           
    num cache accesses               |          0 |          0 |          0 |          0 |          0 |          0 |          0 |          0 |          0 |          0 |          0 |          0 |          0 |          0 |          0 |          0
    num cache misses                 |          0 |          0 |          0 |          0 |          0 |          0 |          0 |          0 |          0 |          0 |          0 |          0 |          0 |          0 |          0 |          0
    miss rate                        |       inf% |       inf% |       inf% |       inf% |       inf% |       inf% |       inf% |       inf% |       inf% |       inf% |       inf% |       inf% |       inf% |       inf% |       inf% |       inf%
    mpki                             |       0.00 |       0.00 |       0.00 |       0.00 |       0.00 |       0.00 |       0.00 |       0.00 |       0.00 |       0.00 |       0.00 |       0.00 |       0.00 |       0.00 |       0.00 |       0.00
  Cache L3                           |            |            |            |            |            |            |            |            |            |            |            |            |            |            |            |           
    num cache accesses               |          0 |          0 |          0 |          0 |          0 |          0 |          0 |          0 |          0 |          0 |          0 |          0 |          0 |          0 |          0 |          0
    num cache misses                 |          0 |          0 |          0 |          0 |          0 |          0 |          0 |          0 |          0 |          0 |          0 |          0 |          0 |          0 |          0 |          0
    miss rate                        |       inf% |       inf% |       inf% |       inf% |       inf% |       inf% |       inf% |       inf% |       inf% |       inf% |       inf% |       inf% |       inf% |       inf% |       inf% |       inf%
    mpki                             |       0.00 |       0.00 |       0.00 |       0.00 |       0.00 |       0.00 |       0.00 |       0.00 |       0.00 |       0.00 |       0.00 |       0.00 |       0.00 |       0.00 |       0.00 |       0.00
DRAM summary                         |            |            |            |            |            |            |            |            |            |            |            |            |            |            |            |           
  num dram accesses                  |          0 |          0 |          0 |          0 |          0 |          0 |          0 |          0 |          0 |          0 |          0 |          0 |          0 |          0 |          0 |          0
  average dram access latency (ns)   |        inf |        inf |        inf |        inf |        inf |        inf |        inf |        inf |        inf |        inf |        inf |        inf |        inf |        inf |        inf |        inf
  average dram queueing delay        |       0.00 |       0.00 |       0.00 |       0.00 |       0.00 |       0.00 |       0.00 |       0.00 |       0.00 |       0.00 |       0.00 |       0.00 |       0.00 |       0.00 |       0.00 |       0.00
  average dram bandwidth utilization |      0.00% |      0.00% |      0.00% |      0.00% |      0.00% |      0.00% |      0.00% |      0.00% |      0.00% |      0.00% |      0.00% |      0.00% |      0.00% |      0.00% |      0.00% |      0.00%
Coherency Traffic                    |            |            |            |            |            |            |            |            |            |            |            |            |            |            |            |           
  num loads from dram                |          0 |          0 |          0 |          0 |          0 |          0 |          0 |          0 |          0 |          0 |          0 |          0 |          0 |          0 |          0 |          0
  num loads from dram cache          |          0 |          0 |          0 |          0 |          0 |          0 |          0 |          0 |          0 |          0 |          0 |          0 |          0 |          0 |          0 |          0
  num loads from remote cache        |          0 |          0 |          0 |          0 |          0 |          0 |          0 |          0 |          0 |          0 |          0 |          0 |          0 |          0 |          0 |          0
