                                     | Core 0     | Core 1     | Core 2     | Core 3     | Core 4     | Core 5     | Core 6     | Core 7     | Core 8     | Core 9     | Core 10    | Core 11    | Core 12    | Core 13    | Core 14    | Core 15   
  Instructions                       |   77125507 |   77395656 |   77500978 |   78191794 |   77662030 |   77742738 |   77815133 |   77840951 |   77916322 |   77887674 |   78085115 |   78256603 |   77920415 |   78142721 |   78147051 |   78256686
  Cycles                             |  897331848 |  897331848 |  897331848 |  897331848 |  897331848 |  897331848 |  897331848 |  897331848 |  897331848 |  897331848 |  897331848 |  897331848 |  897331848 |  897331848 |  897331848 |  897331848
  IPC                                |       0.09 |       0.09 |       0.09 |       0.09 |       0.09 |       0.09 |       0.09 |       0.09 |       0.09 |       0.09 |       0.09 |       0.09 |       0.09 |       0.09 |       0.09 |       0.09
  Time (ns)                          |  337342800 |  337342800 |  337342800 |  337342800 |  337342800 |  337342800 |  337342800 |  337342800 |  337342800 |  337342800 |  337342800 |  337342800 |  337342800 |  337342800 |  337342800 |  337342800
  Idle time (ns)                     |        -14 |        253 |        253 |        -43 |        253 |         94 |        226 |        164 |        226 |        213 |         38 |        644 |        161 |        230 |       -142 |       -142
  Idle time (%)                      |      -0.0% |       0.0% |       0.0% |      -0.0% |       0.0% |       0.0% |       0.0% |       0.0% |       0.0% |       0.0% |       0.0% |       0.0% |       0.0% |       0.0% |      -0.0% |      -0.0%
Branch predictor stats               |            |            |            |            |            |            |            |            |            |            |            |            |            |            |            |           
  num correct                        |    2140922 |    2148316 |    2151198 |    2170107 |    2155608 |    2157817 |    2159799 |    2160505 |    2162568 |    2161784 |    2167187 |    2171899 |    2162680 |    2168765 |    2168883 |    2171907
  num incorrect                      |        981 |        981 |        981 |        981 |        981 |        981 |        981 |        981 |        981 |        981 |        981 |       1013 |        981 |        981 |        981 |       1022
  misprediction rate                 |      0.05% |      0.05% |      0.05% |      0.05% |      0.05% |      0.05% |      0.05% |      0.05% |      0.05% |      0.05% |      0.05% |      0.05% |      0.05% |      0.05% |      0.05% |      0.05%
  mpki                               |       0.01 |       0.01 |       0.01 |       0.01 |       0.01 |       0.01 |       0.01 |       0.01 |       0.01 |       0.01 |       0.01 |       0.01 |       0.01 |       0.01 |       0.01 |       0.01
TLB Summary                          |            |            |            |            |            |            |            |            |            |            |            |            |            |            |            |           
  I-TLB                              |            |            |            |            |            |            |            |            |            |            |            |            |            |            |            |           
    num accesses                     |    8402110 |    8431457 |    8442897 |    8517944 |    8460394 |    8469162 |    8477028 |    8479831 |    8488019 |    8484908 |    8506354 |    8525004 |    8488464 |    8512614 |    8513083 |    8525013
    num misses                       |         40 |         40 |         40 |         40 |         40 |         40 |         40 |         40 |         40 |         40 |         40 |         42 |         40 |         40 |         40 |         43
    miss rate                        |      0.00% |      0.00% |      0.00% |      0.00% |      0.00% |      0.00% |      0.00% |      0.00% |      0.00% |      0.00% |      0.00% |      0.00% |      0.00% |      0.00% |      0.00% |      0.00%
    mpki                             |       0.00 |       0.00 |       0.00 |       0.00 |       0.00 |       0.00 |       0.00 |       0.00 |       0.00 |       0.00 |       0.00 |       0.00 |       0.00 |       0.00 |       0.00 |       0.00
  D-TLB                              |            |            |            |            |            |            |            |            |            |            |            |            |            |            |            |           
    num accesses                     |   35535546 |   35659757 |   35708182 |   36025809 |   35782233 |   35819341 |   35852631 |   35864500 |   35899156 |   35885986 |   35976763 |   36055565 |   35901039 |   36003251 |   36005240 |   36055604
    num misses                       |         69 |         69 |         69 |         69 |         69 |         69 |         69 |         69 |         69 |         69 |         69 |         71 |         69 |         69 |         69 |         71
    miss rate                        |      0.00% |      0.00% |      0.00% |      0.00% |      0.00% |      0.00% |      0.00% |      0.00% |      0.00% |      0.00% |      0.00% |      0.00% |      0.00% |      0.00% |      0.00% |      0.00%
    mpki                             |       0.00 |       0.00 |       0.00 |       0.00 |       0.00 |       0.00 |       0.00 |       0.00 |       0.00 |       0.00 |       0.00 |       0.00 |       0.00 |       0.00 |       0.00 |       0.00
  L2 TLB                             |            |            |            |            |            |            |            |            |            |            |            |            |            |            |            |           
    num accesses                     |        109 |        109 |        109 |        109 |        109 |        109 |        109 |        109 |        109 |        109 |        109 |        113 |        109 |        109 |        109 |        114
    num misses                       |        109 |        109 |        109 |        109 |        109 |        109 |        109 |        109 |        109 |        109 |        109 |        111 |        109 |        109 |        109 |        112
    miss rate                        |    100.00% |    100.00% |    100.00% |    100.00% |    100.00% |    100.00% |    100.00% |    100.00% |    100.00% |    100.00% |    100.00% |     98.23% |    100.00% |    100.00% |    100.00% |     98.25%
    mpki                             |       0.00 |       0.00 |       0.00 |       0.00 |       0.00 |       0.00 |       0.00 |       0.00 |       0.00 |       0.00 |       0.00 |       0.00 |       0.00 |       0.00 |       0.00 |       0.00
Cache Summary                        |            |            |            |            |            |            |            |            |            |            |            |            |            |            |            |           
  Cache L1-I                         |            |            |            |            |            |            |            |            |            |            |            |            |            |            |            |           
    num cache accesses               |    8402110 |    8431457 |    8442897 |    8517944 |    8460394 |    8469162 |    8477028 |    8479831 |    8488019 |    8484908 |    8506354 |    8525004 |    8488464 |    8512614 |    8513083 |    8525013
    num cache misses                 |    2873070 |    2846279 |    2828213 |    2834531 |    2805860 |    2798554 |    2793091 |    2787113 |    2783967 |    2778189 |    2780669 |    2783157 |    2768327 |    2773341 |    2770899 |    2773664
    miss rate                        |     34.19% |     33.76% |     33.50% |     33.28% |     33.16% |     33.04% |     32.95% |     32.87% |     32.80% |     32.74% |     32.69% |     32.65% |     32.61% |     32.58% |     32.55% |     32.54%
    mpki                             |      37.25 |      36.78 |      36.49 |      36.25 |      36.13 |      36.00 |      35.89 |      35.81 |      35.73 |      35.67 |      35.61 |      35.56 |      35.53 |      35.49 |      35.46 |      35.44
  Cache L1-D                         |            |            |            |            |            |            |            |            |            |            |            |            |            |            |            |           
    num cache accesses               |   35535546 |   35659757 |   35708182 |   36025809 |   35782233 |   35819341 |   35852631 |   35864500 |   35899156 |   35885986 |   35976763 |   36055565 |   35901039 |   36003251 |   36005240 |   36055604
    num cache misses                 |   18044381 |   18129707 |   18182988 |   18007891 |   18221340 |   18261546 |   18265670 |   18298233 |   18311883 |   18312509 |   18305290 |   18256253 |   18313248 |   18278477 |   18287681 |   18246123
    miss rate                        |     50.78% |     50.84% |     50.92% |     49.99% |     50.92% |     50.98% |     50.95% |     51.02% |     51.01% |     51.03% |     50.88% |     50.63% |     51.01% |     50.77% |     50.79% |     50.61%
    mpki                             |     233.96 |     234.25 |     234.62 |     230.30 |     234.62 |     234.90 |     234.73 |     235.07 |     235.02 |     235.11 |     234.43 |     233.29 |     235.03 |     233.91 |     234.02 |     233.16
  Cache L2                           |            |            |            |            |            |            |            |            |            |            |            |            |            |            |            |           
    num cache accesses               |   20917483 |   20976016 |   21011234 |   20842445 |   21027232 |   21060130 |   21058795 |   21085373 |   21095870 |   21090722 |   21085995 |   21039472 |   21081600 |   21051865 |   21058629 |   21019835
    num cache misses                 |   19157004 |   19217865 |   19282690 |   18798594 |   19284053 |   19285661 |   19268617 |   19304805 |   19296706 |   19310057 |   19198093 |   19076707 |   19298812 |   19133981 |   19146412 |   19053516
    miss rate                        |     91.58% |     91.62% |     91.77% |     90.19% |     91.71% |     91.57% |     91.50% |     91.56% |     91.47% |     91.56% |     91.05% |     90.67% |     91.54% |     90.89% |     90.92% |     90.65%
    mpki                             |     248.39 |     248.31 |     248.81 |     240.42 |     248.31 |     248.07 |     247.62 |     248.00 |     247.66 |     247.92 |     245.86 |     243.77 |     247.67 |     244.86 |     245.00 |     243.47
  Cache L3                           |            |            |            |            |            |            |            |            |            |            |            |            |            |            |            |           
    num cache accesses               |   19157040 |   19217903 |   19282727 |   18798622 |   19284087 |   19285692 |   19268653 |   19304833 |   19296726 |   19310085 |   19198130 |   19076771 |   19298840 |   19134031 |   19146467 |   19053567
    num cache misses                 |      11805 |      11839 |      11912 |       9333 |      11854 |      11943 |      12088 |      12116 |      12106 |      12105 |      12021 |      10402 |      12106 |      11700 |      11824 |      10034
    miss rate                        |      0.06% |      0.06% |      0.06% |      0.05% |      0.06% |      0.06% |      0.06% |      0.06% |      0.06% |      0.06% |      0.06% |      0.05% |      0.06% |      0.06% |      0.06% |      0.05%
    mpki                             |       0.15 |       0.15 |       0.15 |       0.12 |       0.15 |       0.15 |       0.16 |       0.16 |       0.16 |       0.16 |       0.15 |       0.13 |       0.16 |       0.15 |       0.15 |       0.13
DRAM summary                         |            |            |            |            |            |            |            |            |            |            |            |            |            |            |            |           
  num dram accesses                  |     217672 |          0 |          0 |          0 |          0 |          0 |          0 |          0 |          0 |          0 |          0 |          0 |          0 |          0 |          0 |          0
  average dram access latency (ns)   |      77.88 |        inf |        inf |        inf |        inf |        inf |        inf |        inf |        inf |        inf |        inf |        inf |        inf |        inf |        inf |        inf
  average dram queueing delay        |      24.45 |       0.00 |       0.00 |       0.00 |       0.00 |       0.00 |       0.00 |       0.00 |       0.00 |       0.00 |       0.00 |       0.00 |       0.00 |       0.00 |       0.00 |       0.00
  average dram bandwidth utilization |      0.00% |      0.00% |      0.00% |      0.00% |      0.00% |      0.00% |      0.00% |      0.00% |      0.00% |      0.00% |      0.00% |      0.00% |      0.00% |      0.00% |      0.00% |      0.00%
Coherency Traffic                    |            |            |            |            |            |            |            |            |            |            |            |            |            |            |            |           
  num loads from dram                |       3878 |       3988 |       4044 |       1560 |       3980 |       4049 |       4086 |       4120 |       4132 |       4117 |       4081 |       2435 |       4087 |       3678 |       3806 |       2128
  num loads from dram cache          |          0 |          0 |          0 |          0 |          0 |          0 |          0 |          0 |          0 |          0 |          0 |          0 |          0 |          0 |          0 |          0
  num loads from remote cache        |          0 |          0 |          0 |          0 |          0 |          0 |          0 |          0 |          0 |          0 |          0 |          0 |          0 |          0 |          0 |          0
