                                     | Core 0     | Core 1     | Core 2     | Core 3     | Core 4     | Core 5     | Core 6     | Core 7     | Core 8     | Core 9     | Core 10    | Core 11    | Core 12   
  Instructions                       |   70121779 |   70121521 |   70121496 |   70121344 |   70121347 |   70121321 |   70121377 |   70121382 |   70121111 |   70121056 |   70120900 |   70120987 |   70121033
  Cycles                             |  520455334 |  520455334 |  520455334 |  520455334 |  520455334 |  520455334 |  520455334 |  520455334 |  520455334 |  520455334 |  520455334 |  520455334 |  520455334
  IPC                                |       0.13 |       0.13 |       0.13 |       0.13 |       0.13 |       0.13 |       0.13 |       0.13 |       0.13 |       0.13 |       0.13 |       0.13 |       0.13
  Time (ns)                          |  195659900 |  195659900 |  195659900 |  195659900 |  195659900 |  195659900 |  195659900 |  195659900 |  195659900 |  195659900 |  195659900 |  195659900 |  195659900
  Idle time (ns)                     |        -90 |        -52 |         46 |        -72 |        -90 |         46 |         -7 |        -78 |        -17 |        -52 |         -9 |        -78 |         27
  Idle time (%)                      |      -0.0% |      -0.0% |       0.0% |      -0.0% |      -0.0% |       0.0% |      -0.0% |      -0.0% |      -0.0% |      -0.0% |      -0.0% |      -0.0% |       0.0%
Branch predictor stats               |            |            |            |            |            |            |            |            |            |            |            |            |           
  num correct                        |   10022008 |   10021985 |   10021985 |   10021965 |   10021960 |   10021965 |   10021969 |   10021969 |   10021937 |   10021932 |   10021917 |   10021927 |   10021930
  num incorrect                      |       1519 |       1498 |       1498 |       1481 |       1476 |       1479 |       1483 |       1484 |       1470 |       1464 |       1452 |       1456 |       1460
  misprediction rate                 |      0.02% |      0.01% |      0.01% |      0.01% |      0.01% |      0.01% |      0.01% |      0.01% |      0.01% |      0.01% |      0.01% |      0.01% |      0.01%
  mpki                               |       0.02 |       0.02 |       0.02 |       0.02 |       0.02 |       0.02 |       0.02 |       0.02 |       0.02 |       0.02 |       0.02 |       0.02 |       0.02
TLB Summary                          |            |            |            |            |            |            |            |            |            |            |            |            |           
  I-TLB                              |            |            |            |            |            |            |            |            |            |            |            |            |           
    num accesses                     |      15340 |      15301 |      15298 |      15268 |      15257 |      15263 |      15274 |      15275 |      15226 |      15211 |      15191 |      15198 |      15205
    num misses                       |         52 |         51 |         51 |         50 |         49 |         50 |         50 |         50 |         49 |         49 |         49 |         49 |         49
    miss rate                        |      0.34% |      0.33% |      0.33% |      0.33% |      0.32% |      0.33% |      0.33% |      0.33% |      0.32% |      0.32% |      0.32% |      0.32% |      0.32%
    mpki                             |       0.00 |       0.00 |       0.00 |       0.00 |       0.00 |       0.00 |       0.00 |       0.00 |       0.00 |       0.00 |       0.00 |       0.00 |       0.00
  D-TLB                              |            |            |            |            |            |            |            |            |            |            |            |            |           
    num accesses                     |   60040266 |   60040193 |   60040176 |   60040103 |   60040057 |   60040093 |   60040120 |   60040123 |   60040000 |   60039984 |   60039924 |   60039957 |   60039976
    num misses                       |         80 |         80 |         80 |         80 |         79 |         80 |         80 |         80 |         79 |         79 |         79 |         79 |         79
    miss rate                        |      0.00% |      0.00% |      0.00% |      0.00% |      0.00% |      0.00% |      0.00% |      0.00% |      0.00% |      0.00% |      0.00% |      0.00% |      0.00%
    mpki                             |       0.00 |       0.00 |       0.00 |       0.00 |       0.00 |       0.00 |       0.00 |       0.00 |       0.00 |       0.00 |       0.00 |       0.00 |       0.00
  L2 TLB                             |            |            |            |            |            |            |            |            |            |            |            |            |           
    num accesses                     |        132 |        131 |        131 |        130 |        128 |        130 |        130 |        130 |        128 |        128 |        128 |        128 |        128
    num misses                       |        121 |        120 |        120 |        119 |        117 |        119 |        119 |        119 |        117 |        117 |        117 |        117 |        117
    miss rate                        |     91.67% |     91.60% |     91.60% |     91.54% |     91.41% |     91.54% |     91.54% |     91.54% |     91.41% |     91.41% |     91.41% |     91.41% |     91.41%
    mpki                             |       0.00 |       0.00 |       0.00 |       0.00 |       0.00 |       0.00 |       0.00 |       0.00 |       0.00 |       0.00 |       0.00 |       0.00 |       0.00
Cache Summary                        |            |            |            |            |            |            |            |            |            |            |            |            |           
  Cache L1-I                         |            |            |            |            |            |            |            |            |            |            |            |            |           
    num cache accesses               |      15340 |      15301 |      15298 |      15268 |      15257 |      15263 |      15274 |      15275 |      15226 |      15211 |      15191 |      15198 |      15205
    num cache misses                 |          0 |          0 |          0 |          0 |          0 |          0 |          0 |          0 |          0 |          0 |          0 |          0 |          0
    miss rate                        |      0.00% |      0.00% |      0.00% |      0.00% |      0.00% |      0.00% |      0.00% |      0.00% |      0.00% |      0.00% |      0.00% |      0.00% |      0.00%
    mpki                             |       0.00 |       0.00 |       0.00 |       0.00 |       0.00 |       0.00 |       0.00 |       0.00 |       0.00 |       0.00 |       0.00 |       0.00 |       0.00
  Cache L1-D                         |            |            |            |            |            |            |            |            |            |            |            |            |           
    num cache accesses               |   60040266 |   60040193 |   60040176 |   60040103 |   60040057 |   60040093 |   60040120 |   60040123 |   60040000 |   60039984 |   60039924 |   60039957 |   60039976
    num cache misses                 |          0 |          0 |          0 |          0 |          0 |          0 |          0 |          0 |          0 |          0 |          0 |          0 |          0
    miss rate                        |      0.00% |      0.00% |      0.00% |      0.00% |      0.00% |      0.00% |      0.00% |      0.00% |      0.00% |      0.00% |      0.00% |      0.00% |      0.00%
    mpki                             |       0.00 |       0.00 |       0.00 |       0.00 |       0.00 |       0.00 |       0.00 |       0.00 |       0.00 |       0.00 |       0.00 |       0.00 |       0.00
  Cache L2                           |            |            |            |            |            |            |            |            |            |            |            |            |           
    num cache accesses               |          0 |          0 |          0 |          0 |          0 |          0 |          0 |          0 |          0 |          0 |          0 |          0 |          0
    num cache misses                 |          0 |          0 |          0 |          0 |          0 |          0 |          0 |          0 |          0 |          0 |          0 |          0 |          0
    miss rate                        |       inf% |       inf% |       inf% |       inf% |       inf% |       inf% |       inf% |       inf% |       inf% |       inf% |       inf% |       inf% |       inf%
    mpki                             |       0.00 |       0.00 |       0.00 |       0.00 |       0.00 |       0.00 |       0.00 |       0.00 |       0.00 |       0.00 |       0.00 |       0.00 |       0.00
  Cache L3                           |            |            |            |            |            |            |            |            |            |            |            |            |           
    num cache accesses               |          0 |          0 |          0 |          0 |          0 |          0 |          0 |          0 |          0 |          0 |          0 |          0 |          0
    num cache misses                 |          0 |          0 |          0 |          0 |          0 |          0 |          0 |          0 |          0 |          0 |          0 |          0 |          0
    miss rate                        |       inf% |       inf% |       inf% |       inf% |       inf% |       inf% |       inf% |       inf% |       inf% |       inf% |       inf% |       inf% |       inf%
    mpki                             |       0.00 |       0.00 |       0.00 |       0.00 |       0.00 |       0.00 |       0.00 |       0.00 |       0.00 |       0.00 |       0.00 |       0.00 |       0.00
DRAM summary                         |            |            |            |            |            |            |            |            |            |            |            |            |           
  num dram accesses                  |          0 |          0 |          0 |          0 |          0 |          0 |          0 |          0 |          0 |          0 |          0 |          0 |          0
  average dram access latency (ns)   |        inf |        inf |        inf |        inf |        inf |        inf |        inf |        inf |        inf |        inf |        inf |        inf |        inf
  average dram queueing delay        |       0.00 |       0.00 |       0.00 |       0.00 |       0.00 |       0.00 |       0.00 |       0.00 |       0.00 |       0.00 |       0.00 |       0.00 |       0.00
  average dram bandwidth utilization |      0.00% |      0.00% |      0.00% |      0.00% |      0.00% |      0.00% |      0.00% |      0.00% |      0.00% |      0.00% |      0.00% |      0.00% |      0.00%
Coherency Traffic                    |            |            |            |            |            |            |            |            |            |            |            |            |           
  num loads from dram                |          0 |          0 |          0 |          0 |          0 |          0 |          0 |          0 |          0 |          0 |          0 |          0 |          0
  num loads from dram cache          |          0 |          0 |          0 |          0 |          0 |          0 |          0 |          0 |          0 |          0 |          0 |          0 |          0
  num loads from remote cache        |          0 |          0 |          0 |          0 |          0 |          0 |          0 |          0 |          0 |          0 |          0 |          0 |          0
