                                     | Core 0     | Core 1     | Core 2     | Core 3     | Core 4     | Core 5     | Core 6     | Core 7     | Core 8     | Core 9     | Core 10    | Core 11    | Core 12    | Core 13    | Core 14   
  Instructions                       |     137535 |     137490 |     138238 |     138173 |     138259 |     138456 |     138070 |     138121 |     138047 |     137931 |     137830 |     137783 |     137797 |     137813 |     137725
  Cycles                             |     658084 |     658084 |     658084 |     658084 |     658084 |     658084 |     658084 |     658084 |     658084 |     658084 |     658084 |     658084 |     658084 |     658084 |     658084
  IPC                                |       0.21 |       0.21 |       0.21 |       0.21 |       0.21 |       0.21 |       0.21 |       0.21 |       0.21 |       0.21 |       0.21 |       0.21 |       0.21 |       0.21 |       0.21
  Time (ns)                          |     247400 |     247400 |     247400 |     247400 |     247400 |     247400 |     247400 |     247400 |     247400 |     247400 |     247400 |     247400 |     247400 |     247400 |     247400
  Idle time (ns)                     |         97 |        117 |          5 |         84 |        -22 |        -30 |         45 |         97 |         84 |        117 |        160 |        160 |        -30 |        -22 |         82
  Idle time (%)                      |       0.0% |       0.0% |       0.0% |       0.0% |      -0.0% |      -0.0% |       0.0% |       0.0% |       0.0% |       0.0% |       0.1% |       0.1% |      -0.0% |      -0.0% |       0.0%
Branch predictor stats               |            |            |            |            |            |            |            |            |            |            |            |            |            |            |           
  num correct                        |      30231 |      30230 |      30307 |      30304 |      30312 |      30327 |      30288 |      30297 |      30287 |      30275 |      30261 |      30254 |      30256 |      30259 |      30249
  num incorrect                      |       1452 |       1445 |       1502 |       1498 |       1504 |       1519 |       1484 |       1489 |       1481 |       1474 |       1471 |       1469 |       1470 |       1471 |       1461
  misprediction rate                 |      4.58% |      4.56% |      4.72% |      4.71% |      4.73% |      4.77% |      4.67% |      4.68% |      4.66% |      4.64% |      4.64% |      4.63% |      4.63% |      4.64% |      4.61%
  mpki                               |      10.56 |      10.51 |      10.87 |      10.84 |      10.88 |      10.97 |      10.75 |      10.78 |      10.73 |      10.69 |      10.67 |      10.66 |      10.67 |      10.67 |      10.61
TLB Summary                          |            |            |            |            |            |            |            |            |            |            |            |            |            |            |           
  I-TLB                              |            |            |            |            |            |            |            |            |            |            |            |            |            |            |           
    num accesses                     |      15304 |      15298 |      15425 |      15415 |      15434 |      15458 |      15393 |      15404 |      15389 |      15369 |      15348 |      15339 |      15343 |      15347 |      15324
    num misses                       |         49 |         49 |         51 |         50 |         51 |         52 |         50 |         50 |         50 |         49 |         49 |         49 |         49 |         49 |         49
    miss rate                        |      0.32% |      0.32% |      0.33% |      0.32% |      0.33% |      0.34% |      0.32% |      0.32% |      0.32% |      0.32% |      0.32% |      0.32% |      0.32% |      0.32% |      0.32%
    mpki                             |       0.36 |       0.36 |       0.37 |       0.36 |       0.37 |       0.38 |       0.36 |       0.36 |       0.36 |       0.36 |       0.36 |       0.36 |       0.36 |       0.36 |       0.36
  D-TLB                              |            |            |            |            |            |            |            |            |            |            |            |            |            |            |           
    num accesses                     |      39875 |      39861 |      40188 |      40148 |      40197 |      40240 |      40103 |      40125 |      40094 |      40034 |      39993 |      39973 |      39973 |      39977 |      39960
    num misses                       |         71 |         71 |         72 |         72 |         72 |         72 |         72 |         72 |         72 |         71 |         71 |         71 |         71 |         71 |         71
    miss rate                        |      0.18% |      0.18% |      0.18% |      0.18% |      0.18% |      0.18% |      0.18% |      0.18% |      0.18% |      0.18% |      0.18% |      0.18% |      0.18% |      0.18% |      0.18%
    mpki                             |       0.52 |       0.52 |       0.52 |       0.52 |       0.52 |       0.52 |       0.52 |       0.52 |       0.52 |       0.51 |       0.52 |       0.52 |       0.52 |       0.52 |       0.52
  L2 TLB                             |            |            |            |            |            |            |            |            |            |            |            |            |            |            |           
    num accesses                     |        120 |        120 |        123 |        122 |        123 |        124 |        122 |        122 |        122 |        120 |        120 |        120 |        120 |        120 |        120
    num misses                       |        118 |        118 |        121 |        120 |        121 |        122 |        120 |        120 |        120 |        118 |        118 |        118 |        118 |        118 |        118
    miss rate                        |     98.33% |     98.33% |     98.37% |     98.36% |     98.37% |     98.39% |     98.36% |     98.36% |     98.36% |     98.33% |     98.33% |     98.33% |     98.33% |     98.33% |     98.33%
    mpki                             |       0.86 |       0.86 |       0.88 |       0.87 |       0.88 |       0.88 |       0.87 |       0.87 |       0.87 |       0.86 |       0.86 |       0.86 |       0.86 |       0.86 |       0.86
Cache Summary                        |            |            |            |            |            |            |            |            |            |            |            |            |            |            |           
  Cache L1-I                         |            |            |            |            |            |            |            |            |            |            |            |            |            |            |           
    num cache accesses               |      15304 |      15298 |      15425 |      15415 |      15434 |      15458 |      15393 |      15404 |      15389 |      15369 |      15348 |      15339 |      15343 |      15347 |      15324
    num cache misses                 |          0 |          0 |          0 |          0 |          0 |          0 |          0 |          0 |          0 |          0 |          0 |          0 |          0 |          0 |          0
    miss rate                        |      0.00% |      0.00% |      0.00% |      0.00% |      0.00% |      0.00% |      0.00% |      0.00% |      0.00% |      0.00% |      0.00% |      0.00% |      0.00% |      0.00% |      0.00%
    mpki                             |       0.00 |       0.00 |       0.00 |       0.00 |       0.00 |       0.00 |       0.00 |       0.00 |       0.00 |       0.00 |       0.00 |       0.00 |       0.00 |       0.00 |       0.00
  Cache L1-D                         |            |            |            |            |            |            |            |            |            |            |            |            |            |            |           
    num cache accesses               |      39875 |      39861 |      40188 |      40148 |      40197 |      40240 |      40103 |      40125 |      40094 |      40034 |      39993 |      39973 |      39973 |      39977 |      39960
    num cache misses                 |          0 |          0 |          0 |          0 |          0 |          0 |          0 |          0 |          0 |          0 |          0 |          0 |          0 |          0 |          0
    miss rate                        |      0.00% |      0.00% |      0.00% |      0.00% |      0.00% |      0.00% |      0.00% |      0.00% |      0.00% |      0.00% |      0.00% |      0.00% |      0.00% |      0.00% |      0.00%
    mpki                             |       0.00 |       0.00 |       0.00 |       0.00 |       0.00 |       0.00 |       0.00 |       0.00 |       0.00 |       0.00 |       0.00 |       0.00 |       0.00 |       0.00 |       0.00
  Cache L2                           |            |            |            |            |            |            |            |            |            |            |            |            |            |            |           
    num cache accesses               |          0 |          0 |          0 |          0 |          0 |          0 |          0 |          0 |          0 |          0 |          0 |          0 |          0 |          0 |          0
    num cache misses                 |          0 |          0 |          0 |          0 |          0 |          0 |          0 |          0 |          0 |          0 |          0 |          0 |          0 |          0 |          0
    miss rate                        |       inf% |       inf% |       inf% |       inf% |       inf% |       inf% |       inf% |       inf% |       inf% |       inf% |       inf% |       inf% |       inf% |       inf% |       inf%
    mpki                             |       0.00 |       0.00 |       0.00 |       0.00 |       0.00 |       0.00 |       0.00 |       0.00 |       0.00 |       0.00 |       0.00 |       0.00 |       0.00 |       0.00 |       0.00
  Cache L3                           |            |            |            |            |            |            |            |            |            |            |            |            |            |            |           
    num cache accesses               |          0 |          0 |          0 |          0 |          0 |          0 |          0 |          0 |          0 |          0 |          0 |          0 |          0 |          0 |          0
    num cache misses                 |          0 |          0 |          0 |          0 |          0 |          0 |          0 |          0 |          0 |          0 |          0 |          0 |          0 |          0 |          0
    miss rate                        |       inf% |       inf% |       inf% |       inf% |       inf% |       inf% |       inf% |       inf% |       inf% |       inf% |       inf% |       inf% |       inf% |       inf% |       inf%
    mpki                             |       0.00 |       0.00 |       0.00 |       0.00 |       0.00 |       0.00 |       0.00 |       0.00 |       0.00 |       0.00 |       0.00 |       0.00 |       0.00 |       0.00 |       0.00
DRAM summary                         |            |            |            |            |            |            |            |            |            |            |            |            |            |            |           
  num dram accesses                  |          0 |          0 |          0 |          0 |          0 |          0 |          0 |          0 |          0 |          0 |          0 |          0 |          0 |          0 |          0
  average dram access latency (ns)   |        inf |        inf |        inf |        inf |        inf |        inf |        inf |        inf |        inf |        inf |        inf |        inf |        inf |        inf |        inf
  average dram queueing delay        |       0.00 |       0.00 |       0.00 |       0.00 |       0.00 |       0.00 |       0.00 |       0.00 |       0.00 |       0.00 |       0.00 |       0.00 |       0.00 |       0.00 |       0.00
  average dram bandwidth utilization |      0.00% |      0.00% |      0.00% |      0.00% |      0.00% |      0.00% |      0.00% |      0.00% |      0.00% |      0.00% |      0.00% |      0.00% |      0.00% |      0.00% |      0.00%
Coherency Traffic                    |            |            |            |            |            |            |            |            |            |            |            |            |            |            |           
  num loads from dram                |          0 |          0 |          0 |          0 |          0 |          0 |          0 |          0 |          0 |          0 |          0 |          0 |          0 |          0 |          0
  num loads from dram cache          |          0 |          0 |          0 |          0 |          0 |          0 |          0 |          0 |          0 |          0 |          0 |          0 |          0 |          0 |          0
  num loads from remote cache        |          0 |          0 |          0 |          0 |          0 |          0 |          0 |          0 |          0 |          0 |          0 |          0 |          0 |          0 |          0
