                                     | Core 0     | Core 1     | Core 2     | Core 3     | Core 4     | Core 5     | Core 6     | Core 7     | Core 8     | Core 9     | Core 10    | Core 11   
  Instructions                       |     120688 |     118813 |     138418 |     137584 |     117952 |     126782 |     118762 |     118663 |     118675 |     117913 |     117525 |     118013
  Cycles                             |    1156036 |    1156036 |    1156036 |    1156036 |    1156036 |    1156036 |    1156036 |    1156036 |    1156036 |    1156036 |    1156036 |    1156036
  IPC                                |       0.10 |       0.10 |       0.12 |       0.12 |       0.10 |       0.11 |       0.10 |       0.10 |       0.10 |       0.10 |       0.10 |       0.10
  Time (ns)                          |     434600 |     434600 |     434600 |     434600 |     434600 |     434600 |     434600 |     434600 |     434600 |     434600 |     434600 |     434600
  Idle time (ns)                     |         23 |        -57 |        -82 |        154 |         -3 |        -82 |        824 |         -6 |        128 |        -29 |        954 |         60
  Idle time (%)                      |       0.0% |      -0.0% |      -0.0% |       0.0% |      -0.0% |      -0.0% |       0.2% |      -0.0% |       0.0% |      -0.0% |       0.2% |       0.0%
Branch predictor stats               |            |            |            |            |            |            |            |            |            |            |            |           
  num correct                        |      21918 |      21568 |      30327 |      30235 |      21462 |      24945 |      21552 |      21544 |      21544 |      21456 |      21413 |      21469
  num incorrect                      |       1435 |       1362 |       1519 |       1452 |       1353 |       1438 |       1362 |       1359 |       1360 |       1353 |       1350 |       1353
  misprediction rate                 |      6.14% |      5.94% |      4.77% |      4.58% |      5.93% |      5.45% |      5.94% |      5.93% |      5.94% |      5.93% |      5.93% |      5.93%
  mpki                               |      11.89 |      11.46 |      10.97 |      10.55 |      11.47 |      11.34 |      11.47 |      11.45 |      11.46 |      11.47 |      11.49 |      11.46
TLB Summary                          |            |            |            |            |            |            |            |            |            |            |            |           
  I-TLB                              |            |            |            |            |            |            |            |            |            |            |            |           
    num accesses                     |      15161 |      14995 |      15458 |      15309 |      14906 |      15162 |      14995 |      14985 |      14985 |      14900 |      14873 |      14915
    num misses                       |         48 |         45 |         52 |         49 |         42 |         48 |         45 |         45 |         45 |         42 |         42 |         42
    miss rate                        |      0.32% |      0.30% |      0.34% |      0.32% |      0.28% |      0.32% |      0.30% |      0.30% |      0.30% |      0.28% |      0.28% |      0.28%
    mpki                             |       0.40 |       0.38 |       0.38 |       0.36 |       0.36 |       0.38 |       0.38 |       0.38 |       0.38 |       0.36 |       0.36 |       0.36
  D-TLB                              |            |            |            |            |            |            |            |            |            |            |            |           
    num accesses                     |      39836 |      39505 |      40223 |      39856 |      39160 |      39846 |      39495 |      39460 |      39456 |      39139 |      39029 |      39180
    num misses                       |         71 |         71 |         72 |         71 |         69 |         71 |         70 |         70 |         70 |         69 |         69 |         69
    miss rate                        |      0.18% |      0.18% |      0.18% |      0.18% |      0.18% |      0.18% |      0.18% |      0.18% |      0.18% |      0.18% |      0.18% |      0.18%
    mpki                             |       0.59 |       0.60 |       0.52 |       0.52 |       0.58 |       0.56 |       0.59 |       0.59 |       0.59 |       0.59 |       0.59 |       0.58
  L2 TLB                             |            |            |            |            |            |            |            |            |            |            |            |           
    num accesses                     |        119 |        116 |        124 |        120 |        111 |        119 |        115 |        115 |        115 |        111 |        111 |        111
    num misses                       |        117 |        114 |        122 |        118 |        110 |        117 |        113 |        113 |        113 |        110 |        110 |        110
    miss rate                        |     98.32% |     98.28% |     98.39% |     98.33% |     99.10% |     98.32% |     98.26% |     98.26% |     98.26% |     99.10% |     99.10% |     99.10%
    mpki                             |       0.97 |       0.96 |       0.88 |       0.86 |       0.93 |       0.92 |       0.95 |       0.95 |       0.95 |       0.93 |       0.94 |       0.93
Cache Summary                        |            |            |            |            |            |            |            |            |            |            |            |           
  Cache L1-I                         |            |            |            |            |            |            |            |            |            |            |            |           
    num cache accesses               |      15161 |      14995 |      15458 |      15309 |      14906 |      15162 |      14995 |      14985 |      14985 |      14900 |      14873 |      14915
    num cache misses                 |       6408 |       6518 |       5102 |       5394 |       6232 |       5987 |       6471 |       6320 |       6607 |       6391 |       6486 |       6339
    miss rate                        |     42.27% |     43.47% |     33.01% |     35.23% |     41.81% |     39.49% |     43.15% |     42.18% |     44.09% |     42.89% |     43.61% |     42.50%
    mpki                             |      53.10 |      54.86 |      36.86 |      39.21 |      52.84 |      47.22 |      54.49 |      53.26 |      55.67 |      54.20 |      55.19 |      53.71
  Cache L1-D                         |            |            |            |            |            |            |            |            |            |            |            |           
    num cache accesses               |      39836 |      39505 |      40223 |      39856 |      39160 |      39846 |      39495 |      39460 |      39456 |      39139 |      39029 |      39180
    num cache misses                 |       8652 |       8924 |       7810 |       8089 |       8837 |       8477 |       8768 |       8858 |       8938 |       8993 |       8935 |       8927
    miss rate                        |     21.72% |     22.59% |     19.42% |     20.30% |     22.57% |     21.27% |     22.20% |     22.45% |     22.65% |     22.98% |     22.89% |     22.78%
    mpki                             |      71.69 |      75.11 |      56.42 |      58.79 |      74.92 |      66.86 |      73.83 |      74.65 |      75.31 |      76.27 |      76.03 |      75.64
  Cache L2                           |            |            |            |            |            |            |            |            |            |            |            |           
    num cache accesses               |      15091 |      15472 |      12947 |      13516 |      15100 |      14495 |      15268 |      15209 |      15577 |      15414 |      15451 |      15296
    num cache misses                 |      11758 |      12152 |      10321 |      10871 |      11956 |      11451 |      11737 |      11782 |      11958 |      12113 |      12041 |      11863
    miss rate                        |     77.91% |     78.54% |     79.72% |     80.43% |     79.18% |     79.00% |     76.87% |     77.47% |     76.77% |     78.58% |     77.93% |     77.56%
    mpki                             |      97.42 |     102.28 |      74.56 |      79.01 |     101.36 |      90.32 |      98.83 |      99.29 |     100.76 |     102.73 |     102.45 |     100.52
  Cache L3                           |            |            |            |            |            |            |            |            |            |            |            |           
    num cache accesses               |      11791 |      12184 |      10359 |      10905 |      11988 |      11485 |      11768 |      11814 |      11992 |      12145 |      12072 |      11895
    num cache misses                 |       2546 |       2499 |       2611 |       2552 |       2463 |       2546 |       2491 |       2481 |       2492 |       2467 |       2471 |       2467
    miss rate                        |     21.59% |     20.51% |     25.21% |     23.40% |     20.55% |     22.17% |     21.17% |     21.00% |     20.78% |     20.31% |     20.47% |     20.74%
    mpki                             |      21.10 |      21.03 |      18.86 |      18.55 |      20.88 |      20.08 |      20.97 |      20.91 |      21.00 |      20.92 |      21.03 |      20.90
DRAM summary                         |            |            |            |            |            |            |            |            |            |            |            |           
  num dram accesses                  |      30371 |          0 |          0 |          0 |          0 |          0 |          0 |          0 |          0 |          0 |          0 |          0
  average dram access latency (ns)   |      86.42 |        inf |        inf |        inf |        inf |        inf |        inf |        inf |        inf |        inf |        inf |        inf
  average dram queueing delay        |      32.99 |       0.00 |       0.00 |       0.00 |       0.00 |       0.00 |       0.00 |       0.00 |       0.00 |       0.00 |       0.00 |       0.00
  average dram bandwidth utilization |     58.00% |      0.00% |      0.00% |      0.00% |      0.00% |      0.00% |      0.00% |      0.00% |      0.00% |      0.00% |      0.00% |      0.00%
Coherency Traffic                    |            |            |            |            |            |            |            |            |            |            |            |           
  num loads from dram                |       1281 |       1278 |       1274 |       1266 |       1270 |       1277 |       1268 |       1270 |       1282 |       1272 |       1272 |       1268
  num loads from dram cache          |          0 |          0 |          0 |          0 |          0 |          0 |          0 |          0 |          0 |          0 |          0 |          0
  num loads from remote cache        |          0 |          0 |          0 |          0 |          0 |          0 |          0 |          0 |          0 |          0 |          0 |          0
