                                     | Core 0     | Core 1     | Core 2     | Core 3     | Core 4     | Core 5     | Core 6     | Core 7     | Core 8     | Core 9     | Core 10    | Core 11   
  Instructions                       |   12580631 |   12586172 |   12621670 |   12577048 |   12577792 |   12579330 |   12574854 |   12606310 |   12577977 |   12574427 |   12574637 |   12601982
  Cycles                             |   51013480 |   51013480 |   51013480 |   51013480 |   51013480 |   51013480 |   51013480 |   51013480 |   51013480 |   51013480 |   51013480 |   51013480
  IPC                                |       0.25 |       0.25 |       0.25 |       0.25 |       0.25 |       0.25 |       0.25 |       0.25 |       0.25 |       0.25 |       0.25 |       0.25
  Time (ns)                          |   19178000 |   19178000 |   19178000 |   19178000 |   19178000 |   19178000 |   19178000 |   19178000 |   19178000 |   19178000 |   19178000 |   19178000
  Idle time (ns)                     |         57 |         36 |        -66 |         61 |         57 |          1 |        -66 |        -25 |         96 |        -25 |         -1 |         87
  Idle time (%)                      |       0.0% |       0.0% |      -0.0% |       0.0% |       0.0% |       0.0% |      -0.0% |      -0.0% |       0.0% |      -0.0% |      -0.0% |       0.0%
Branch predictor stats               |            |            |            |            |            |            |            |            |            |            |            |           
  num correct                        |    2513902 |    2515010 |    2522009 |    2513185 |    2513335 |    2513641 |    2512747 |    2519038 |    2513372 |    2512662 |    2512703 |    2518173
  num incorrect                      |       1440 |       1440 |       1516 |       1440 |       1440 |       1440 |       1440 |       1440 |       1440 |       1440 |       1440 |       1440
  misprediction rate                 |      0.06% |      0.06% |      0.06% |      0.06% |      0.06% |      0.06% |      0.06% |      0.06% |      0.06% |      0.06% |      0.06% |      0.06%
  mpki                               |       0.11 |       0.11 |       0.12 |       0.11 |       0.11 |       0.11 |       0.11 |       0.11 |       0.11 |       0.11 |       0.11 |       0.11
TLB Summary                          |            |            |            |            |            |            |            |            |            |            |            |           
  I-TLB                              |            |            |            |            |            |            |            |            |            |            |            |           
    num accesses                     |      15164 |      15164 |      15333 |      15164 |      15164 |      15164 |      15164 |      15164 |      15164 |      15164 |      15164 |      15164
    num misses                       |         48 |         48 |         52 |         48 |         48 |         48 |         48 |         48 |         48 |         48 |         48 |         48
    miss rate                        |      0.32% |      0.32% |      0.34% |      0.32% |      0.32% |      0.32% |      0.32% |      0.32% |      0.32% |      0.32% |      0.32% |      0.32%
    mpki                             |       0.00 |       0.00 |       0.00 |       0.00 |       0.00 |       0.00 |       0.00 |       0.00 |       0.00 |       0.00 |       0.00 |       0.00
  D-TLB                              |            |            |            |            |            |            |            |            |            |            |            |           
    num accesses                     |      39841 |      39841 |      40225 |      39841 |      39841 |      39841 |      39841 |      39841 |      39841 |      39841 |      39841 |      39841
    num misses                       |         73 |         73 |         74 |         73 |         73 |         73 |         73 |         73 |         73 |         73 |         73 |         73
    miss rate                        |      0.18% |      0.18% |      0.18% |      0.18% |      0.18% |      0.18% |      0.18% |      0.18% |      0.18% |      0.18% |      0.18% |      0.18%
    mpki                             |       0.01 |       0.01 |       0.01 |       0.01 |       0.01 |       0.01 |       0.01 |       0.01 |       0.01 |       0.01 |       0.01 |       0.01
  L2 TLB                             |            |            |            |            |            |            |            |            |            |            |            |           
    num accesses                     |        121 |        121 |        126 |        121 |        121 |        121 |        121 |        121 |        121 |        121 |        121 |        121
    num misses                       |        116 |        116 |        121 |        116 |        116 |        116 |        116 |        116 |        116 |        116 |        116 |        116
    miss rate                        |     95.87% |     95.87% |     96.03% |     95.87% |     95.87% |     95.87% |     95.87% |     95.87% |     95.87% |     95.87% |     95.87% |     95.87%
    mpki                             |       0.01 |       0.01 |       0.01 |       0.01 |       0.01 |       0.01 |       0.01 |       0.01 |       0.01 |       0.01 |       0.01 |       0.01
Cache Summary                        |            |            |            |            |            |            |            |            |            |            |            |           
  Cache L1-I                         |            |            |            |            |            |            |            |            |            |            |            |           
    num cache accesses               |      15164 |      15164 |      15333 |      15164 |      15164 |      15164 |      15164 |      15164 |      15164 |      15164 |      15164 |      15164
    num cache misses                 |       6395 |       6463 |       5180 |       6684 |       6727 |       6423 |       6400 |       5521 |       6558 |       6319 |       6292 |       5670
    miss rate                        |     42.17% |     42.62% |     33.78% |     44.08% |     44.36% |     42.36% |     42.21% |     36.41% |     43.25% |     41.67% |     41.49% |     37.39%
    mpki                             |       0.51 |       0.51 |       0.41 |       0.53 |       0.53 |       0.51 |       0.51 |       0.44 |       0.52 |       0.50 |       0.50 |       0.45
  Cache L1-D                         |            |            |            |            |            |            |            |            |            |            |            |           
    num cache accesses               |      39841 |      39841 |      40225 |      39841 |      39841 |      39841 |      39841 |      39841 |      39841 |      39841 |      39841 |      39841
    num cache misses                 |       8361 |       8183 |       7455 |       8581 |       8591 |       8424 |       8417 |       7686 |       8482 |       8332 |       8333 |       7787
    miss rate                        |     20.99% |     20.54% |     18.53% |     21.54% |     21.56% |     21.14% |     21.13% |     19.29% |     21.29% |     20.91% |     20.92% |     19.55%
    mpki                             |       0.66 |       0.65 |       0.59 |       0.68 |       0.68 |       0.67 |       0.67 |       0.61 |       0.67 |       0.66 |       0.66 |       0.62
  Cache L2                           |            |            |            |            |            |            |            |            |            |            |            |           
    num cache accesses               |      14786 |      14677 |      12668 |      15295 |      15348 |      14878 |      14848 |      13237 |      15070 |      14682 |      14655 |      13489
    num cache misses                 |      12139 |      11907 |      10616 |      12236 |      12421 |      12287 |      12222 |      11022 |      12195 |      12153 |      12020 |      11262
    miss rate                        |     82.10% |     81.13% |     83.80% |     80.00% |     80.93% |     82.59% |     82.31% |     83.27% |     80.92% |     82.77% |     82.02% |     83.49%
    mpki                             |       0.96 |       0.95 |       0.84 |       0.97 |       0.99 |       0.98 |       0.97 |       0.87 |       0.97 |       0.97 |       0.96 |       0.89
  Cache L3                           |            |            |            |            |            |            |            |            |            |            |            |           
    num cache accesses               |      12172 |      11938 |      10651 |      12266 |      12451 |      12318 |      12255 |      11053 |      12225 |      12184 |      12051 |      11295
    num cache misses                 |       2591 |       2578 |       2628 |       2580 |       2589 |       2577 |       2593 |       2568 |       2594 |       2591 |       2573 |       2581
    miss rate                        |     21.29% |     21.59% |     24.67% |     21.03% |     20.79% |     20.92% |     21.16% |     23.23% |     21.22% |     21.27% |     21.35% |     22.85%
    mpki                             |       0.21 |       0.20 |       0.21 |       0.21 |       0.21 |       0.20 |       0.21 |       0.20 |       0.21 |       0.21 |       0.20 |       0.20
DRAM summary                         |            |            |            |            |            |            |            |            |            |            |            |           
  num dram accesses                  |      31296 |          0 |          0 |          0 |          0 |          0 |          0 |          0 |          0 |          0 |          0 |          0
  average dram access latency (ns)   |      85.61 |        inf |        inf |        inf |        inf |        inf |        inf |        inf |        inf |        inf |        inf |        inf
  average dram queueing delay        |      32.19 |       0.00 |       0.00 |       0.00 |       0.00 |       0.00 |       0.00 |       0.00 |       0.00 |       0.00 |       0.00 |       0.00
  average dram bandwidth utilization |      1.00% |      0.00% |      0.00% |      0.00% |      0.00% |      0.00% |      0.00% |      0.00% |      0.00% |      0.00% |      0.00% |      0.00%
Coherency Traffic                    |            |            |            |            |            |            |            |            |            |            |            |           
  num loads from dram                |       1322 |       1310 |       1282 |       1313 |       1317 |       1304 |       1326 |       1288 |       1323 |       1324 |       1308 |       1299
  num loads from dram cache          |          0 |          0 |          0 |          0 |          0 |          0 |          0 |          0 |          0 |          0 |          0 |          0
  num loads from remote cache        |          0 |          0 |          0 |          0 |          0 |          0 |          0 |          0 |          0 |          0 |          0 |          0
