                                     | Core 0     | Core 1     | Core 2     | Core 3     | Core 4     | Core 5     | Core 6     | Core 7     | Core 8    
  Instructions                       |   28759913 |   28673873 |   28539602 |   28403058 |   28102609 |   28089828 |   28066222 |   28025311 |   28036633
  Cycles                             |  110403566 |  110403566 |  110403566 |  110403566 |  110403566 |  110403566 |  110403566 |  110403566 |  110403566
  IPC                                |       0.26 |       0.26 |       0.26 |       0.26 |       0.25 |       0.25 |       0.25 |       0.25 |       0.25
  Time (ns)                          |   41505100 |   41505100 |   41505100 |   41505100 |   41505100 |   41505100 |   41505100 |   41505100 |   41505100
  Idle time (ns)                     |        -67 |         78 |         46 |         29 |         39 |        -67 |         29 |         78 |         23
  Idle time (%)                      |      -0.0% |       0.0% |       0.0% |       0.0% |       0.0% |      -0.0% |       0.0% |       0.0% |       0.0%
Branch predictor stats               |            |            |            |            |            |            |            |            |           
  num correct                        |    1059719 |    1057990 |    1055373 |    1052710 |    1046854 |    1046604 |    1046145 |    1045346 |    1045567
  num incorrect                      |       8006 |       7955 |       7955 |       7955 |       7955 |       7955 |       7955 |       7955 |       7955
  misprediction rate                 |      0.75% |      0.75% |      0.75% |      0.75% |      0.75% |      0.75% |      0.75% |      0.76% |      0.76%
  mpki                               |       0.28 |       0.28 |       0.28 |       0.28 |       0.28 |       0.28 |       0.28 |       0.28 |       0.28
TLB Summary                          |            |            |            |            |            |            |            |            |           
  I-TLB                              |            |            |            |            |            |            |            |            |           
    num accesses                     |    2876325 |    2869623 |    2859255 |    2848708 |    2825508 |    2824520 |    2822698 |    2819537 |    2820412
    num misses                       |         63 |         61 |         61 |         61 |         61 |         61 |         61 |         61 |         61
    miss rate                        |      0.00% |      0.00% |      0.00% |      0.00% |      0.00% |      0.00% |      0.00% |      0.00% |      0.00%
    mpki                             |       0.00 |       0.00 |       0.00 |       0.00 |       0.00 |       0.00 |       0.00 |       0.00 |       0.00
  D-TLB                              |            |            |            |            |            |            |            |            |           
    num accesses                     |   15778122 |   15733463 |   15663683 |   15592712 |   15436566 |   15429911 |   15417657 |   15396391 |   15402279
    num misses                       |       6344 |       6147 |       5848 |       5544 |       4878 |       4847 |       4804 |       4710 |       4735
    miss rate                        |      0.04% |      0.04% |      0.04% |      0.04% |      0.03% |      0.03% |      0.03% |      0.03% |      0.03%
    mpki                             |       0.22 |       0.21 |       0.20 |       0.20 |       0.17 |       0.17 |       0.17 |       0.17 |       0.17
  L2 TLB                             |            |            |            |            |            |            |            |            |           
    num accesses                     |       6407 |       6208 |       5909 |       5605 |       4939 |       4908 |       4865 |       4771 |       4796
    num misses                       |        333 |        316 |        316 |        316 |        316 |        316 |        316 |        316 |        316
    miss rate                        |      5.20% |      5.09% |      5.35% |      5.64% |      6.40% |      6.44% |      6.50% |      6.62% |      6.59%
    mpki                             |       0.01 |       0.01 |       0.01 |       0.01 |       0.01 |       0.01 |       0.01 |       0.01 |       0.01
Cache Summary                        |            |            |            |            |            |            |            |            |           
  Cache L1-I                         |            |            |            |            |            |            |            |            |           
    num cache accesses               |    2876325 |    2869623 |    2859255 |    2848708 |    2825508 |    2824520 |    2822698 |    2819537 |    2820412
    num cache misses                 |    1274552 |    1294758 |    1321130 |    1330958 |    1359124 |    1330537 |    1305725 |    1303798 |    1312193
    miss rate                        |     44.31% |     45.12% |     46.21% |     46.72% |     48.10% |     47.11% |     46.26% |     46.24% |     46.52%
    mpki                             |      44.32 |      45.15 |      46.29 |      46.86 |      48.36 |      47.37 |      46.52 |      46.52 |      46.80
  Cache L1-D                         |            |            |            |            |            |            |            |            |           
    num cache accesses               |   15778122 |   15733463 |   15663683 |   15592712 |   15436566 |   15429911 |   15417657 |   15396391 |   15402279
    num cache misses                 |    4570648 |    4573770 |    4632688 |    4593237 |    4647680 |    4604431 |    4570049 |    4561235 |    4576898
    miss rate                        |     28.97% |     29.07% |     29.58% |     29.46% |     30.11% |     29.84% |     29.64% |     29.63% |     29.72%
    mpki                             |     158.92 |     159.51 |     162.32 |     161.72 |     165.38 |     163.92 |     162.83 |     162.75 |     163.25
  Cache L2                           |            |            |            |            |            |            |            |            |           
    num cache accesses               |    5846000 |    5869278 |    5954555 |    5924931 |    6007517 |    5935683 |    5876484 |    5865740 |    5889798
    num cache misses                 |     604992 |     607493 |     612004 |     618673 |     636478 |     645389 |     654888 |     661248 |     659768
    miss rate                        |     10.35% |     10.35% |     10.28% |     10.44% |     10.59% |     10.87% |     11.14% |     11.27% |     11.20%
    mpki                             |      21.04 |      21.19 |      21.44 |      21.78 |      22.65 |      22.98 |      23.33 |      23.59 |      23.53
  Cache L3                           |            |            |            |            |            |            |            |            |           
    num cache accesses               |     605812 |     608265 |     612757 |     619423 |     637205 |     646127 |     655617 |     661969 |     660490
    num cache misses                 |      31151 |      30884 |      30758 |      30813 |      30638 |      30644 |      30526 |      30621 |      30627
    miss rate                        |      5.14% |      5.08% |      5.02% |      4.97% |      4.81% |      4.74% |      4.66% |      4.63% |      4.64%
    mpki                             |       1.08 |       1.08 |       1.08 |       1.08 |       1.09 |       1.09 |       1.09 |       1.09 |       1.09
DRAM summary                         |            |            |            |            |            |            |            |            |           
  num dram accesses                  |     359593 |          0 |          0 |          0 |          0 |          0 |          0 |          0 |          0
  average dram access latency (ns)   |      58.27 |        inf |        inf |        inf |        inf |        inf |        inf |        inf |        inf
  average dram queueing delay        |       4.85 |       0.00 |       0.00 |       0.00 |       0.00 |       0.00 |       0.00 |       0.00 |       0.00
  average dram bandwidth utilization |      7.00% |      0.00% |      0.00% |      0.00% |      0.00% |      0.00% |      0.00% |      0.00% |      0.00%
Coherency Traffic                    |            |            |            |            |            |            |            |            |           
  num loads from dram                |      25599 |      25550 |      25500 |      25480 |      25378 |      25296 |      25070 |      25042 |      25164
  num loads from dram cache          |          0 |          0 |          0 |          0 |          0 |          0 |          0 |          0 |          0
  num loads from remote cache        |          0 |          0 |          0 |          0 |          0 |          0 |          0 |          0 |          0
