                                     | Core 0     | Core 1     | Core 2     | Core 3     | Core 4     | Core 5     | Core 6     | Core 7     | Core 8     | Core 9    
  Instructions                       |   12620725 |   12621591 |   12621335 |   12621668 |   12621272 |   12621257 |   12620964 |   12620946 |   12620946 |   12620927
  Cycles                             |   42019222 |   42019222 |   42019222 |   42019222 |   42019222 |   42019222 |   42019222 |   42019222 |   42019222 |   42019222
  IPC                                |       0.30 |       0.30 |       0.30 |       0.30 |       0.30 |       0.30 |       0.30 |       0.30 |       0.30 |       0.30
  Time (ns)                          |   15796700 |   15796700 |   15796700 |   15796700 |   15796700 |   15796700 |   15796700 |   15796700 |   15796700 |   15796700
  Idle time (ns)                     |         26 |         55 |         12 |         -1 |         55 |         41 |         97 |         80 |         33 |         -1
  Idle time (%)                      |       0.0% |       0.0% |       0.0% |      -0.0% |       0.0% |       0.0% |       0.0% |       0.0% |       0.0% |      -0.0%
Branch predictor stats               |            |            |            |            |            |            |            |            |            |           
  num correct                        |    2521912 |    2522006 |    2521975 |    2522009 |    2521966 |    2521966 |    2521931 |    2521929 |    2521929 |    2521929
  num incorrect                      |       1442 |       1513 |       1483 |       1516 |       1478 |       1477 |       1458 |       1455 |       1455 |       1455
  misprediction rate                 |      0.06% |      0.06% |      0.06% |      0.06% |      0.06% |      0.06% |      0.06% |      0.06% |      0.06% |      0.06%
  mpki                               |       0.11 |       0.12 |       0.12 |       0.12 |       0.12 |       0.12 |       0.12 |       0.12 |       0.12 |       0.12
TLB Summary                          |            |            |            |            |            |            |            |            |            |           
  I-TLB                              |            |            |            |            |            |            |            |            |            |           
    num accesses                     |      15173 |      15328 |      15273 |      15333 |      15262 |      15258 |      15200 |      15196 |      15196 |      15195
    num misses                       |         49 |         51 |         50 |         52 |         50 |         50 |         49 |         49 |         49 |         49
    miss rate                        |      0.32% |      0.33% |      0.33% |      0.34% |      0.33% |      0.33% |      0.32% |      0.32% |      0.32% |      0.32%
    mpki                             |       0.00 |       0.00 |       0.00 |       0.00 |       0.00 |       0.00 |       0.00 |       0.00 |       0.00 |       0.00
  D-TLB                              |            |            |            |            |            |            |            |            |            |           
    num accesses                     |      39856 |      40235 |      40106 |      40225 |      40061 |      40072 |      39956 |      39943 |      39943 |      39932
    num misses                       |         73 |         74 |         74 |         74 |         74 |         74 |         73 |         73 |         73 |         73
    miss rate                        |      0.18% |      0.18% |      0.18% |      0.18% |      0.18% |      0.18% |      0.18% |      0.18% |      0.18% |      0.18%
    mpki                             |       0.01 |       0.01 |       0.01 |       0.01 |       0.01 |       0.01 |       0.01 |       0.01 |       0.01 |       0.01
  L2 TLB                             |            |            |            |            |            |            |            |            |            |           
    num accesses                     |        122 |        125 |        124 |        126 |        124 |        124 |        122 |        122 |        122 |        122
    num misses                       |        117 |        120 |        119 |        121 |        119 |        119 |        117 |        117 |        117 |        117
    miss rate                        |     95.90% |     96.00% |     95.97% |     96.03% |     95.97% |     95.97% |     95.90% |     95.90% |     95.90% |     95.90%
    mpki                             |       0.01 |       0.01 |       0.01 |       0.01 |       0.01 |       0.01 |       0.01 |       0.01 |       0.01 |       0.01
Cache Summary                        |            |            |            |            |            |            |            |            |            |           
  Cache L1-I                         |            |            |            |            |            |            |            |            |            |           
    num cache accesses               |      15173 |      15328 |      15273 |      15333 |      15262 |      15258 |      15200 |      15196 |      15196 |      15195
    num cache misses                 |          0 |          0 |          0 |          0 |          0 |          0 |          0 |          0 |          0 |          0
    miss rate                        |      0.00% |      0.00% |      0.00% |      0.00% |      0.00% |      0.00% |      0.00% |      0.00% |      0.00% |      0.00%
    mpki                             |       0.00 |       0.00 |       0.00 |       0.00 |       0.00 |       0.00 |       0.00 |       0.00 |       0.00 |       0.00
  Cache L1-D                         |            |            |            |            |            |            |            |            |            |           
    num cache accesses               |      39856 |      40235 |      40106 |      40225 |      40061 |      40072 |      39956 |      39943 |      39943 |      39932
    num cache misses                 |          0 |          0 |          0 |          0 |          0 |          0 |          0 |          0 |          0 |          0
    miss rate                        |      0.00% |      0.00% |      0.00% |      0.00% |      0.00% |      0.00% |      0.00% |      0.00% |      0.00% |      0.00%
    mpki                             |       0.00 |       0.00 |       0.00 |       0.00 |       0.00 |       0.00 |       0.00 |       0.00 |       0.00 |       0.00
  Cache L2                           |            |            |            |            |            |            |            |            |            |           
    num cache accesses               |          0 |          0 |          0 |          0 |          0 |          0 |          0 |          0 |          0 |          0
    num cache misses                 |          0 |          0 |          0 |          0 |          0 |          0 |          0 |          0 |          0 |          0
    miss rate                        |       inf% |       inf% |       inf% |       inf% |       inf% |       inf% |       inf% |       inf% |       inf% |       inf%
    mpki                             |       0.00 |       0.00 |       0.00 |       0.00 |       0.00 |       0.00 |       0.00 |       0.00 |       0.00 |       0.00
  Cache L3                           |            |            |            |            |            |            |            |            |            |           
    num cache accesses               |          0 |          0 |          0 |          0 |          0 |          0 |          0 |          0 |          0 |          0
    num cache misses                 |          0 |          0 |          0 |          0 |          0 |          0 |          0 |          0 |          0 |          0
    miss rate                        |       inf% |       inf% |       inf% |       inf% |       inf% |       inf% |       inf% |       inf% |       inf% |       inf%
    mpki                             |       0.00 |       0.00 |       0.00 |       0.00 |       0.00 |       0.00 |       0.00 |       0.00 |       0.00 |       0.00
DRAM summary                         |            |            |            |            |            |            |            |            |            |           
  num dram accesses                  |          0 |          0 |          0 |          0 |          0 |          0 |          0 |          0 |          0 |          0
  average dram access latency (ns)   |        inf |        inf |        inf |        inf |        inf |        inf |        inf |        inf |        inf |        inf
  average dram queueing delay        |       0.00 |       0.00 |       0.00 |       0.00 |       0.00 |       0.00 |       0.00 |       0.00 |       0.00 |       0.00
  average dram bandwidth utilization |      0.00% |      0.00% |      0.00% |      0.00% |      0.00% |      0.00% |      0.00% |      0.00% |      0.00% |      0.00%
Coherency Traffic                    |            |            |            |            |            |            |            |            |            |           
  num loads from dram                |          0 |          0 |          0 |          0 |          0 |          0 |          0 |          0 |          0 |          0
  num loads from dram cache          |          0 |          0 |          0 |          0 |          0 |          0 |          0 |          0 |          0 |          0
  num loads from remote cache        |          0 |          0 |          0 |          0 |          0 |          0 |          0 |          0 |          0 |          0
