                                     | Core 0     | Core 1     | Core 2     | Core 3     | Core 4     | Core 5     | Core 6     | Core 7     | Core 8     | Core 9     | Core 10    | Core 11    | Core 12    | Core 13    | Core 14    | Core 15   
  Instructions                       |   40097652 |   40121730 |   40053408 |   39987249 |   39908979 |   39882981 |   39873099 |   39829775 |   39847952 |   39869061 |   39904588 |   39927227 |   39963376 |   39974270 |   39942448 |   39944273
  Cycles                             |  213604650 |  213604650 |  213604650 |  213604650 |  213604650 |  213604650 |  213604650 |  213604650 |  213604650 |  213604650 |  213604650 |  213604650 |  213604650 |  213604650 |  213604650 |  213604650
  IPC                                |       0.19 |       0.19 |       0.19 |       0.19 |       0.19 |       0.19 |       0.19 |       0.19 |       0.19 |       0.19 |       0.19 |       0.19 |       0.19 |       0.19 |       0.19 |       0.19
  Time (ns)                          |   80302500 |   80302500 |   80302500 |   80302500 |   80302500 |   80302500 |   80302500 |   80302500 |   80302500 |   80302500 |   80302500 |   80302500 |   80302500 |   80302500 |   80302500 |   80302500
  Idle time (ns)                     |        101 |        -52 |         39 |         72 |        -52 |         22 |        153 |         72 |         39 |         22 |         22 |         22 |          3 |         10 |         -3 |         -7
  Idle time (%)                      |       0.0% |      -0.0% |       0.0% |       0.0% |      -0.0% |       0.0% |       0.0% |       0.0% |       0.0% |       0.0% |       0.0% |       0.0% |       0.0% |       0.0% |      -0.0% |      -0.0%
Branch predictor stats               |            |            |            |            |            |            |            |            |            |            |            |            |            |            |            |           
  num correct                        |   10016142 |   10022006 |   10005080 |    9988540 |    9968973 |    9962474 |    9960003 |    9949172 |    9953716 |    9958993 |    9967875 |    9973535 |    9982572 |    9985296 |    9977340 |    9977797
  num incorrect                      |       1442 |       1519 |       1442 |       1442 |       1442 |       1442 |       1442 |       1442 |       1442 |       1442 |       1442 |       1442 |       1442 |       1442 |       1442 |       1442
  misprediction rate                 |      0.01% |      0.02% |      0.01% |      0.01% |      0.01% |      0.01% |      0.01% |      0.01% |      0.01% |      0.01% |      0.01% |      0.01% |      0.01% |      0.01% |      0.01% |      0.01%
  mpki                               |       0.04 |       0.04 |       0.04 |       0.04 |       0.04 |       0.04 |       0.04 |       0.04 |       0.04 |       0.04 |       0.04 |       0.04 |       0.04 |       0.04 |       0.04 |       0.04
TLB Summary                          |            |            |            |            |            |            |            |            |            |            |            |            |            |            |            |           
  I-TLB                              |            |            |            |            |            |            |            |            |            |            |            |            |            |            |            |           
    num accesses                     |   20003631 |   20015334 |   19981506 |   19948428 |   19909293 |   19896294 |   19891353 |   19869691 |   19878780 |   19889334 |   19907097 |   19918417 |   19936491 |   19941938 |   19926028 |   19926941
    num misses                       |         48 |         52 |         48 |         48 |         48 |         48 |         48 |         48 |         48 |         48 |         48 |         48 |         48 |         48 |         48 |         48
    miss rate                        |      0.00% |      0.00% |      0.00% |      0.00% |      0.00% |      0.00% |      0.00% |      0.00% |      0.00% |      0.00% |      0.00% |      0.00% |      0.00% |      0.00% |      0.00% |      0.00%
    mpki                             |       0.00 |       0.00 |       0.00 |       0.00 |       0.00 |       0.00 |       0.00 |       0.00 |       0.00 |       0.00 |       0.00 |       0.00 |       0.00 |       0.00 |       0.00 |       0.00
  D-TLB                              |            |            |            |            |            |            |            |            |            |            |            |            |            |            |            |           
    num accesses                     |      39847 |      40240 |      39847 |      39847 |      39847 |      39847 |      39847 |      39847 |      39847 |      39847 |      39847 |      39847 |      39847 |      39847 |      39847 |      39847
    num misses                       |         73 |         74 |         73 |         73 |         73 |         73 |         73 |         73 |         73 |         73 |         73 |         73 |         73 |         73 |         73 |         73
    miss rate                        |      0.18% |      0.18% |      0.18% |      0.18% |      0.18% |      0.18% |      0.18% |      0.18% |      0.18% |      0.18% |      0.18% |      0.18% |      0.18% |      0.18% |      0.18% |      0.18%
    mpki                             |       0.00 |       0.00 |       0.00 |       0.00 |       0.00 |       0.00 |       0.00 |       0.00 |       0.00 |       0.00 |       0.00 |       0.00 |       0.00 |       0.00 |       0.00 |       0.00
  L2 TLB                             |            |            |            |            |            |            |            |            |            |            |            |            |            |            |            |           
    num accesses                     |        121 |        126 |        121 |        121 |        121 |        121 |        121 |        121 |        121 |        121 |        121 |        121 |        121 |        121 |        121 |        121
    num misses                       |        117 |        122 |        117 |        117 |        117 |        117 |        117 |        117 |        117 |        117 |        117 |        117 |        117 |        117 |        117 |        117
    miss rate                        |     96.69% |     96.83% |     96.69% |     96.69% |     96.69% |     96.69% |     96.69% |     96.69% |     96.69% |     96.69% |     96.69% |     96.69% |     96.69% |     96.69% |     96.69% |     96.69%
    mpki                             |       0.00 |       0.00 |       0.00 |       0.00 |       0.00 |       0.00 |       0.00 |       0.00 |       0.00 |       0.00 |       0.00 |       0.00 |       0.00 |       0.00 |       0.00 |       0.00
Cache Summary                        |            |            |            |            |            |            |            |            |            |            |            |            |            |            |            |           
  Cache L1-I                         |            |            |            |            |            |            |            |            |            |            |            |            |            |            |            |           
    num cache accesses               |   20003631 |   20015334 |   19981506 |   19948428 |   19909293 |   19896294 |   19891353 |   19869691 |   19878780 |   19889334 |   19907097 |   19918417 |   19936491 |   19941938 |   19926028 |   19926941
    num cache misses                 |     675230 |     670708 |     665000 |     659913 |     657887 |     655858 |     654315 |     655179 |     655317 |     655535 |     655994 |     656173 |     655604 |     654611 |     654842 |     654629
    miss rate                        |      3.38% |      3.35% |      3.33% |      3.31% |      3.30% |      3.30% |      3.29% |      3.30% |      3.30% |      3.30% |      3.30% |      3.29% |      3.29% |      3.28% |      3.29% |      3.29%
    mpki                             |      16.84 |      16.72 |      16.60 |      16.50 |      16.48 |      16.44 |      16.41 |      16.45 |      16.45 |      16.44 |      16.44 |      16.43 |      16.41 |      16.38 |      16.39 |      16.39
  Cache L1-D                         |            |            |            |            |            |            |            |            |            |            |            |            |            |            |            |           
    num cache accesses               |      39847 |      40240 |      39847 |      39847 |      39847 |      39847 |      39847 |      39847 |      39847 |      39847 |      39847 |      39847 |      39847 |      39847 |      39847 |      39847
    num cache misses                 |       9770 |       9895 |      10122 |       9086 |      10031 |       9292 |       8680 |      10109 |      10019 |       9780 |       9995 |      10167 |       9299 |       8822 |       9749 |       9865
    miss rate                        |     24.52% |     24.59% |     25.40% |     22.80% |     25.17% |     23.32% |     21.78% |     25.37% |     25.14% |     24.54% |     25.08% |     25.52% |     23.34% |     22.14% |     24.47% |     24.76%
    mpki                             |       0.24 |       0.25 |       0.25 |       0.23 |       0.25 |       0.23 |       0.22 |       0.25 |       0.25 |       0.25 |       0.25 |       0.25 |       0.23 |       0.22 |       0.24 |       0.25
  Cache L2                           |            |            |            |            |            |            |            |            |            |            |            |            |            |            |            |           
    num cache accesses               |     685027 |     680634 |     675153 |     669027 |     667948 |     665180 |     663024 |     665316 |     665365 |     665341 |     666016 |     666367 |     664932 |     663463 |     664621 |     664524
    num cache misses                 |     679842 |     676573 |     671990 |     666331 |     665230 |     662012 |     660429 |     662499 |     662576 |     662395 |     663309 |     663474 |     661874 |     660853 |     662186 |     661850
    miss rate                        |     99.24% |     99.40% |     99.53% |     99.60% |     99.59% |     99.52% |     99.61% |     99.58% |     99.58% |     99.56% |     99.59% |     99.57% |     99.54% |     99.61% |     99.63% |     99.60%
    mpki                             |      16.95 |      16.86 |      16.78 |      16.66 |      16.67 |      16.60 |      16.56 |      16.63 |      16.63 |      16.61 |      16.62 |      16.62 |      16.56 |      16.53 |      16.58 |      16.57
  Cache L3                           |            |            |            |            |            |            |            |            |            |            |            |            |            |            |            |           
    num cache accesses               |     679872 |     676604 |     672021 |     666362 |     665260 |     662044 |     660462 |     662528 |     662606 |     662424 |     663338 |     663501 |     661905 |     660884 |     662218 |     661881
    num cache misses                 |       2422 |       2489 |       2418 |       2420 |       2417 |       2418 |       2416 |       2422 |       2416 |       2422 |       2423 |       2418 |       2420 |       2418 |       2419 |       2418
    miss rate                        |      0.36% |      0.37% |      0.36% |      0.36% |      0.36% |      0.37% |      0.37% |      0.37% |      0.36% |      0.37% |      0.37% |      0.36% |      0.37% |      0.37% |      0.37% |      0.37%
    mpki                             |       0.06 |       0.06 |       0.06 |       0.06 |       0.06 |       0.06 |       0.06 |       0.06 |       0.06 |       0.06 |       0.06 |       0.06 |       0.06 |       0.06 |       0.06 |       0.06
DRAM summary                         |            |            |            |            |            |            |            |            |            |            |            |            |            |            |            |           
  num dram accesses                  |      38792 |          0 |          0 |          0 |          0 |          0 |          0 |          0 |          0 |          0 |          0 |          0 |          0 |          0 |          0 |          0
  average dram access latency (ns)   |     104.42 |        inf |        inf |        inf |        inf |        inf |        inf |        inf |        inf |        inf |        inf |        inf |        inf |        inf |        inf |        inf
  average dram queueing delay        |      51.00 |       0.00 |       0.00 |       0.00 |       0.00 |       0.00 |       0.00 |       0.00 |       0.00 |       0.00 |       0.00 |       0.00 |       0.00 |       0.00 |       0.00 |       0.00
  average dram bandwidth utilization |      0.00% |      0.00% |      0.00% |      0.00% |      0.00% |      0.00% |      0.00% |      0.00% |      0.00% |      0.00% |      0.00% |      0.00% |      0.00% |      0.00% |      0.00% |      0.00%
Coherency Traffic                    |            |            |            |            |            |            |            |            |            |            |            |            |            |            |            |           
  num loads from dram                |       1179 |       1170 |       1175 |       1166 |       1170 |       1165 |       1160 |       1176 |       1175 |       1176 |       1172 |       1173 |       1165 |       1167 |       1169 |       1178
  num loads from dram cache          |          0 |          0 |          0 |          0 |          0 |          0 |          0 |          0 |          0 |          0 |          0 |          0 |          0 |          0 |          0 |          0
  num loads from remote cache        |          0 |          0 |          0 |          0 |          0 |          0 |          0 |          0 |          0 |          0 |          0 |          0 |          0 |          0 |          0 |          0
