                                     | Core 0     | Core 1     | Core 2     | Core 3     | Core 4     | Core 5     | Core 6     | Core 7     | Core 8     | Core 9     | Core 10    | Core 11   
  Instructions                       |   40088681 |   40121674 |   39973683 |   39873802 |   39703195 |   39584658 |   39498969 |   39461793 |   39464491 |   39475941 |   39439493 |   39409127
  Cycles                             |  159168548 |  159168548 |  159168548 |  159168548 |  159168548 |  159168548 |  159168548 |  159168548 |  159168548 |  159168548 |  159168548 |  159168548
  IPC                                |       0.25 |       0.25 |       0.25 |       0.25 |       0.25 |       0.25 |       0.25 |       0.25 |       0.25 |       0.25 |       0.25 |       0.25
  Time (ns)                          |   59837800 |   59837800 |   59837800 |   59837800 |   59837800 |   59837800 |   59837800 |   59837800 |   59837800 |   59837800 |   59837800 |   59837800
  Idle time (ns)                     |        -72 |        -72 |         97 |         58 |         14 |         75 |         58 |         42 |         26 |         -1 |         41 |         12
  Idle time (%)                      |      -0.0% |      -0.0% |       0.0% |       0.0% |       0.0% |       0.0% |       0.0% |       0.0% |       0.0% |      -0.0% |       0.0% |       0.0%
Branch predictor stats               |            |            |            |            |            |            |            |            |            |            |            |           
  num correct                        |   10013899 |   10022006 |    9985149 |    9960178 |    9917527 |    9887893 |    9866471 |    9857177 |    9857851 |    9860714 |    9851603 |    9844011
  num incorrect                      |       1442 |       1519 |       1442 |       1442 |       1442 |       1442 |       1442 |       1442 |       1442 |       1442 |       1442 |       1442
  misprediction rate                 |      0.01% |      0.02% |      0.01% |      0.01% |      0.01% |      0.01% |      0.01% |      0.01% |      0.01% |      0.01% |      0.01% |      0.01%
  mpki                               |       0.04 |       0.04 |       0.04 |       0.04 |       0.04 |       0.04 |       0.04 |       0.04 |       0.04 |       0.04 |       0.04 |       0.04
TLB Summary                          |            |            |            |            |            |            |            |            |            |            |            |           
  I-TLB                              |            |            |            |            |            |            |            |            |            |            |            |           
    num accesses                     |   19999146 |   20015334 |   19941645 |   19891703 |   19806401 |   19747132 |   19704289 |   19685700 |   19687049 |   19692775 |   19674552 |   19659369
    num misses                       |         48 |         52 |         48 |         48 |         48 |         48 |         48 |         48 |         48 |         48 |         48 |         48
    miss rate                        |      0.00% |      0.00% |      0.00% |      0.00% |      0.00% |      0.00% |      0.00% |      0.00% |      0.00% |      0.00% |      0.00% |      0.00%
    mpki                             |       0.00 |       0.00 |       0.00 |       0.00 |       0.00 |       0.00 |       0.00 |       0.00 |       0.00 |       0.00 |       0.00 |       0.00
  D-TLB                              |            |            |            |            |            |            |            |            |            |            |            |           
    num accesses                     |      39847 |      40210 |      39847 |      39847 |      39847 |      39847 |      39847 |      39847 |      39847 |      39847 |      39847 |      39847
    num misses                       |         73 |         74 |         73 |         73 |         73 |         73 |         73 |         73 |         73 |         73 |         73 |         73
    miss rate                        |      0.18% |      0.18% |      0.18% |      0.18% |      0.18% |      0.18% |      0.18% |      0.18% |      0.18% |      0.18% |      0.18% |      0.18%
    mpki                             |       0.00 |       0.00 |       0.00 |       0.00 |       0.00 |       0.00 |       0.00 |       0.00 |       0.00 |       0.00 |       0.00 |       0.00
  L2 TLB                             |            |            |            |            |            |            |            |            |            |            |            |           
    num accesses                     |        121 |        126 |        121 |        121 |        121 |        121 |        121 |        121 |        121 |        121 |        121 |        121
    num misses                       |        117 |        122 |        117 |        117 |        117 |        117 |        117 |        117 |        117 |        117 |        117 |        117
    miss rate                        |     96.69% |     96.83% |     96.69% |     96.69% |     96.69% |     96.69% |     96.69% |     96.69% |     96.69% |     96.69% |     96.69% |     96.69%
    mpki                             |       0.00 |       0.00 |       0.00 |       0.00 |       0.00 |       0.00 |       0.00 |       0.00 |       0.00 |       0.00 |       0.00 |       0.00
Cache Summary                        |            |            |            |            |            |            |            |            |            |            |            |           
  Cache L1-I                         |            |            |            |            |            |            |            |            |            |            |            |           
    num cache accesses               |   19999146 |   20015334 |   19941645 |   19891703 |   19806401 |   19747132 |   19704289 |   19685700 |   19687049 |   19692775 |   19674552 |   19659369
    num cache misses                 |     677809 |     671469 |     666296 |     658587 |     655205 |     651338 |     648810 |     647489 |     646971 |     646269 |     645930 |     644867
    miss rate                        |      3.39% |      3.35% |      3.34% |      3.31% |      3.31% |      3.30% |      3.29% |      3.29% |      3.29% |      3.28% |      3.28% |      3.28%
    mpki                             |      16.91 |      16.74 |      16.67 |      16.52 |      16.50 |      16.45 |      16.43 |      16.41 |      16.39 |      16.37 |      16.38 |      16.36
  Cache L1-D                         |            |            |            |            |            |            |            |            |            |            |            |           
    num cache accesses               |      39847 |      40210 |      39847 |      39847 |      39847 |      39847 |      39847 |      39847 |      39847 |      39847 |      39847 |      39847
    num cache misses                 |       8716 |       7428 |       8709 |       7351 |       8777 |       8757 |       8744 |       8720 |       8582 |       8333 |       8485 |       8525
    miss rate                        |     21.87% |     18.47% |     21.86% |     18.45% |     22.03% |     21.98% |     21.94% |     21.88% |     21.54% |     20.91% |     21.29% |     21.39%
    mpki                             |       0.22 |       0.19 |       0.22 |       0.18 |       0.22 |       0.22 |       0.22 |       0.22 |       0.22 |       0.21 |       0.22 |       0.22
  Cache L2                           |            |            |            |            |            |            |            |            |            |            |            |           
    num cache accesses               |     686555 |     678931 |     675037 |     665971 |     664012 |     660125 |     657583 |     656239 |     655582 |     654632 |     654445 |     653422
    num cache misses                 |     670174 |     668483 |     668154 |     662386 |     660620 |     657160 |     654753 |     653612 |     652558 |     652084 |     651823 |     650935
    miss rate                        |     97.61% |     98.46% |     98.98% |     99.46% |     99.49% |     99.55% |     99.57% |     99.60% |     99.54% |     99.61% |     99.60% |     99.62%
    mpki                             |      16.72 |      16.66 |      16.71 |      16.61 |      16.64 |      16.60 |      16.58 |      16.56 |      16.54 |      16.52 |      16.53 |      16.52
  Cache L3                           |            |            |            |            |            |            |            |            |            |            |            |           
    num cache accesses               |     670205 |     668518 |     668186 |     662419 |     660650 |     657190 |     654783 |     653642 |     652588 |     652118 |     651854 |     650965
    num cache misses                 |       2415 |       2490 |       2416 |       2415 |       2415 |       2415 |       2415 |       2415 |       2416 |       2415 |       2416 |       2416
    miss rate                        |      0.36% |      0.37% |      0.36% |      0.36% |      0.37% |      0.37% |      0.37% |      0.37% |      0.37% |      0.37% |      0.37% |      0.37%
    mpki                             |       0.06 |       0.06 |       0.06 |       0.06 |       0.06 |       0.06 |       0.06 |       0.06 |       0.06 |       0.06 |       0.06 |       0.06
DRAM summary                         |            |            |            |            |            |            |            |            |            |            |            |           
  num dram accesses                  |      29064 |          0 |          0 |          0 |          0 |          0 |          0 |          0 |          0 |          0 |          0 |          0
  average dram access latency (ns)   |      93.76 |        inf |        inf |        inf |        inf |        inf |        inf |        inf |        inf |        inf |        inf |        inf
  average dram queueing delay        |      40.33 |       0.00 |       0.00 |       0.00 |       0.00 |       0.00 |       0.00 |       0.00 |       0.00 |       0.00 |       0.00 |       0.00
  average dram bandwidth utilization |      0.00% |      0.00% |      0.00% |      0.00% |      0.00% |      0.00% |      0.00% |      0.00% |      0.00% |      0.00% |      0.00% |      0.00%
Coherency Traffic                    |            |            |            |            |            |            |            |            |            |            |            |           
  num loads from dram                |       1164 |       1163 |       1169 |       1158 |       1163 |       1166 |       1170 |       1172 |       1163 |       1165 |       1165 |       1170
  num loads from dram cache          |          0 |          0 |          0 |          0 |          0 |          0 |          0 |          0 |          0 |          0 |          0 |          0
  num loads from remote cache        |          0 |          0 |          0 |          0 |          0 |          0 |          0 |          0 |          0 |          0 |          0 |          0
